[ 2017-12-07T14:54:03+08:00 ] 140.207.54.76 /index.php/Home/Weixin/index?signature=6b1ba31435c87a1df7fe2945fed2b155a198a707&echostr=3268864063814886811&timestamp=1512629643&nonce=1252101
INFO: [ app_init ] --START--
INFO: Run Behavior\BuildLiteBehavior [ RunTime:0.000000s ]
INFO: [ app_init ] --END-- [ RunTime:0.000000s ]
INFO: [ app_begin ] --START--
INFO: Run Behavior\ReadHtmlCacheBehavior [ RunTime:0.000000s ]
INFO: [ app_begin ] --END-- [ RunTime:0.000000s ]

[ 2017-12-07T14:54:45+08:00 ] 140.207.54.80 /index.php/Home/Weixin/index?signature=a44f4c3f52df159c46f6d6d5a066c99cbe4b26ce&timestamp=1512629685&nonce=525917029&openid=oAheh0-0pZ0CeC1_t1cH_j-NIF9E
INFO: [ app_init ] --START--
INFO: Run Behavior\BuildLiteBehavior [ RunTime:0.000000s ]
INFO: [ app_init ] --END-- [ RunTime:0.000000s ]
INFO: [ app_begin ] --START--
INFO: Run Behavior\ReadHtmlCacheBehavior [ RunTime:0.000000s ]
INFO: [ app_begin ] --END-- [ RunTime:0.000000s ]
NOTIC: [2] session_start(): Cannot send session cookie - headers already sent C:\code\mtp\ThinkPHP\Common\functions.php 第 1263 行.
NOTIC: [2] session_start(): Cannot send session cache limiter - headers already sent C:\code\mtp\ThinkPHP\Common\functions.php 第 1263 行.
INFO: [ app_end ] --START--
INFO: Run Behavior\ShowPageTraceBehavior [ RunTime:0.000000s ]
INFO: [ app_end ] --END-- [ RunTime:0.000000s ]

[ 2017-12-07T14:58:10+08:00 ] 140.207.54.79 /index.php/Home/Weixin/index?signature=f261c03cb76329130b770e0b0911949bed3cc63f&timestamp=1512629890&nonce=657263779&openid=oAheh0-0pZ0CeC1_t1cH_j-NIF9E
INFO: [ app_init ] --START--
INFO: Run Behavior\BuildLiteBehavior [ RunTime:0.000000s ]
INFO: [ app_init ] --END-- [ RunTime:0.000000s ]
INFO: [ app_begin ] --START--
INFO: Run Behavior\ReadHtmlCacheBehavior [ RunTime:0.000000s ]
INFO: [ app_begin ] --END-- [ RunTime:0.000000s ]
NOTIC: [2] session_start(): Cannot send session cookie - headers already sent C:\code\mtp\ThinkPHP\Common\functions.php 第 1263 行.
NOTIC: [2] session_start(): Cannot send session cache limiter - headers already sent C:\code\mtp\ThinkPHP\Common\functions.php 第 1263 行.
NOTIC: [8] Undefined variable: contentStr C:\code\mtp\Application\Home\Controller\WeixinController.class.php 第 134 行.
INFO: [ app_end ] --START--
INFO: Run Behavior\ShowPageTraceBehavior [ RunTime:0.000000s ]
INFO: [ app_end ] --END-- [ RunTime:0.000000s ]

[ 2017-12-07T16:38:03+08:00 ] 140.207.54.79 /index.php/Home/Weixin/index?signature=45a8b03634503d371c1735189a0a94ba4f0b41e0&timestamp=1512635883&nonce=154937099&openid=oAheh0-0pZ0CeC1_t1cH_j-NIF9E
INFO: [ app_init ] --START--
INFO: Run Behavior\BuildLiteBehavior [ RunTime:0.000000s ]
INFO: [ app_init ] --END-- [ RunTime:0.000000s ]
INFO: [ app_begin ] --START--
INFO: Run Behavior\ReadHtmlCacheBehavior [ RunTime:0.000000s ]
INFO: [ app_begin ] --END-- [ RunTime:0.000000s ]
NOTIC: [2] session_start(): Cannot send session cookie - headers already sent C:\code\mtp\ThinkPHP\Common\functions.php 第 1263 行.
NOTIC: [2] session_start(): Cannot send session cache limiter - headers already sent C:\code\mtp\ThinkPHP\Common\functions.php 第 1263 行.
INFO: [ app_end ] --START--
INFO: Run Behavior\ShowPageTraceBehavior [ RunTime:0.000000s ]
INFO: [ app_end ] --END-- [ RunTime:0.000000s ]

[ 2017-12-07T16:39:32+08:00 ] 140.207.54.80 /index.php/Home/Weixin/index?signature=34dfa9347e7f4059f4d5816512bcba9024ee8f09&timestamp=1512635972&nonce=1018386696&openid=ownZs0YBx2pGpJR_a26DeMdWLsZM
INFO: [ app_init ] --START--
INFO: Run Behavior\BuildLiteBehavior [ RunTime:0.000000s ]
INFO: [ app_init ] --END-- [ RunTime:0.000000s ]
INFO: [ app_begin ] --START--
INFO: Run Behavior\ReadHtmlCacheBehavior [ RunTime:0.000000s ]
INFO: [ app_begin ] --END-- [ RunTime:0.000000s ]
NOTIC: [2] session_start(): Cannot send session cookie - headers already sent C:\code\mtp\ThinkPHP\Common\functions.php 第 1263 行.
NOTIC: [2] session_start(): Cannot send session cache limiter - headers already sent C:\code\mtp\ThinkPHP\Common\functions.php 第 1263 行.
INFO: [ app_end ] --START--
INFO: Run Behavior\ShowPageTraceBehavior [ RunTime:0.000000s ]
INFO: [ app_end ] --END-- [ RunTime:0.000000s ]

[ 2017-12-07T16:42:30+08:00 ] 140.207.54.79 /index.php/Home/Weixin/index?signature=ff247ee1e8bc79e508556c43db7410d63b6cd5e3&timestamp=1512636150&nonce=483976899&openid=ownZs0YBx2pGpJR_a26DeMdWLsZM
INFO: [ app_init ] --START--
INFO: Run Behavior\BuildLiteBehavior [ RunTime:0.000000s ]
INFO: [ app_init ] --END-- [ RunTime:0.000000s ]
INFO: [ app_begin ] --START--
INFO: Run Behavior\ReadHtmlCacheBehavior [ RunTime:0.000000s ]
INFO: [ app_begin ] --END-- [ RunTime:0.000000s ]
NOTIC: [2] session_start(): Cannot send session cookie - headers already sent C:\code\mtp\ThinkPHP\Common\functions.php 第 1263 行.
NOTIC: [2] session_start(): Cannot send session cache limiter - headers already sent C:\code\mtp\ThinkPHP\Common\functions.php 第 1263 行.
INFO: [ app_end ] --START--
INFO: Run Behavior\ShowPageTraceBehavior [ RunTime:0.000000s ]
INFO: [ app_end ] --END-- [ RunTime:0.000000s ]

[ 2017-12-07T16:44:43+08:00 ] 140.207.54.79 /index.php/Home/Weixin/index?signature=9b468b4a1ee92b39f11457a3e5aebd23caa7f4c8&timestamp=1512636283&nonce=1881409131&openid=ownZs0YBx2pGpJR_a26DeMdWLsZM
INFO: [ app_init ] --START--
INFO: Run Behavior\BuildLiteBehavior [ RunTime:0.000000s ]
INFO: [ app_init ] --END-- [ RunTime:0.000000s ]
INFO: [ app_begin ] --START--
INFO: Run Behavior\ReadHtmlCacheBehavior [ RunTime:0.015625s ]
INFO: [ app_begin ] --END-- [ RunTime:0.015625s ]
NOTIC: [2] session_start(): Cannot send session cookie - headers already sent C:\code\mtp\ThinkPHP\Common\functions.php 第 1263 行.
NOTIC: [2] session_start(): Cannot send session cache limiter - headers already sent C:\code\mtp\ThinkPHP\Common\functions.php 第 1263 行.
INFO: [ app_end ] --START--
INFO: Run Behavior\ShowPageTraceBehavior [ RunTime:0.000000s ]
INFO: [ app_end ] --END-- [ RunTime:0.000000s ]

[ 2017-12-07T16:47:14+08:00 ] 140.207.54.80 /index.php/Home/Weixin/index?signature=aa46cec1e053c82b1ae22349d8e001168fc24b7f&timestamp=1512636434&nonce=1698644912&openid=ownZs0YBx2pGpJR_a26DeMdWLsZM
INFO: [ app_init ] --START--
INFO: Run Behavior\BuildLiteBehavior [ RunTime:0.000000s ]
INFO: [ app_init ] --END-- [ RunTime:0.000000s ]
INFO: [ app_begin ] --START--
INFO: Run Behavior\ReadHtmlCacheBehavior [ RunTime:0.000000s ]
INFO: [ app_begin ] --END-- [ RunTime:0.000000s ]
NOTIC: [2] session_start(): Cannot send session cookie - headers already sent C:\code\mtp\ThinkPHP\Common\functions.php 第 1263 行.
NOTIC: [2] session_start(): Cannot send session cache limiter - headers already sent C:\code\mtp\ThinkPHP\Common\functions.php 第 1263 行.
INFO: [ app_end ] --START--
INFO: Run Behavior\ShowPageTraceBehavior [ RunTime:0.000000s ]
INFO: [ app_end ] --END-- [ RunTime:0.000000s ]

[ 2017-12-07T16:55:53+08:00 ] 140.207.54.80 /index.php/Home/Weixin/index?signature=94347c2b157609afdd454a79dfe178924ff6437a&timestamp=1512636953&nonce=688937524&openid=ownZs0YBx2pGpJR_a26DeMdWLsZM
INFO: [ app_init ] --START--
INFO: Run Behavior\BuildLiteBehavior [ RunTime:0.000000s ]
INFO: [ app_init ] --END-- [ RunTime:0.000000s ]
INFO: [ app_begin ] --START--
INFO: Run Behavior\ReadHtmlCacheBehavior [ RunTime:0.000000s ]
INFO: [ app_begin ] --END-- [ RunTime:0.000000s ]
NOTIC: [2] session_start(): Cannot send session cookie - headers already sent C:\code\mtp\ThinkPHP\Common\functions.php 第 1263 行.
NOTIC: [2] session_start(): Cannot send session cache limiter - headers already sent C:\code\mtp\ThinkPHP\Common\functions.php 第 1263 行.

[ 2017-12-07T16:58:12+08:00 ] 140.207.54.80 /index.php/Home/Weixin/index?signature=af7f9b4504ed1e215e38763c2c8e50f2e15cac05&timestamp=1512637092&nonce=1649274459&openid=ownZs0YBx2pGpJR_a26DeMdWLsZM
INFO: [ app_init ] --START--
INFO: Run Behavior\BuildLiteBehavior [ RunTime:0.000000s ]
INFO: [ app_init ] --END-- [ RunTime:0.000000s ]
INFO: [ app_begin ] --START--
INFO: Run Behavior\ReadHtmlCacheBehavior [ RunTime:0.000000s ]
INFO: [ app_begin ] --END-- [ RunTime:0.000000s ]
NOTIC: [2] session_start(): Cannot send session cookie - headers already sent C:\code\mtp\ThinkPHP\Common\functions.php 第 1263 行.
NOTIC: [2] session_start(): Cannot send session cache limiter - headers already sent C:\code\mtp\ThinkPHP\Common\functions.php 第 1263 行.

[ 2017-12-07T17:01:31+08:00 ] 140.207.54.79 /index.php/Home/Weixin/index?signature=f0760a5191d877bd3857c77df698e81a0cab1275&timestamp=1512637291&nonce=1891763882&openid=ownZs0YBx2pGpJR_a26DeMdWLsZM
INFO: [ app_init ] --START--
INFO: Run Behavior\BuildLiteBehavior [ RunTime:0.000000s ]
INFO: [ app_init ] --END-- [ RunTime:0.000000s ]
INFO: [ app_begin ] --START--
INFO: Run Behavior\ReadHtmlCacheBehavior [ RunTime:0.015625s ]
INFO: [ app_begin ] --END-- [ RunTime:0.015625s ]
NOTIC: [2] session_start(): Cannot send session cookie - headers already sent C:\code\mtp\ThinkPHP\Common\functions.php 第 1263 行.
NOTIC: [2] session_start(): Cannot send session cache limiter - headers already sent C:\code\mtp\ThinkPHP\Common\functions.php 第 1263 行.

[ 2017-12-07T17:07:36+08:00 ] 140.207.54.79 /index.php/Home/Weixin/index?signature=deca11cdd0e4559187f2ec5e594b611386a7138f&timestamp=1512637656&nonce=2035358923&openid=ownZs0YBx2pGpJR_a26DeMdWLsZM
INFO: [ app_init ] --START--
INFO: Run Behavior\BuildLiteBehavior [ RunTime:0.000000s ]
INFO: [ app_init ] --END-- [ RunTime:0.000000s ]
INFO: [ app_begin ] --START--
INFO: Run Behavior\ReadHtmlCacheBehavior [ RunTime:0.000000s ]
INFO: [ app_begin ] --END-- [ RunTime:0.000000s ]
NOTIC: [2] session_start(): Cannot send session cookie - headers already sent C:\code\mtp\ThinkPHP\Common\functions.php 第 1263 行.
NOTIC: [2] session_start(): Cannot send session cache limiter - headers already sent C:\code\mtp\ThinkPHP\Common\functions.php 第 1263 行.

[ 2017-12-07T17:08:07+08:00 ] 140.207.54.80 /index.php/Home/Weixin/index?signature=e8ddd665c1aaa01863670ac3f963e8445afd3121&timestamp=1512637687&nonce=634777364&openid=ownZs0YBx2pGpJR_a26DeMdWLsZM
INFO: [ app_init ] --START--
INFO: Run Behavior\BuildLiteBehavior [ RunTime:0.000000s ]
INFO: [ app_init ] --END-- [ RunTime:0.000000s ]
INFO: [ app_begin ] --START--
INFO: Run Behavior\ReadHtmlCacheBehavior [ RunTime:0.000000s ]
INFO: [ app_begin ] --END-- [ RunTime:0.000000s ]
NOTIC: [2] session_start(): Cannot send session cookie - headers already sent C:\code\mtp\ThinkPHP\Common\functions.php 第 1263 行.
NOTIC: [2] session_start(): Cannot send session cache limiter - headers already sent C:\code\mtp\ThinkPHP\Common\functions.php 第 1263 行.
INFO: [ app_end ] --START--
INFO: Run Behavior\ShowPageTraceBehavior [ RunTime:0.000000s ]
INFO: [ app_end ] --END-- [ RunTime:0.000000s ]

[ 2017-12-07T17:08:18+08:00 ] 140.207.54.79 /index.php/Home/Weixin/index?signature=dec9a7c6633ffadcb0e8892efce2c39c89f6bfb3&timestamp=1512637698&nonce=385113205&openid=ownZs0YBx2pGpJR_a26DeMdWLsZM
INFO: [ app_init ] --START--
INFO: Run Behavior\BuildLiteBehavior [ RunTime:0.000000s ]
INFO: [ app_init ] --END-- [ RunTime:0.000000s ]
INFO: [ app_begin ] --START--
INFO: Run Behavior\ReadHtmlCacheBehavior [ RunTime:0.000000s ]
INFO: [ app_begin ] --END-- [ RunTime:0.000000s ]
NOTIC: [2] session_start(): Cannot send session cookie - headers already sent C:\code\mtp\ThinkPHP\Common\functions.php 第 1263 行.
NOTIC: [2] session_start(): Cannot send session cache limiter - headers already sent C:\code\mtp\ThinkPHP\Common\functions.php 第 1263 行.

[ 2017-12-07T17:08:23+08:00 ] 140.207.54.80 /index.php/Home/Weixin/index?signature=9cf489276e3c544d3095eb160b8095ed09b925c0&timestamp=1512637703&nonce=58343869&openid=ownZs0YBx2pGpJR_a26DeMdWLsZM
INFO: [ app_init ] --START--
INFO: Run Behavior\BuildLiteBehavior [ RunTime:0.000000s ]
INFO: [ app_init ] --END-- [ RunTime:0.000000s ]
INFO: [ app_begin ] --START--
INFO: Run Behavior\ReadHtmlCacheBehavior [ RunTime:0.000000s ]
INFO: [ app_begin ] --END-- [ RunTime:0.000000s ]
NOTIC: [2] session_start(): Cannot send session cookie - headers already sent C:\code\mtp\ThinkPHP\Common\functions.php 第 1263 行.
NOTIC: [2] session_start(): Cannot send session cache limiter - headers already sent C:\code\mtp\ThinkPHP\Common\functions.php 第 1263 行.

[ 2017-12-07T17:09:24+08:00 ] 140.207.54.80 /index.php/Home/Weixin/index?signature=3ae19ee761b96e03412973815fdff221a8759b56&timestamp=1512637764&nonce=883475193&openid=ownZs0YBx2pGpJR_a26DeMdWLsZM
INFO: [ app_init ] --START--
INFO: Run Behavior\BuildLiteBehavior [ RunTime:0.000000s ]
INFO: [ app_init ] --END-- [ RunTime:0.000000s ]
INFO: [ app_begin ] --START--
INFO: Run Behavior\ReadHtmlCacheBehavior [ RunTime:0.000000s ]
INFO: [ app_begin ] --END-- [ RunTime:0.000000s ]
NOTIC: [2] session_start(): Cannot send session cookie - headers already sent C:\code\mtp\ThinkPHP\Common\functions.php 第 1263 行.
NOTIC: [2] session_start(): Cannot send session cache limiter - headers already sent C:\code\mtp\ThinkPHP\Common\functions.php 第 1263 行.

[ 2017-12-07T17:36:57+08:00 ] 140.207.54.80 /index.php/Home/Weixin/index?signature=02b4ec91abb7ef500ca920283a4e26df9684c065&timestamp=1512639417&nonce=32152931&openid=ownZs0YBx2pGpJR_a26DeMdWLsZM
INFO: [ app_init ] --START--
INFO: Run Behavior\BuildLiteBehavior [ RunTime:0.000000s ]
INFO: [ app_init ] --END-- [ RunTime:0.000000s ]
INFO: [ app_begin ] --START--
INFO: Run Behavior\ReadHtmlCacheBehavior [ RunTime:0.000000s ]
INFO: [ app_begin ] --END-- [ RunTime:0.000000s ]
NOTIC: [2] session_start(): Cannot send session cookie - headers already sent C:\code\mtp\ThinkPHP\Common\functions.php 第 1263 行.
NOTIC: [2] session_start(): Cannot send session cache limiter - headers already sent C:\code\mtp\ThinkPHP\Common\functions.php 第 1263 行.
INFO: [ app_end ] --START--
INFO: Run Behavior\ShowPageTraceBehavior [ RunTime:0.015625s ]
INFO: [ app_end ] --END-- [ RunTime:0.015625s ]

[ 2017-12-07T17:37:02+08:00 ] 140.207.54.80 /index.php/Home/Weixin/index?signature=2993fbf96ff84bb41d114880b8fcdbd5cd928c29&timestamp=1512639422&nonce=561342604&openid=ownZs0YBx2pGpJR_a26DeMdWLsZM
INFO: [ app_init ] --START--
INFO: Run Behavior\BuildLiteBehavior [ RunTime:0.000000s ]
INFO: [ app_init ] --END-- [ RunTime:0.000000s ]
INFO: [ app_begin ] --START--
INFO: Run Behavior\ReadHtmlCacheBehavior [ RunTime:0.015625s ]
INFO: [ app_begin ] --END-- [ RunTime:0.015625s ]
NOTIC: [2] session_start(): Cannot send session cookie - headers already sent C:\code\mtp\ThinkPHP\Common\functions.php 第 1263 行.
NOTIC: [2] session_start(): Cannot send session cache limiter - headers already sent C:\code\mtp\ThinkPHP\Common\functions.php 第 1263 行.

[ 2017-12-07T17:38:49+08:00 ] 140.207.54.80 /index.php/Home/Weixin/index?signature=39ae738cc1fe2c2aaaf4803a713a9d84b08946a2&timestamp=1512639529&nonce=1861469452&openid=ownZs0YBx2pGpJR_a26DeMdWLsZM
INFO: [ app_init ] --START--
INFO: Run Behavior\BuildLiteBehavior [ RunTime:0.000000s ]
INFO: [ app_init ] --END-- [ RunTime:0.000000s ]
INFO: [ app_begin ] --START--
INFO: Run Behavior\ReadHtmlCacheBehavior [ RunTime:0.015625s ]
INFO: [ app_begin ] --END-- [ RunTime:0.015625s ]
NOTIC: [2] session_start(): Cannot send session cookie - headers already sent C:\code\mtp\ThinkPHP\Common\functions.php 第 1263 行.
NOTIC: [2] session_start(): Cannot send session cache limiter - headers already sent C:\code\mtp\ThinkPHP\Common\functions.php 第 1263 行.

[ 2017-12-07T17:41:12+08:00 ] 125.41.181.3 /
INFO: [ app_init ] --START--
INFO: Run Behavior\BuildLiteBehavior [ RunTime:0.000000s ]
INFO: [ app_init ] --END-- [ RunTime:0.000000s ]
INFO: [ app_begin ] --START--
INFO: Run Behavior\ReadHtmlCacheBehavior [ RunTime:0.000000s ]
INFO: [ app_begin ] --END-- [ RunTime:0.000000s ]
SQL: SHOW COLUMNS FROM `iphone_goods_info` [ RunTime:0.0000s ]
SQL: select * from iphone_goods_info [ RunTime:0.0000s ]
SQL: select * from iphone_goods_info order by sellnum desc limit 0,4 [ RunTime:0.0000s ]
INFO: [ view_parse ] --START--
INFO: [ template_filter ] --START--
INFO: Run Behavior\ContentReplaceBehavior [ RunTime:0.000000s ]
INFO: [ template_filter ] --END-- [ RunTime:0.000000s ]
NOTIC: [8] Use of undefined constant id - assumed 'id' C:\code\mtp\Application\Runtime\Cache\Home\2a94b8bda04ff446dcedd42276fc99ee.php 第 646 行.
NOTIC: [8] Use of undefined constant id - assumed 'id' C:\code\mtp\Application\Runtime\Cache\Home\2a94b8bda04ff446dcedd42276fc99ee.php 第 646 行.
NOTIC: [8] Use of undefined constant id - assumed 'id' C:\code\mtp\Application\Runtime\Cache\Home\2a94b8bda04ff446dcedd42276fc99ee.php 第 646 行.
NOTIC: [8] Use of undefined constant id - assumed 'id' C:\code\mtp\Application\Runtime\Cache\Home\2a94b8bda04ff446dcedd42276fc99ee.php 第 646 行.
INFO: Run Behavior\ParseTemplateBehavior [ RunTime:0.015625s ]
INFO: [ view_parse ] --END-- [ RunTime:0.015625s ]
INFO: [ view_filter ] --START--
INFO: Run Behavior\WriteHtmlCacheBehavior [ RunTime:0.000000s ]
INFO: [ view_filter ] --END-- [ RunTime:0.000000s ]
INFO: [ app_end ] --START--
INFO: Run Behavior\ShowPageTraceBehavior [ RunTime:0.015625s ]
INFO: [ app_end ] --END-- [ RunTime:0.015625s ]

[ 2017-12-07T17:42:53+08:00 ] 140.207.54.80 /index.php/Home/Weixin/index?signature=9965dc89ed3081b9e2bb61b1c8d26b61bb4560cb&timestamp=1512639773&nonce=551205644&openid=ownZs0YBx2pGpJR_a26DeMdWLsZM
INFO: [ app_init ] --START--
INFO: Run Behavior\BuildLiteBehavior [ RunTime:0.000000s ]
INFO: [ app_init ] --END-- [ RunTime:0.000000s ]
INFO: [ app_begin ] --START--
INFO: Run Behavior\ReadHtmlCacheBehavior [ RunTime:0.000000s ]
INFO: [ app_begin ] --END-- [ RunTime:0.000000s ]
NOTIC: [2] session_start(): Cannot send session cookie - headers already sent C:\code\mtp\ThinkPHP\Common\functions.php 第 1263 行.
NOTIC: [2] session_start(): Cannot send session cache limiter - headers already sent C:\code\mtp\ThinkPHP\Common\functions.php 第 1263 行.

[ 2017-12-07T17:43:11+08:00 ] 140.207.54.79 /index.php/Home/Weixin/index?signature=4fe02aecf7c486f50eef83b16a025608975337da&timestamp=1512639791&nonce=1275976796&openid=ownZs0YBx2pGpJR_a26DeMdWLsZM
INFO: [ app_init ] --START--
INFO: Run Behavior\BuildLiteBehavior [ RunTime:0.000000s ]
INFO: [ app_init ] --END-- [ RunTime:0.000000s ]
INFO: [ app_begin ] --START--
INFO: Run Behavior\ReadHtmlCacheBehavior [ RunTime:0.000000s ]
INFO: [ app_begin ] --END-- [ RunTime:0.000000s ]
NOTIC: [2] session_start(): Cannot send session cookie - headers already sent C:\code\mtp\ThinkPHP\Common\functions.php 第 1263 行.
NOTIC: [2] session_start(): Cannot send session cache limiter - headers already sent C:\code\mtp\ThinkPHP\Common\functions.php 第 1263 行.

[ 2017-12-07T17:43:29+08:00 ] 140.207.54.79 /index.php/Home/Weixin/index?signature=4e22aa8edb8f1f3ea08cdc0641baf8e683f31b9e&timestamp=1512639809&nonce=718152455&openid=ownZs0YBx2pGpJR_a26DeMdWLsZM
INFO: [ app_init ] --START--
INFO: Run Behavior\BuildLiteBehavior [ RunTime:0.000000s ]
INFO: [ app_init ] --END-- [ RunTime:0.000000s ]
INFO: [ app_begin ] --START--
INFO: Run Behavior\ReadHtmlCacheBehavior [ RunTime:0.000000s ]
INFO: [ app_begin ] --END-- [ RunTime:0.000000s ]
NOTIC: [2] session_start(): Cannot send session cookie - headers already sent C:\code\mtp\ThinkPHP\Common\functions.php 第 1263 行.
NOTIC: [2] session_start(): Cannot send session cache limiter - headers already sent C:\code\mtp\ThinkPHP\Common\functions.php 第 1263 行.
INFO: [ app_end ] --START--
INFO: Run Behavior\ShowPageTraceBehavior [ RunTime:0.000000s ]
INFO: [ app_end ] --END-- [ RunTime:0.000000s ]

[ 2017-12-07T17:43:36+08:00 ] 140.207.54.80 /index.php/Home/Weixin/index?signature=2a482291fc7c2b2a478ec1a61871d9f57e9ffe99&timestamp=1512639816&nonce=206349998&openid=ownZs0YBx2pGpJR_a26DeMdWLsZM
INFO: [ app_init ] --START--
INFO: Run Behavior\BuildLiteBehavior [ RunTime:0.000000s ]
INFO: [ app_init ] --END-- [ RunTime:0.000000s ]
INFO: [ app_begin ] --START--
INFO: Run Behavior\ReadHtmlCacheBehavior [ RunTime:0.000000s ]
INFO: [ app_begin ] --END-- [ RunTime:0.000000s ]
NOTIC: [2] session_start(): Cannot send session cookie - headers already sent C:\code\mtp\ThinkPHP\Common\functions.php 第 1263 行.
NOTIC: [2] session_start(): Cannot send session cache limiter - headers already sent C:\code\mtp\ThinkPHP\Common\functions.php 第 1263 行.

[ 2017-12-07T17:47:56+08:00 ] 140.207.54.80 /index.php/Home/Weixin/index?signature=46fcec48f1fe178589660603f27514e11897c9ba&timestamp=1512640075&nonce=1536489902&openid=ownZs0YBx2pGpJR_a26DeMdWLsZM
INFO: [ app_init ] --START--
INFO: Run Behavior\BuildLiteBehavior [ RunTime:0.000000s ]
INFO: [ app_init ] --END-- [ RunTime:0.000000s ]
INFO: [ app_begin ] --START--
INFO: Run Behavior\ReadHtmlCacheBehavior [ RunTime:0.000000s ]
INFO: [ app_begin ] --END-- [ RunTime:0.000000s ]
NOTIC: [2] session_start(): Cannot send session cookie - headers already sent C:\code\mtp\ThinkPHP\Common\functions.php 第 1263 行.
NOTIC: [2] session_start(): Cannot send session cache limiter - headers already sent C:\code\mtp\ThinkPHP\Common\functions.php 第 1263 行.
INFO: [ app_end ] --START--
INFO: Run Behavior\ShowPageTraceBehavior [ RunTime:0.000000s ]
INFO: [ app_end ] --END-- [ RunTime:0.000000s ]

[ 2017-12-07T17:48:44+08:00 ] 140.207.54.76 /index.php/Home/Weixin/index?signature=245fe9e307e5c6188a4d6aacb7ef22242752a063&timestamp=1512640124&nonce=587096060&openid=ownZs0QP8K4aMzeLKkLtaOfHL1u8
INFO: [ app_init ] --START--
INFO: Run Behavior\BuildLiteBehavior [ RunTime:0.000000s ]
INFO: [ app_init ] --END-- [ RunTime:0.000000s ]
INFO: [ app_begin ] --START--
INFO: Run Behavior\ReadHtmlCacheBehavior [ RunTime:0.000000s ]
INFO: [ app_begin ] --END-- [ RunTime:0.000000s ]
NOTIC: [2] session_start(): Cannot send session cookie - headers already sent C:\code\mtp\ThinkPHP\Common\functions.php 第 1263 行.
NOTIC: [2] session_start(): Cannot send session cache limiter - headers already sent C:\code\mtp\ThinkPHP\Common\functions.php 第 1263 行.
INFO: [ app_end ] --START--
INFO: Run Behavior\ShowPageTraceBehavior [ RunTime:0.000000s ]
INFO: [ app_end ] --END-- [ RunTime:0.000000s ]

[ 2017-12-07T17:48:54+08:00 ] 140.207.54.76 /index.php/Home/Weixin/index?signature=fcd2ee48ee63af2963a66594409a3071c8fcad9a&timestamp=1512640134&nonce=2132994109&openid=ownZs0QP8K4aMzeLKkLtaOfHL1u8
INFO: [ app_init ] --START--
INFO: Run Behavior\BuildLiteBehavior [ RunTime:0.000000s ]
INFO: [ app_init ] --END-- [ RunTime:0.000000s ]
INFO: [ app_begin ] --START--
INFO: Run Behavior\ReadHtmlCacheBehavior [ RunTime:0.000000s ]
INFO: [ app_begin ] --END-- [ RunTime:0.000000s ]
NOTIC: [2] session_start(): Cannot send session cookie - headers already sent C:\code\mtp\ThinkPHP\Common\functions.php 第 1263 行.
NOTIC: [2] session_start(): Cannot send session cache limiter - headers already sent C:\code\mtp\ThinkPHP\Common\functions.php 第 1263 行.
NOTIC: [8] Undefined property: stdClass::$ivalue C:\code\mtp\Application\Home\Controller\WeixinController.class.php 第 46 行.
INFO: [ app_end ] --START--
INFO: Run Behavior\ShowPageTraceBehavior [ RunTime:0.000000s ]
INFO: [ app_end ] --END-- [ RunTime:0.000000s ]

[ 2017-12-07T19:34:04+08:00 ] 140.207.54.79 /index.php/Home/Weixin/index?signature=3d22d29e97d6f159719b81370c7fb657abce7bdb&timestamp=1512646444&nonce=1728097854&openid=ownZs0YBx2pGpJR_a26DeMdWLsZM
INFO: [ app_init ] --START--
INFO: Run Behavior\BuildLiteBehavior [ RunTime:0.000000s ]
INFO: [ app_init ] --END-- [ RunTime:0.000000s ]
INFO: [ app_begin ] --START--
INFO: Run Behavior\ReadHtmlCacheBehavior [ RunTime:0.015625s ]
INFO: [ app_begin ] --END-- [ RunTime:0.015625s ]
NOTIC: [2] session_start(): Cannot send session cookie - headers already sent C:\code\mtp\ThinkPHP\Common\functions.php 第 1263 行.
NOTIC: [2] session_start(): Cannot send session cache limiter - headers already sent C:\code\mtp\ThinkPHP\Common\functions.php 第 1263 行.
INFO: [ app_end ] --START--
INFO: Run Behavior\ShowPageTraceBehavior [ RunTime:0.000000s ]
INFO: [ app_end ] --END-- [ RunTime:0.000000s ]

[ 2017-12-07T19:34:17+08:00 ] 140.207.54.80 /index.php/Home/Weixin/index?signature=c77229ff9c70ad0365593e4f103e82a5c7409553&timestamp=1512646456&nonce=1676402679&openid=ownZs0YBx2pGpJR_a26DeMdWLsZM
INFO: [ app_init ] --START--
INFO: Run Behavior\BuildLiteBehavior [ RunTime:0.000000s ]
INFO: [ app_init ] --END-- [ RunTime:0.000000s ]
INFO: [ app_begin ] --START--
INFO: Run Behavior\ReadHtmlCacheBehavior [ RunTime:0.000000s ]
INFO: [ app_begin ] --END-- [ RunTime:0.000000s ]
NOTIC: [2] session_start(): Cannot send session cookie - headers already sent C:\code\mtp\ThinkPHP\Common\functions.php 第 1263 行.
NOTIC: [2] session_start(): Cannot send session cache limiter - headers already sent C:\code\mtp\ThinkPHP\Common\functions.php 第 1263 行.
INFO: [ app_end ] --START--
INFO: Run Behavior\ShowPageTraceBehavior [ RunTime:0.000000s ]
INFO: [ app_end ] --END-- [ RunTime:0.000000s ]

[ 2017-12-07T19:42:23+08:00 ] 106.11.227.57 /
INFO: [ app_init ] --START--
INFO: Run Behavior\BuildLiteBehavior [ RunTime:0.000000s ]
INFO: [ app_init ] --END-- [ RunTime:0.000000s ]
INFO: [ app_begin ] --START--
INFO: Run Behavior\ReadHtmlCacheBehavior [ RunTime:0.000000s ]
INFO: [ app_begin ] --END-- [ RunTime:0.000000s ]
SQL: SHOW COLUMNS FROM `iphone_goods_info` [ RunTime:0.0156s ]
SQL: select * from iphone_goods_info [ RunTime:0.0000s ]
SQL: select * from iphone_goods_info order by sellnum desc limit 0,4 [ RunTime:0.0000s ]
INFO: [ view_parse ] --START--
INFO: [ template_filter ] --START--
INFO: Run Behavior\ContentReplaceBehavior [ RunTime:0.000000s ]
INFO: [ template_filter ] --END-- [ RunTime:0.000000s ]
NOTIC: [8] Use of undefined constant id - assumed 'id' C:\code\mtp\Application\Runtime\Cache\Home\2a94b8bda04ff446dcedd42276fc99ee.php 第 646 行.
NOTIC: [8] Use of undefined constant id - assumed 'id' C:\code\mtp\Application\Runtime\Cache\Home\2a94b8bda04ff446dcedd42276fc99ee.php 第 646 行.
NOTIC: [8] Use of undefined constant id - assumed 'id' C:\code\mtp\Application\Runtime\Cache\Home\2a94b8bda04ff446dcedd42276fc99ee.php 第 646 行.
NOTIC: [8] Use of undefined constant id - assumed 'id' C:\code\mtp\Application\Runtime\Cache\Home\2a94b8bda04ff446dcedd42276fc99ee.php 第 646 行.
INFO: Run Behavior\ParseTemplateBehavior [ RunTime:0.015625s ]
INFO: [ view_parse ] --END-- [ RunTime:0.015625s ]
INFO: [ view_filter ] --START--
INFO: Run Behavior\WriteHtmlCacheBehavior [ RunTime:0.000000s ]
INFO: [ view_filter ] --END-- [ RunTime:0.000000s ]
INFO: [ app_end ] --START--
INFO: Run Behavior\ShowPageTraceBehavior [ RunTime:0.000000s ]
INFO: [ app_end ] --END-- [ RunTime:0.000000s ]

[ 2017-12-07T21:03:10+08:00 ] 140.207.54.79 /index.php/Home/Weixin/index?signature=4ac6db68654d81a131a0f420d67a6f11711e6cfe&timestamp=1512651789&nonce=439894109&openid=ownZs0YBx2pGpJR_a26DeMdWLsZM
INFO: [ app_init ] --START--
INFO: Run Behavior\BuildLiteBehavior [ RunTime:0.000000s ]
INFO: [ app_init ] --END-- [ RunTime:0.000000s ]
INFO: [ app_begin ] --START--
INFO: Run Behavior\ReadHtmlCacheBehavior [ RunTime:0.000000s ]
INFO: [ app_begin ] --END-- [ RunTime:0.000000s ]
NOTIC: [2] session_start(): Cannot send session cookie - headers already sent C:\code\mtp\ThinkPHP\Common\functions.php 第 1263 行.
NOTIC: [2] session_start(): Cannot send session cache limiter - headers already sent C:\code\mtp\ThinkPHP\Common\functions.php 第 1263 行.
INFO: [ app_end ] --START--
INFO: Run Behavior\ShowPageTraceBehavior [ RunTime:0.015625s ]
INFO: [ app_end ] --END-- [ RunTime:0.015625s ]

