<<<<<<< HEAD
[ 2018-01-09T11:18:00+08:00 ] 127.0.0.1 /index.php/Home/Yanzheng/YanzhenggetVerify/t/%2B%28new+Date%28%29%29.getTime%28%29%2B.html
INFO: [ app_begin ] --START--
INFO: Run Behavior\ReadHtmlCacheBehavior [ RunTime:0.000000s ]
INFO: [ app_begin ] --END-- [ RunTime:0.001000s ]

[ 2018-01-09T11:18:01+08:00 ] 127.0.0.1 /index.php/Home/Yanzheng/YanzhenggetVerify/t/%2B%28new+Date%28%29%29.getTime%28%29%2B.html
INFO: [ app_begin ] --START--
INFO: Run Behavior\ReadHtmlCacheBehavior [ RunTime:0.001000s ]
INFO: [ app_begin ] --END-- [ RunTime:0.001000s ]

[ 2018-01-09T11:18:07+08:00 ] 127.0.0.1 /index.php/Home/Yanzheng/YanzhenggetVerify/t/%2B%28new+Date%28%29%29.getTime%28%29%2B.html
INFO: [ app_begin ] --START--
INFO: Run Behavior\ReadHtmlCacheBehavior [ RunTime:0.000000s ]
INFO: [ app_begin ] --END-- [ RunTime:0.001000s ]

[ 2018-01-09T11:18:07+08:00 ] 127.0.0.1 /index.php/Home/Yanzheng/YanzhenggetVerify/t/%2B%28new+Date%28%29%29.getTime%28%29%2B.html
INFO: [ app_begin ] --START--
INFO: Run Behavior\ReadHtmlCacheBehavior [ RunTime:0.000000s ]
INFO: [ app_begin ] --END-- [ RunTime:0.000000s ]

[ 2018-01-09T11:19:18+08:00 ] 127.0.0.1 /index.php/Home/Yanzheng/YanzhenggetVerify/t/%2B%28new+Date%28%29%29.getTime%28%29%2B.html
INFO: [ app_begin ] --START--
INFO: Run Behavior\ReadHtmlCacheBehavior [ RunTime:0.000000s ]
INFO: [ app_begin ] --END-- [ RunTime:0.001000s ]

[ 2018-01-09T11:19:20+08:00 ] 127.0.0.1 /index.php/Home/Yanzheng/YanzhenggetVerify/t/%2B%28new+Date%28%29%29.getTime%28%29%2B.html
INFO: [ app_begin ] --START--
INFO: Run Behavior\ReadHtmlCacheBehavior [ RunTime:0.000000s ]
INFO: [ app_begin ] --END-- [ RunTime:0.000000s ]

[ 2018-01-09T11:23:40+08:00 ] 127.0.0.1 /index.php/Home/Yanzheng/YanzhenggetVerify/t/%2B%28new+Date%28%29%29.getTime%28%29%2B.html
INFO: [ app_begin ] --START--
INFO: Run Behavior\ReadHtmlCacheBehavior [ RunTime:0.001000s ]
INFO: [ app_begin ] --END-- [ RunTime:0.001000s ]

[ 2018-01-09T11:23:40+08:00 ] 127.0.0.1 /index.php/Home/Yanzheng/YanzhenggetVerify/t/%2B%28new+Date%28%29%29.getTime%28%29%2B.html
INFO: [ app_begin ] --START--
INFO: Run Behavior\ReadHtmlCacheBehavior [ RunTime:0.000000s ]
INFO: [ app_begin ] --END-- [ RunTime:0.000000s ]

[ 2018-01-09T11:23:56+08:00 ] 127.0.0.1 /index.php/Home/Yanzheng/YanzhenggetVerify/t/%2B%28new+Date%28%29%29.getTime%28%29%2B.html
INFO: [ app_begin ] --START--
INFO: Run Behavior\ReadHtmlCacheBehavior [ RunTime:0.000000s ]
INFO: [ app_begin ] --END-- [ RunTime:0.000000s ]

[ 2018-01-09T11:24:03+08:00 ] 127.0.0.1 /index.php/Home/Yanzheng/YanzhenggetVerify/t/%2B%28new+Date%28%29%29.getTime%28%29%2B.html
INFO: [ app_begin ] --START--
INFO: Run Behavior\ReadHtmlCacheBehavior [ RunTime:0.000000s ]
INFO: [ app_begin ] --END-- [ RunTime:0.001000s ]

[ 2018-01-09T11:25:01+08:00 ] 127.0.0.1 /index.php/Home/Yanzheng/YanzhenggetVerify/t/%2B%28new+Date%28%29%29.getTime%28%29%2B.html
INFO: [ app_begin ] --START--
INFO: Run Behavior\ReadHtmlCacheBehavior [ RunTime:0.000000s ]
INFO: [ app_begin ] --END-- [ RunTime:0.000000s ]

[ 2018-01-09T11:26:13+08:00 ] 127.0.0.1 /index.php/Home/Yanzheng/YanzhenggetVerify/t/%2B%28new+Date%28%29%29.getTime%28%29%2B.html
INFO: [ app_begin ] --START--
INFO: Run Behavior\ReadHtmlCacheBehavior [ RunTime:0.001000s ]
INFO: [ app_begin ] --END-- [ RunTime:0.001000s ]

[ 2018-01-09T11:28:11+08:00 ] 127.0.0.1 /index.php/Home/Yanzheng/YanzhenggetVerify/t/%2B%28new+Date%28%29%29.getTime%28%29%2B.html
INFO: [ app_begin ] --START--
INFO: Run Behavior\ReadHtmlCacheBehavior [ RunTime:0.000000s ]
INFO: [ app_begin ] --END-- [ RunTime:0.000000s ]

[ 2018-01-09T11:28:16+08:00 ] 127.0.0.1 /index.php/Home/Yanzheng/YanzhenggetVerify/t/%2B%28new+Date%28%29%29.getTime%28%29%2B.html
INFO: [ app_begin ] --START--
INFO: Run Behavior\ReadHtmlCacheBehavior [ RunTime:0.000000s ]
INFO: [ app_begin ] --END-- [ RunTime:0.000000s ]

[ 2018-01-09T11:28:29+08:00 ] 127.0.0.1 /index.php/Home/Yanzheng/YanzhenggetVerify/t/%2B%28new+Date%28%29%29.getTime%28%29%2B.html
INFO: [ app_begin ] --START--
INFO: Run Behavior\ReadHtmlCacheBehavior [ RunTime:0.001000s ]
INFO: [ app_begin ] --END-- [ RunTime:0.001000s ]

[ 2018-01-09T11:28:31+08:00 ] 127.0.0.1 /index.php/Home/Yanzheng/YanzhenggetVerify/t/%2B%28new+Date%28%29%29.getTime%28%29%2B.html
INFO: [ app_begin ] --START--
INFO: Run Behavior\ReadHtmlCacheBehavior [ RunTime:0.001000s ]
INFO: [ app_begin ] --END-- [ RunTime:0.001000s ]

[ 2018-01-09T11:29:18+08:00 ] 127.0.0.1 /index.php/Home/Yanzheng/YanzhenggetVerify/t/%2B%28new+Date%28%29%29.getTime%28%29%2B.html
INFO: [ app_begin ] --START--
INFO: Run Behavior\ReadHtmlCacheBehavior [ RunTime:0.001000s ]
INFO: [ app_begin ] --END-- [ RunTime:0.001000s ]

[ 2018-01-09T11:29:23+08:00 ] 127.0.0.1 /index.php/Home/Yanzheng/YanzhenggetVerify/t/%2B%28new+Date%28%29%29.getTime%28%29%2B.html
INFO: [ app_begin ] --START--
INFO: Run Behavior\ReadHtmlCacheBehavior [ RunTime:0.000000s ]
INFO: [ app_begin ] --END-- [ RunTime:0.001000s ]

[ 2018-01-09T11:29:49+08:00 ] 127.0.0.1 /index.php/Home/Yanzheng/YanzhenggetVerify/t/%2B%28new+Date%28%29%29.getTime%28%29%2B.html
INFO: [ app_begin ] --START--
INFO: Run Behavior\ReadHtmlCacheBehavior [ RunTime:0.000000s ]
INFO: [ app_begin ] --END-- [ RunTime:0.001000s ]

[ 2018-01-09T11:29:50+08:00 ] 127.0.0.1 /index.php/Home/Yanzheng/YanzhenggetVerify/t/%2B%28new+Date%28%29%29.getTime%28%29%2B.html
INFO: [ app_begin ] --START--
INFO: Run Behavior\ReadHtmlCacheBehavior [ RunTime:0.000000s ]
INFO: [ app_begin ] --END-- [ RunTime:0.001000s ]

[ 2018-01-09T11:30:10+08:00 ] 127.0.0.1 /index.php/Home/Yanzheng/YanzhenggetVerify/t/%2B%28new+Date%28%29%29.getTime%28%29%2B.html
INFO: [ app_begin ] --START--
INFO: Run Behavior\ReadHtmlCacheBehavior [ RunTime:0.000000s ]
INFO: [ app_begin ] --END-- [ RunTime:0.001000s ]

[ 2018-01-09T11:30:13+08:00 ] 127.0.0.1 /index.php/Home/Yanzheng/YanzhenggetVerify/t/%2B%28new+Date%28%29%29.getTime%28%29%2B.html
INFO: [ app_begin ] --START--
INFO: Run Behavior\ReadHtmlCacheBehavior [ RunTime:0.000000s ]
INFO: [ app_begin ] --END-- [ RunTime:0.001000s ]

[ 2018-01-09T11:30:19+08:00 ] 127.0.0.1 /index.php/Home/Yanzheng/YanzhenggetVerify/t/%2B%28new+Date%28%29%29.getTime%28%29%2B.html
INFO: [ app_begin ] --START--
INFO: Run Behavior\ReadHtmlCacheBehavior [ RunTime:0.000000s ]
INFO: [ app_begin ] --END-- [ RunTime:0.001000s ]

[ 2018-01-09T11:30:55+08:00 ] 127.0.0.1 /index.php/Home/Yanzheng/YanzhenggetVerify/t/%2B%28new+Date%28%29%29.getTime%28%29%2B.html
INFO: [ app_begin ] --START--
INFO: Run Behavior\ReadHtmlCacheBehavior [ RunTime:0.000000s ]
INFO: [ app_begin ] --END-- [ RunTime:0.000000s ]

[ 2018-01-09T11:31:02+08:00 ] 127.0.0.1 /index.php/Home/Yanzheng/YanzhenggetVerify/t/%2B%28new+Date%28%29%29.getTime%28%29%2B.html
INFO: [ app_begin ] --START--
INFO: Run Behavior\ReadHtmlCacheBehavior [ RunTime:0.001000s ]
INFO: [ app_begin ] --END-- [ RunTime:0.001000s ]

[ 2018-01-09T11:32:25+08:00 ] 127.0.0.1 /index.php/Home/Yanzheng/YanzhenggetVerify/t/%2B%28new+Date%28%29%29.getTime%28%29%2B.html
INFO: [ app_begin ] --START--
INFO: Run Behavior\ReadHtmlCacheBehavior [ RunTime:0.001000s ]
INFO: [ app_begin ] --END-- [ RunTime:0.001000s ]

[ 2018-01-09T11:32:28+08:00 ] 127.0.0.1 /index.php/Home/Yanzheng/YanzhenggetVerify/t/%2B%28new+Date%28%29%29.getTime%28%29%2B.html
INFO: [ app_begin ] --START--
INFO: Run Behavior\ReadHtmlCacheBehavior [ RunTime:0.000000s ]
INFO: [ app_begin ] --END-- [ RunTime:0.001000s ]

[ 2018-01-09T11:32:44+08:00 ] 127.0.0.1 /index.php/Home/Yanzheng/YanzhenggetVerify/t/%2B%28new+Date%28%29%29.getTime%28%29%2B.html
INFO: [ app_begin ] --START--
INFO: Run Behavior\ReadHtmlCacheBehavior [ RunTime:0.000000s ]
INFO: [ app_begin ] --END-- [ RunTime:0.001000s ]

[ 2018-01-09T11:32:50+08:00 ] 127.0.0.1 /index.php/Home/Yanzheng/YanzhenggetVerify/t/%2B%28new+Date%28%29%29.getTime%28%29%2B.html
INFO: [ app_begin ] --START--
INFO: Run Behavior\ReadHtmlCacheBehavior [ RunTime:0.001000s ]
INFO: [ app_begin ] --END-- [ RunTime:0.001000s ]

[ 2018-01-09T11:32:51+08:00 ] 127.0.0.1 /index.php/Home/Yanzheng/YanzhenggetVerify/t/%2B%28new+Date%28%29%29.getTime%28%29%2B.html
INFO: [ app_begin ] --START--
INFO: Run Behavior\ReadHtmlCacheBehavior [ RunTime:0.000000s ]
INFO: [ app_begin ] --END-- [ RunTime:0.000000s ]

[ 2018-01-09T11:32:52+08:00 ] 127.0.0.1 /index.php/Home/Yanzheng/YanzhenggetVerify/t/%2B%28new+Date%28%29%29.getTime%28%29%2B.html
INFO: [ app_begin ] --START--
INFO: Run Behavior\ReadHtmlCacheBehavior [ RunTime:0.001000s ]
INFO: [ app_begin ] --END-- [ RunTime:0.001000s ]

[ 2018-01-09T11:32:52+08:00 ] 127.0.0.1 /index.php/Home/Yanzheng/YanzhenggetVerify/t/%2B%28new+Date%28%29%29.getTime%28%29%2B.html
INFO: [ app_begin ] --START--
INFO: Run Behavior\ReadHtmlCacheBehavior [ RunTime:0.001000s ]
INFO: [ app_begin ] --END-- [ RunTime:0.001000s ]

[ 2018-01-09T11:32:52+08:00 ] 127.0.0.1 /index.php/Home/Yanzheng/YanzhenggetVerify/t/%2B%28new+Date%28%29%29.getTime%28%29%2B.html
INFO: [ app_begin ] --START--
INFO: Run Behavior\ReadHtmlCacheBehavior [ RunTime:0.000000s ]
INFO: [ app_begin ] --END-- [ RunTime:0.001000s ]

[ 2018-01-09T11:32:52+08:00 ] 127.0.0.1 /index.php/Home/Yanzheng/YanzhenggetVerify/t/%2B%28new+Date%28%29%29.getTime%28%29%2B.html
INFO: [ app_begin ] --START--
INFO: Run Behavior\ReadHtmlCacheBehavior [ RunTime:0.000000s ]
INFO: [ app_begin ] --END-- [ RunTime:0.001000s ]

[ 2018-01-09T11:32:52+08:00 ] 127.0.0.1 /index.php/Home/Yanzheng/YanzhenggetVerify/t/%2B%28new+Date%28%29%29.getTime%28%29%2B.html
INFO: [ app_begin ] --START--
INFO: Run Behavior\ReadHtmlCacheBehavior [ RunTime:0.000000s ]
INFO: [ app_begin ] --END-- [ RunTime:0.000000s ]

[ 2018-01-09T11:32:53+08:00 ] 127.0.0.1 /index.php/Home/Yanzheng/YanzhenggetVerify/t/%2B%28new+Date%28%29%29.getTime%28%29%2B.html
INFO: [ app_begin ] --START--
INFO: Run Behavior\ReadHtmlCacheBehavior [ RunTime:0.000000s ]
INFO: [ app_begin ] --END-- [ RunTime:0.001000s ]

[ 2018-01-09T11:33:49+08:00 ] 127.0.0.1 /index.php/Home/Yanzheng/YanzhenggetVerify/t/%2B%28new+Date%28%29%29.getTime%28%29%2B.html
INFO: [ app_begin ] --START--
INFO: Run Behavior\ReadHtmlCacheBehavior [ RunTime:0.000000s ]
INFO: [ app_begin ] --END-- [ RunTime:0.001000s ]

[ 2018-01-09T11:33:51+08:00 ] 127.0.0.1 /index.php/Home/Yanzheng/YanzhenggetVerify/t/%2B%28new+Date%28%29%29.getTime%28%29%2B.html
INFO: [ app_begin ] --START--
INFO: Run Behavior\ReadHtmlCacheBehavior [ RunTime:0.000000s ]
INFO: [ app_begin ] --END-- [ RunTime:0.002000s ]

[ 2018-01-09T11:34:25+08:00 ] 127.0.0.1 /index.php/Home/Yanzheng/YanzhenggetVerify/t/%2B%28new+Date%28%29%29.getTime%28%29%2B.html
INFO: [ app_begin ] --START--
INFO: Run Behavior\ReadHtmlCacheBehavior [ RunTime:0.000000s ]
INFO: [ app_begin ] --END-- [ RunTime:0.000000s ]

[ 2018-01-09T11:34:28+08:00 ] 127.0.0.1 /index.php/Home/Yanzheng/YanzhenggetVerify/t/%2B%28new+Date%28%29%29.getTime%28%29%2B.html
INFO: [ app_begin ] --START--
INFO: Run Behavior\ReadHtmlCacheBehavior [ RunTime:0.000000s ]
INFO: [ app_begin ] --END-- [ RunTime:0.001000s ]

[ 2018-01-09T11:35:00+08:00 ] 127.0.0.1 /index.php/Home/Yanzheng/YanzhenggetVerify/t/%2B%28new+Date%28%29%29.getTime%28%29%2B.html
INFO: [ app_begin ] --START--
INFO: Run Behavior\ReadHtmlCacheBehavior [ RunTime:0.000000s ]
INFO: [ app_begin ] --END-- [ RunTime:0.000000s ]

[ 2018-01-09T11:35:01+08:00 ] 127.0.0.1 /index.php/Home/Yanzheng/YanzhenggetVerify/t/%2B%28new+Date%28%29%29.getTime%28%29%2B.html
INFO: [ app_begin ] --START--
INFO: Run Behavior\ReadHtmlCacheBehavior [ RunTime:0.000000s ]
INFO: [ app_begin ] --END-- [ RunTime:0.001000s ]

[ 2018-01-09T11:35:52+08:00 ] 127.0.0.1 /index.php/Home/Yanzheng/YanzhenggetVerify/t/%2B%28new+Date%28%29%29.getTime%28%29%2B.html
INFO: [ app_begin ] --START--
INFO: Run Behavior\ReadHtmlCacheBehavior [ RunTime:0.000000s ]
INFO: [ app_begin ] --END-- [ RunTime:0.000000s ]

[ 2018-01-09T11:40:05+08:00 ] 127.0.0.1 /index.php/Home/Yanzheng/YanzhenggetVerify/t/%2B%28new+Date%28%29%29.getTime%28%29%2B.html
INFO: [ app_begin ] --START--
INFO: Run Behavior\ReadHtmlCacheBehavior [ RunTime:0.000000s ]
INFO: [ app_begin ] --END-- [ RunTime:0.000000s ]

[ 2018-01-09T11:40:09+08:00 ] 127.0.0.1 /index.php/Home/Yanzheng/YanzhenggetVerify/t/%2B%28new+Date%28%29%29.getTime%28%29%2B.html
INFO: [ app_begin ] --START--
INFO: Run Behavior\ReadHtmlCacheBehavior [ RunTime:0.000000s ]
INFO: [ app_begin ] --END-- [ RunTime:0.001000s ]

[ 2018-01-09T11:43:18+08:00 ] 127.0.0.1 /index.php/Home/Yanzheng/YanzhenggetVerify/t/%2B%28new+Date%28%29%29.getTime%28%29%2B.html
INFO: [ app_begin ] --START--
INFO: Run Behavior\ReadHtmlCacheBehavior [ RunTime:0.001000s ]
INFO: [ app_begin ] --END-- [ RunTime:0.001000s ]

[ 2018-01-09T11:43:22+08:00 ] 127.0.0.1 /index.php/Home/Yanzheng/YanzhenggetVerify/t/%2B%28new+Date%28%29%29.getTime%28%29%2B.html
INFO: [ app_begin ] --START--
INFO: Run Behavior\ReadHtmlCacheBehavior [ RunTime:0.001000s ]
INFO: [ app_begin ] --END-- [ RunTime:0.002000s ]

[ 2018-01-09T11:50:47+08:00 ] 127.0.0.1 /index.php/Home/Yanzheng/YanzhenggetVerify/t/%2B%28new+Date%28%29%29.getTime%28%29%2B.html
INFO: [ app_begin ] --START--
INFO: Run Behavior\ReadHtmlCacheBehavior [ RunTime:0.001000s ]
INFO: [ app_begin ] --END-- [ RunTime:0.001000s ]

[ 2018-01-09T11:50:49+08:00 ] 127.0.0.1 /index.php/Home/Yanzheng/YanzhenggetVerify/t/%2B%28new+Date%28%29%29.getTime%28%29%2B.html
INFO: [ app_begin ] --START--
INFO: Run Behavior\ReadHtmlCacheBehavior [ RunTime:0.001000s ]
INFO: [ app_begin ] --END-- [ RunTime:0.001000s ]

[ 2018-01-09T11:51:02+08:00 ] 127.0.0.1 /index.php/Home/Yanzheng/YanzhenggetVerify/t/%2B%28new+Date%28%29%29.getTime%28%29%2B.html
INFO: [ app_begin ] --START--
INFO: Run Behavior\ReadHtmlCacheBehavior [ RunTime:0.001000s ]
INFO: [ app_begin ] --END-- [ RunTime:0.001000s ]

[ 2018-01-09T11:54:42+08:00 ] 127.0.0.1 /index.php/Home/Yanzheng/YanzhenggetVerify/t/%2B%28new+Date%28%29%29.getTime%28%29%2B.html
INFO: [ app_begin ] --START--
INFO: Run Behavior\ReadHtmlCacheBehavior [ RunTime:0.000000s ]
INFO: [ app_begin ] --END-- [ RunTime:0.001000s ]

[ 2018-01-09T11:54:47+08:00 ] 127.0.0.1 /index.php/Home/Yanzheng/YanzhenggetVerify/t/%2B%28new+Date%28%29%29.getTime%28%29%2B.html
INFO: [ app_begin ] --START--
INFO: Run Behavior\ReadHtmlCacheBehavior [ RunTime:0.000000s ]
INFO: [ app_begin ] --END-- [ RunTime:0.000000s ]

[ 2018-01-09T11:54:57+08:00 ] 127.0.0.1 /index.php/Home/Yanzheng/YanzhenggetVerify/t/%2B%28new+Date%28%29%29.getTime%28%29%2B.html
INFO: [ app_begin ] --START--
INFO: Run Behavior\ReadHtmlCacheBehavior [ RunTime:0.000000s ]
INFO: [ app_begin ] --END-- [ RunTime:0.000000s ]

[ 2018-01-09T11:55:18+08:00 ] 127.0.0.1 /index.php/Home/Yanzheng/YanzhenggetVerify/t/%2B%28new+Date%28%29%29.getTime%28%29%2B.html
INFO: [ app_begin ] --START--
INFO: Run Behavior\ReadHtmlCacheBehavior [ RunTime:0.000000s ]
INFO: [ app_begin ] --END-- [ RunTime:0.000000s ]

[ 2018-01-09T11:55:20+08:00 ] 127.0.0.1 /index.php/Home/Yanzheng/YanzhenggetVerify/t/%2B%28new+Date%28%29%29.getTime%28%29%2B.html
INFO: [ app_begin ] --START--
INFO: Run Behavior\ReadHtmlCacheBehavior [ RunTime:0.001000s ]
INFO: [ app_begin ] --END-- [ RunTime:0.001000s ]

[ 2018-01-09T11:55:26+08:00 ] 127.0.0.1 /index.php/Home/Yanzheng/YanzhenggetVerify/t/%2B%28new+Date%28%29%29.getTime%28%29%2B.html
INFO: [ app_begin ] --START--
INFO: Run Behavior\ReadHtmlCacheBehavior [ RunTime:0.001000s ]
INFO: [ app_begin ] --END-- [ RunTime:0.001000s ]

[ 2018-01-09T11:55:27+08:00 ] 127.0.0.1 /index.php/Home/Yanzheng/YanzhenggetVerify/t/%2B%28new+Date%28%29%29.getTime%28%29%2B.html
INFO: [ app_begin ] --START--
INFO: Run Behavior\ReadHtmlCacheBehavior [ RunTime:0.000000s ]
INFO: [ app_begin ] --END-- [ RunTime:0.000000s ]

[ 2018-01-09T11:55:32+08:00 ] 127.0.0.1 /index.php/Home/Yanzheng/YanzhenggetVerify/t/%2B%28new+Date%28%29%29.getTime%28%29%2B.html
INFO: [ app_begin ] --START--
INFO: Run Behavior\ReadHtmlCacheBehavior [ RunTime:0.000000s ]
INFO: [ app_begin ] --END-- [ RunTime:0.001000s ]

[ 2018-01-09T11:55:37+08:00 ] 127.0.0.1 /index.php/Home/Yanzheng/YanzhenggetVerify/t/%2B%28new+Date%28%29%29.getTime%28%29%2B.html
INFO: [ app_begin ] --START--
INFO: Run Behavior\ReadHtmlCacheBehavior [ RunTime:0.000000s ]
INFO: [ app_begin ] --END-- [ RunTime:0.000000s ]

[ 2018-01-09T11:56:24+08:00 ] 127.0.0.1 /index.php/Home/Yanzheng/YanzhenggetVerify/t/%2B%28new+Date%28%29%29.getTime%28%29%2B.html
INFO: [ app_begin ] --START--
INFO: Run Behavior\ReadHtmlCacheBehavior [ RunTime:0.000000s ]
INFO: [ app_begin ] --END-- [ RunTime:0.001000s ]

[ 2018-01-09T11:56:28+08:00 ] 127.0.0.1 /index.php/Home/Yanzheng/YanzhenggetVerify/t/%2B%28new+Date%28%29%29.getTime%28%29%2B.html
INFO: [ app_begin ] --START--
INFO: Run Behavior\ReadHtmlCacheBehavior [ RunTime:0.000000s ]
INFO: [ app_begin ] --END-- [ RunTime:0.000000s ]

[ 2018-01-09T11:58:40+08:00 ] 127.0.0.1 /index.php/Home/Yanzheng/YanzhenggetVerify/t/%2B%28new+Date%28%29%29.getTime%28%29%2B.html
INFO: [ app_begin ] --START--
INFO: Run Behavior\ReadHtmlCacheBehavior [ RunTime:0.001000s ]
INFO: [ app_begin ] --END-- [ RunTime:0.002000s ]

[ 2018-01-09T14:54:50+08:00 ] 127.0.0.1 /index.php/Home/Yanzheng/YanzhenggetVerify/t/%2B%28new+Date%28%29%29.getTime%28%29%2B.html
INFO: [ app_begin ] --START--
INFO: Run Behavior\ReadHtmlCacheBehavior [ RunTime:0.000000s ]
INFO: [ app_begin ] --END-- [ RunTime:0.001000s ]

[ 2018-01-09T14:54:54+08:00 ] 127.0.0.1 /index.php/Home/Yanzheng/YanzhenggetVerify/t/%2B%28new+Date%28%29%29.getTime%28%29%2B.html
INFO: [ app_begin ] --START--
INFO: Run Behavior\ReadHtmlCacheBehavior [ RunTime:0.000000s ]
INFO: [ app_begin ] --END-- [ RunTime:0.001000s ]

[ 2018-01-09T15:00:24+08:00 ] 127.0.0.1 /index.php/Home/Yanzheng/YanzhenggetVerify/t/%2B%28new+Date%28%29%29.getTime%28%29%2B.html
INFO: [ app_begin ] --START--
INFO: Run Behavior\ReadHtmlCacheBehavior [ RunTime:0.001000s ]
INFO: [ app_begin ] --END-- [ RunTime:0.001000s ]

[ 2018-01-09T15:01:36+08:00 ] 127.0.0.1 /index.php/Home/Yanzheng/YanzhenggetVerify/t/%2B%28new+Date%28%29%29.getTime%28%29%2B.html
INFO: [ app_begin ] --START--
INFO: Run Behavior\ReadHtmlCacheBehavior [ RunTime:0.001000s ]
INFO: [ app_begin ] --END-- [ RunTime:0.001000s ]

[ 2018-01-09T15:01:46+08:00 ] 127.0.0.1 /index.php/Home/Yanzheng/YanzhenggetVerify/t/%2B%28new+Date%28%29%29.getTime%28%29%2B.html
INFO: [ app_begin ] --START--
INFO: Run Behavior\ReadHtmlCacheBehavior [ RunTime:0.000000s ]
INFO: [ app_begin ] --END-- [ RunTime:0.000000s ]

[ 2018-01-09T15:01:47+08:00 ] 127.0.0.1 /index.php/Home/Yanzheng/YanzhenggetVerify/t/%2B%28new+Date%28%29%29.getTime%28%29%2B.html
INFO: [ app_begin ] --START--
INFO: Run Behavior\ReadHtmlCacheBehavior [ RunTime:0.000000s ]
INFO: [ app_begin ] --END-- [ RunTime:0.000000s ]

[ 2018-01-09T15:04:39+08:00 ] 127.0.0.1 /index.php/Home/Yanzheng/YanzhenggetVerify/t/%2B%28new+Date%28%29%29.getTime%28%29%2B.html
INFO: [ app_begin ] --START--
INFO: Run Behavior\ReadHtmlCacheBehavior [ RunTime:0.000000s ]
INFO: [ app_begin ] --END-- [ RunTime:0.000000s ]
NOTIC: [8] A session had already been started - ignoring session_start() E:\dingy\test\codea\php\jxc\tp\TP\Application\Home\Controller\YanzhengController.class.php 第 13 行.
NOTIC: [8] Array to string conversion E:\dingy\test\codea\php\jxc\tp\TP\Application\Home\Controller\YanzhengController.class.php 第 20 行.
INFO: [ app_end ] --START--
INFO: Run Behavior\ShowPageTraceBehavior [ RunTime:0.002000s ]
INFO: [ app_end ] --END-- [ RunTime:0.002000s ]

[ 2018-01-09T15:05:51+08:00 ] 127.0.0.1 /index.php/Home/Yanzheng/YanzhenggetVerify/t/%2B%28new+Date%28%29%29.getTime%28%29%2B.html
INFO: [ app_begin ] --START--
INFO: Run Behavior\ReadHtmlCacheBehavior [ RunTime:0.001000s ]
INFO: [ app_begin ] --END-- [ RunTime:0.001000s ]
NOTIC: [8] A session had already been started - ignoring session_start() E:\dingy\test\codea\php\jxc\tp\TP\Application\Home\Controller\YanzhengController.class.php 第 13 行.
NOTIC: [8] Array to string conversion E:\dingy\test\codea\php\jxc\tp\TP\Application\Home\Controller\YanzhengController.class.php 第 20 行.
INFO: [ app_end ] --START--
INFO: Run Behavior\ShowPageTraceBehavior [ RunTime:0.000000s ]
INFO: [ app_end ] --END-- [ RunTime:0.000000s ]

[ 2018-01-09T15:05:59+08:00 ] 127.0.0.1 /index.php/Home/Yanzheng/YanzhenggetVerify/t/%2B%28new+Date%28%29%29.getTime%28%29%2B.html
INFO: [ app_begin ] --START--
INFO: Run Behavior\ReadHtmlCacheBehavior [ RunTime:0.000000s ]
INFO: [ app_begin ] --END-- [ RunTime:0.001000s ]
NOTIC: [8] A session had already been started - ignoring session_start() E:\dingy\test\codea\php\jxc\tp\TP\Application\Home\Controller\YanzhengController.class.php 第 13 行.
NOTIC: [8] Array to string conversion E:\dingy\test\codea\php\jxc\tp\TP\Application\Home\Controller\YanzhengController.class.php 第 20 行.
INFO: [ app_end ] --START--
INFO: Run Behavior\ShowPageTraceBehavior [ RunTime:0.000000s ]
INFO: [ app_end ] --END-- [ RunTime:0.000000s ]

[ 2018-01-09T15:06:17+08:00 ] 127.0.0.1 /index.php/Home/Yanzheng/YanzhenggetVerify/t/%2B%28new+Date%28%29%29.getTime%28%29%2B.html
INFO: [ app_begin ] --START--
INFO: Run Behavior\ReadHtmlCacheBehavior [ RunTime:0.000000s ]
INFO: [ app_begin ] --END-- [ RunTime:0.001000s ]
NOTIC: [8] A session had already been started - ignoring session_start() E:\dingy\test\codea\php\jxc\tp\TP\Application\Home\Controller\YanzhengController.class.php 第 13 行.
NOTIC: [8] Array to string conversion E:\dingy\test\codea\php\jxc\tp\TP\Application\Home\Controller\YanzhengController.class.php 第 20 行.
INFO: [ app_end ] --START--
INFO: Run Behavior\ShowPageTraceBehavior [ RunTime:0.000000s ]
INFO: [ app_end ] --END-- [ RunTime:0.000000s ]

[ 2018-01-09T15:06:39+08:00 ] 127.0.0.1 /index.php/Home/Yanzheng/YanzhenggetVerify/t/%2B%28new+Date%28%29%29.getTime%28%29%2B.html
INFO: [ app_begin ] --START--
INFO: Run Behavior\ReadHtmlCacheBehavior [ RunTime:0.000000s ]
INFO: [ app_begin ] --END-- [ RunTime:0.000000s ]
NOTIC: [8] A session had already been started - ignoring session_start() E:\dingy\test\codea\php\jxc\tp\TP\Application\Home\Controller\YanzhengController.class.php 第 13 行.
NOTIC: [8] Array to string conversion E:\dingy\test\codea\php\jxc\tp\TP\Application\Home\Controller\YanzhengController.class.php 第 20 行.
INFO: [ app_end ] --START--
INFO: Run Behavior\ShowPageTraceBehavior [ RunTime:0.001000s ]
INFO: [ app_end ] --END-- [ RunTime:0.001000s ]

[ 2018-01-09T15:06:46+08:00 ] 127.0.0.1 /index.php/Home/Yanzheng/YanzhenggetVerify/t/%2B%28new+Date%28%29%29.getTime%28%29%2B.html
INFO: [ app_begin ] --START--
INFO: Run Behavior\ReadHtmlCacheBehavior [ RunTime:0.000000s ]
INFO: [ app_begin ] --END-- [ RunTime:0.000000s ]
NOTIC: [8] A session had already been started - ignoring session_start() E:\dingy\test\codea\php\jxc\tp\TP\Application\Home\Controller\YanzhengController.class.php 第 13 行.
NOTIC: [8] Array to string conversion E:\dingy\test\codea\php\jxc\tp\TP\Application\Home\Controller\YanzhengController.class.php 第 20 行.
INFO: [ app_end ] --START--
INFO: Run Behavior\ShowPageTraceBehavior [ RunTime:0.000000s ]
INFO: [ app_end ] --END-- [ RunTime:0.000000s ]

[ 2018-01-09T15:07:13+08:00 ] 127.0.0.1 /index.php/Home/Yanzheng/YanzhenggetVerify/t/%2B%28new+Date%28%29%29.getTime%28%29%2B.html
INFO: [ app_begin ] --START--
INFO: Run Behavior\ReadHtmlCacheBehavior [ RunTime:0.000000s ]
INFO: [ app_begin ] --END-- [ RunTime:0.001000s ]
NOTIC: [8] A session had already been started - ignoring session_start() E:\dingy\test\codea\php\jxc\tp\TP\Application\Home\Controller\YanzhengController.class.php 第 13 行.
NOTIC: [8] Array to string conversion E:\dingy\test\codea\php\jxc\tp\TP\Application\Home\Controller\YanzhengController.class.php 第 20 行.
INFO: [ app_end ] --START--
INFO: Run Behavior\ShowPageTraceBehavior [ RunTime:0.000000s ]
INFO: [ app_end ] --END-- [ RunTime:0.000000s ]

[ 2018-01-09T15:07:25+08:00 ] 127.0.0.1 /index.php/Home/Yanzheng/YanzhenggetVerify/t/%2B%28new+Date%28%29%29.getTime%28%29%2B.html
INFO: [ app_begin ] --START--
INFO: Run Behavior\ReadHtmlCacheBehavior [ RunTime:0.000000s ]
INFO: [ app_begin ] --END-- [ RunTime:0.001000s ]
NOTIC: [8] A session had already been started - ignoring session_start() E:\dingy\test\codea\php\jxc\tp\TP\Application\Home\Controller\YanzhengController.class.php 第 13 行.
NOTIC: [8] Array to string conversion E:\dingy\test\codea\php\jxc\tp\TP\Application\Home\Controller\YanzhengController.class.php 第 20 行.
INFO: [ app_end ] --START--
INFO: Run Behavior\ShowPageTraceBehavior [ RunTime:0.000000s ]
INFO: [ app_end ] --END-- [ RunTime:0.000000s ]

[ 2018-01-09T15:07:28+08:00 ] 127.0.0.1 /index.php/Home/Yanzheng/YanzhenggetVerify/t/%2B%28new+Date%28%29%29.getTime%28%29%2B.html
INFO: [ app_begin ] --START--
INFO: Run Behavior\ReadHtmlCacheBehavior [ RunTime:0.001000s ]
INFO: [ app_begin ] --END-- [ RunTime:0.001000s ]
NOTIC: [8] A session had already been started - ignoring session_start() E:\dingy\test\codea\php\jxc\tp\TP\Application\Home\Controller\YanzhengController.class.php 第 13 行.
NOTIC: [8] Array to string conversion E:\dingy\test\codea\php\jxc\tp\TP\Application\Home\Controller\YanzhengController.class.php 第 20 行.
INFO: [ app_end ] --START--
INFO: Run Behavior\ShowPageTraceBehavior [ RunTime:0.001000s ]
INFO: [ app_end ] --END-- [ RunTime:0.001000s ]

[ 2018-01-09T15:07:36+08:00 ] 127.0.0.1 /index.php/Home/Yanzheng/YanzhenggetVerify/t/%2B%28new+Date%28%29%29.getTime%28%29%2B.html
INFO: [ app_begin ] --START--
INFO: Run Behavior\ReadHtmlCacheBehavior [ RunTime:0.000000s ]
INFO: [ app_begin ] --END-- [ RunTime:0.000000s ]
NOTIC: [8] A session had already been started - ignoring session_start() E:\dingy\test\codea\php\jxc\tp\TP\Application\Home\Controller\YanzhengController.class.php 第 13 行.
NOTIC: [8] Array to string conversion E:\dingy\test\codea\php\jxc\tp\TP\Application\Home\Controller\YanzhengController.class.php 第 20 行.
INFO: [ app_end ] --START--
INFO: Run Behavior\ShowPageTraceBehavior [ RunTime:0.000000s ]
INFO: [ app_end ] --END-- [ RunTime:0.000000s ]

[ 2018-01-09T15:07:42+08:00 ] 127.0.0.1 /index.php/Home/Yanzheng/YanzhenggetVerify/t/%2B%28new+Date%28%29%29.getTime%28%29%2B.html
INFO: [ app_begin ] --START--
INFO: Run Behavior\ReadHtmlCacheBehavior [ RunTime:0.001000s ]
INFO: [ app_begin ] --END-- [ RunTime:0.001000s ]
NOTIC: [8] A session had already been started - ignoring session_start() E:\dingy\test\codea\php\jxc\tp\TP\Application\Home\Controller\YanzhengController.class.php 第 13 行.
NOTIC: [8] Array to string conversion E:\dingy\test\codea\php\jxc\tp\TP\Application\Home\Controller\YanzhengController.class.php 第 20 行.
INFO: [ app_end ] --START--
INFO: Run Behavior\ShowPageTraceBehavior [ RunTime:0.000000s ]
INFO: [ app_end ] --END-- [ RunTime:0.000000s ]

[ 2018-01-09T15:08:04+08:00 ] 127.0.0.1 /index.php/Home/Yanzheng/YanzhenggetVerify/t/%2B%28new+Date%28%29%29.getTime%28%29%2B.html
INFO: [ app_begin ] --START--
INFO: Run Behavior\ReadHtmlCacheBehavior [ RunTime:0.001000s ]
INFO: [ app_begin ] --END-- [ RunTime:0.001000s ]
NOTIC: [8] A session had already been started - ignoring session_start() E:\dingy\test\codea\php\jxc\tp\TP\Application\Home\Controller\YanzhengController.class.php 第 13 行.
NOTIC: [8] Array to string conversion E:\dingy\test\codea\php\jxc\tp\TP\Application\Home\Controller\YanzhengController.class.php 第 20 行.
INFO: [ app_end ] --START--
INFO: Run Behavior\ShowPageTraceBehavior [ RunTime:0.001000s ]
INFO: [ app_end ] --END-- [ RunTime:0.001000s ]

[ 2018-01-09T15:08:05+08:00 ] 127.0.0.1 /index.php/Home/Yanzheng/YanzhenggetVerify/t/%2B%28new+Date%28%29%29.getTime%28%29%2B.html
INFO: [ app_begin ] --START--
INFO: Run Behavior\ReadHtmlCacheBehavior [ RunTime:0.000000s ]
INFO: [ app_begin ] --END-- [ RunTime:0.000000s ]
NOTIC: [8] A session had already been started - ignoring session_start() E:\dingy\test\codea\php\jxc\tp\TP\Application\Home\Controller\YanzhengController.class.php 第 13 行.
NOTIC: [8] Array to string conversion E:\dingy\test\codea\php\jxc\tp\TP\Application\Home\Controller\YanzhengController.class.php 第 20 行.
INFO: [ app_end ] --START--
INFO: Run Behavior\ShowPageTraceBehavior [ RunTime:0.000000s ]
INFO: [ app_end ] --END-- [ RunTime:0.001000s ]

[ 2018-01-09T15:08:08+08:00 ] 127.0.0.1 /index.php/Home/Yanzheng/YanzhenggetVerify/t/%2B%28new+Date%28%29%29.getTime%28%29%2B.html
INFO: [ app_begin ] --START--
INFO: Run Behavior\ReadHtmlCacheBehavior [ RunTime:0.001000s ]
INFO: [ app_begin ] --END-- [ RunTime:0.001000s ]
NOTIC: [8] A session had already been started - ignoring session_start() E:\dingy\test\codea\php\jxc\tp\TP\Application\Home\Controller\YanzhengController.class.php 第 13 行.
NOTIC: [8] Array to string conversion E:\dingy\test\codea\php\jxc\tp\TP\Application\Home\Controller\YanzhengController.class.php 第 20 行.
INFO: [ app_end ] --START--
INFO: Run Behavior\ShowPageTraceBehavior [ RunTime:0.000000s ]
INFO: [ app_end ] --END-- [ RunTime:0.000000s ]

[ 2018-01-09T15:08:12+08:00 ] 127.0.0.1 /index.php/Home/Yanzheng/YanzhenggetVerify/t/%2B%28new+Date%28%29%29.getTime%28%29%2B.html
INFO: [ app_begin ] --START--
INFO: Run Behavior\ReadHtmlCacheBehavior [ RunTime:0.001000s ]
INFO: [ app_begin ] --END-- [ RunTime:0.001000s ]
NOTIC: [8] A session had already been started - ignoring session_start() E:\dingy\test\codea\php\jxc\tp\TP\Application\Home\Controller\YanzhengController.class.php 第 13 行.
NOTIC: [8] Array to string conversion E:\dingy\test\codea\php\jxc\tp\TP\Application\Home\Controller\YanzhengController.class.php 第 20 行.
INFO: [ app_end ] --START--
INFO: Run Behavior\ShowPageTraceBehavior [ RunTime:0.001000s ]
INFO: [ app_end ] --END-- [ RunTime:0.001000s ]

[ 2018-01-09T15:08:22+08:00 ] 127.0.0.1 /index.php/Home/Yanzheng/YanzhenggetVerify/t/%2B%28new+Date%28%29%29.getTime%28%29%2B.html
INFO: [ app_begin ] --START--
INFO: Run Behavior\ReadHtmlCacheBehavior [ RunTime:0.001000s ]
INFO: [ app_begin ] --END-- [ RunTime:0.001000s ]
NOTIC: [8] A session had already been started - ignoring session_start() E:\dingy\test\codea\php\jxc\tp\TP\Application\Home\Controller\YanzhengController.class.php 第 13 行.
NOTIC: [8] Array to string conversion E:\dingy\test\codea\php\jxc\tp\TP\Application\Home\Controller\YanzhengController.class.php 第 20 行.
INFO: [ app_end ] --START--
INFO: Run Behavior\ShowPageTraceBehavior [ RunTime:0.000000s ]
INFO: [ app_end ] --END-- [ RunTime:0.000000s ]

[ 2018-01-09T15:08:29+08:00 ] 127.0.0.1 /index.php/Home/Yanzheng/YanzhenggetVerify/t/%2B%28new+Date%28%29%29.getTime%28%29%2B.html
INFO: [ app_begin ] --START--
INFO: Run Behavior\ReadHtmlCacheBehavior [ RunTime:0.000000s ]
INFO: [ app_begin ] --END-- [ RunTime:0.000000s ]
NOTIC: [8] A session had already been started - ignoring session_start() E:\dingy\test\codea\php\jxc\tp\TP\Application\Home\Controller\YanzhengController.class.php 第 13 行.
NOTIC: [8] Array to string conversion E:\dingy\test\codea\php\jxc\tp\TP\Application\Home\Controller\YanzhengController.class.php 第 20 行.
INFO: [ app_end ] --START--
INFO: Run Behavior\ShowPageTraceBehavior [ RunTime:0.001000s ]
INFO: [ app_end ] --END-- [ RunTime:0.001000s ]

[ 2018-01-09T15:08:33+08:00 ] 127.0.0.1 /index.php/Home/Yanzheng/YanzhenggetVerify/t/%2B%28new+Date%28%29%29.getTime%28%29%2B.html
INFO: [ app_begin ] --START--
INFO: Run Behavior\ReadHtmlCacheBehavior [ RunTime:0.001000s ]
INFO: [ app_begin ] --END-- [ RunTime:0.001000s ]
NOTIC: [8] A session had already been started - ignoring session_start() E:\dingy\test\codea\php\jxc\tp\TP\Application\Home\Controller\YanzhengController.class.php 第 13 行.
NOTIC: [8] Array to string conversion E:\dingy\test\codea\php\jxc\tp\TP\Application\Home\Controller\YanzhengController.class.php 第 20 行.
INFO: [ app_end ] --START--
INFO: Run Behavior\ShowPageTraceBehavior [ RunTime:0.000000s ]
INFO: [ app_end ] --END-- [ RunTime:0.001000s ]

[ 2018-01-09T15:08:41+08:00 ] 127.0.0.1 /index.php/Home/Yanzheng/YanzhenggetVerify/t/%2B%28new+Date%28%29%29.getTime%28%29%2B.html
INFO: [ app_begin ] --START--
INFO: Run Behavior\ReadHtmlCacheBehavior [ RunTime:0.000000s ]
INFO: [ app_begin ] --END-- [ RunTime:0.001000s ]
NOTIC: [8] A session had already been started - ignoring session_start() E:\dingy\test\codea\php\jxc\tp\TP\Application\Home\Controller\YanzhengController.class.php 第 13 行.
NOTIC: [8] Array to string conversion E:\dingy\test\codea\php\jxc\tp\TP\Application\Home\Controller\YanzhengController.class.php 第 20 行.
INFO: [ app_end ] --START--
INFO: Run Behavior\ShowPageTraceBehavior [ RunTime:0.000000s ]
INFO: [ app_end ] --END-- [ RunTime:0.000000s ]

[ 2018-01-09T15:08:46+08:00 ] 127.0.0.1 /index.php/Home/Yanzheng/YanzhenggetVerify/t/%2B%28new+Date%28%29%29.getTime%28%29%2B.html
INFO: [ app_begin ] --START--
INFO: Run Behavior\ReadHtmlCacheBehavior [ RunTime:0.001000s ]
INFO: [ app_begin ] --END-- [ RunTime:0.001000s ]
NOTIC: [8] A session had already been started - ignoring session_start() E:\dingy\test\codea\php\jxc\tp\TP\Application\Home\Controller\YanzhengController.class.php 第 13 行.
NOTIC: [8] Array to string conversion E:\dingy\test\codea\php\jxc\tp\TP\Application\Home\Controller\YanzhengController.class.php 第 20 行.
INFO: [ app_end ] --START--
INFO: Run Behavior\ShowPageTraceBehavior [ RunTime:0.000000s ]
INFO: [ app_end ] --END-- [ RunTime:0.000000s ]

[ 2018-01-09T15:08:51+08:00 ] 127.0.0.1 /index.php/Home/Yanzheng/YanzhenggetVerify/t/%2B%28new+Date%28%29%29.getTime%28%29%2B.html
INFO: [ app_begin ] --START--
INFO: Run Behavior\ReadHtmlCacheBehavior [ RunTime:0.000000s ]
INFO: [ app_begin ] --END-- [ RunTime:0.001000s ]
NOTIC: [8] A session had already been started - ignoring session_start() E:\dingy\test\codea\php\jxc\tp\TP\Application\Home\Controller\YanzhengController.class.php 第 13 行.
NOTIC: [8] Array to string conversion E:\dingy\test\codea\php\jxc\tp\TP\Application\Home\Controller\YanzhengController.class.php 第 20 行.
INFO: [ app_end ] --START--
INFO: Run Behavior\ShowPageTraceBehavior [ RunTime:0.000000s ]
INFO: [ app_end ] --END-- [ RunTime:0.000000s ]

[ 2018-01-09T15:09:23+08:00 ] 127.0.0.1 /index.php/Home/Yanzheng/YanzhenggetVerify/t/%2B%28new+Date%28%29%29.getTime%28%29%2B.html
INFO: [ app_begin ] --START--
INFO: Run Behavior\ReadHtmlCacheBehavior [ RunTime:0.001000s ]
INFO: [ app_begin ] --END-- [ RunTime:0.001000s ]
NOTIC: [8] A session had already been started - ignoring session_start() E:\dingy\test\codea\php\jxc\tp\TP\Application\Home\Controller\YanzhengController.class.php 第 13 行.
NOTIC: [8] Array to string conversion E:\dingy\test\codea\php\jxc\tp\TP\Application\Home\Controller\YanzhengController.class.php 第 20 行.
INFO: [ app_end ] --START--
INFO: Run Behavior\ShowPageTraceBehavior [ RunTime:0.000000s ]
INFO: [ app_end ] --END-- [ RunTime:0.000000s ]

[ 2018-01-09T15:09:26+08:00 ] 127.0.0.1 /index.php/Home/Login/main
ERR: 非法操作:main

[ 2018-01-09T15:09:28+08:00 ] 127.0.0.1 /index.php/Home/Yanzheng/YanzhenggetVerify/t/%2B%28new+Date%28%29%29.getTime%28%29%2B.html
INFO: [ app_begin ] --START--
INFO: Run Behavior\ReadHtmlCacheBehavior [ RunTime:0.000000s ]
INFO: [ app_begin ] --END-- [ RunTime:0.001000s ]
NOTIC: [8] A session had already been started - ignoring session_start() E:\dingy\test\codea\php\jxc\tp\TP\Application\Home\Controller\YanzhengController.class.php 第 13 行.
NOTIC: [8] Array to string conversion E:\dingy\test\codea\php\jxc\tp\TP\Application\Home\Controller\YanzhengController.class.php 第 20 行.
INFO: [ app_end ] --START--
INFO: Run Behavior\ShowPageTraceBehavior [ RunTime:0.000000s ]
INFO: [ app_end ] --END-- [ RunTime:0.000000s ]

[ 2018-01-09T15:09:29+08:00 ] 127.0.0.1 /index.php/Home/Yanzheng/YanzhenggetVerify/t/%2B%28new+Date%28%29%29.getTime%28%29%2B.html
INFO: [ app_begin ] --START--
INFO: Run Behavior\ReadHtmlCacheBehavior [ RunTime:0.000000s ]
INFO: [ app_begin ] --END-- [ RunTime:0.000000s ]
NOTIC: [8] A session had already been started - ignoring session_start() E:\dingy\test\codea\php\jxc\tp\TP\Application\Home\Controller\YanzhengController.class.php 第 13 行.
NOTIC: [8] Array to string conversion E:\dingy\test\codea\php\jxc\tp\TP\Application\Home\Controller\YanzhengController.class.php 第 20 行.
INFO: [ app_end ] --START--
INFO: Run Behavior\ShowPageTraceBehavior [ RunTime:0.001000s ]
INFO: [ app_end ] --END-- [ RunTime:0.001000s ]

[ 2018-01-09T15:09:30+08:00 ] 127.0.0.1 /index.php/Home/Yanzheng/YanzhenggetVerify/t/%2B%28new+Date%28%29%29.getTime%28%29%2B.html
INFO: [ app_begin ] --START--
INFO: Run Behavior\ReadHtmlCacheBehavior [ RunTime:0.001000s ]
INFO: [ app_begin ] --END-- [ RunTime:0.001000s ]
NOTIC: [8] A session had already been started - ignoring session_start() E:\dingy\test\codea\php\jxc\tp\TP\Application\Home\Controller\YanzhengController.class.php 第 13 行.
NOTIC: [8] Array to string conversion E:\dingy\test\codea\php\jxc\tp\TP\Application\Home\Controller\YanzhengController.class.php 第 20 行.
INFO: [ app_end ] --START--
INFO: Run Behavior\ShowPageTraceBehavior [ RunTime:0.001000s ]
INFO: [ app_end ] --END-- [ RunTime:0.001000s ]

[ 2018-01-09T15:09:32+08:00 ] 127.0.0.1 /index.php/Home/Yanzheng/YanzhenggetVerify/t/%2B%28new+Date%28%29%29.getTime%28%29%2B.html
INFO: [ app_begin ] --START--
INFO: Run Behavior\ReadHtmlCacheBehavior [ RunTime:0.001000s ]
INFO: [ app_begin ] --END-- [ RunTime:0.001000s ]
NOTIC: [8] A session had already been started - ignoring session_start() E:\dingy\test\codea\php\jxc\tp\TP\Application\Home\Controller\YanzhengController.class.php 第 13 行.
NOTIC: [8] Array to string conversion E:\dingy\test\codea\php\jxc\tp\TP\Application\Home\Controller\YanzhengController.class.php 第 20 行.
INFO: [ app_end ] --START--
INFO: Run Behavior\ShowPageTraceBehavior [ RunTime:0.001000s ]
INFO: [ app_end ] --END-- [ RunTime:0.001000s ]

[ 2018-01-09T15:09:35+08:00 ] 127.0.0.1 /index.php/Home/Yanzheng/YanzhenggetVerify/t/%2B%28new+Date%28%29%29.getTime%28%29%2B.html
INFO: [ app_begin ] --START--
INFO: Run Behavior\ReadHtmlCacheBehavior [ RunTime:0.000000s ]
INFO: [ app_begin ] --END-- [ RunTime:0.000000s ]
NOTIC: [8] A session had already been started - ignoring session_start() E:\dingy\test\codea\php\jxc\tp\TP\Application\Home\Controller\YanzhengController.class.php 第 13 行.
NOTIC: [8] Array to string conversion E:\dingy\test\codea\php\jxc\tp\TP\Application\Home\Controller\YanzhengController.class.php 第 20 行.
INFO: [ app_end ] --START--
INFO: Run Behavior\ShowPageTraceBehavior [ RunTime:0.000000s ]
INFO: [ app_end ] --END-- [ RunTime:0.001000s ]

[ 2018-01-09T15:09:36+08:00 ] 127.0.0.1 /index.php/Home/Yanzheng/YanzhenggetVerify/t/%2B%28new+Date%28%29%29.getTime%28%29%2B.html
INFO: [ app_begin ] --START--
INFO: Run Behavior\ReadHtmlCacheBehavior [ RunTime:0.000000s ]
INFO: [ app_begin ] --END-- [ RunTime:0.001000s ]
NOTIC: [8] A session had already been started - ignoring session_start() E:\dingy\test\codea\php\jxc\tp\TP\Application\Home\Controller\YanzhengController.class.php 第 13 行.
NOTIC: [8] Array to string conversion E:\dingy\test\codea\php\jxc\tp\TP\Application\Home\Controller\YanzhengController.class.php 第 20 行.
INFO: [ app_end ] --START--
INFO: Run Behavior\ShowPageTraceBehavior [ RunTime:0.000000s ]
INFO: [ app_end ] --END-- [ RunTime:0.000000s ]

[ 2018-01-09T15:09:36+08:00 ] 127.0.0.1 /index.php/Home/Yanzheng/YanzhenggetVerify/t/%2B%28new+Date%28%29%29.getTime%28%29%2B.html
INFO: [ app_begin ] --START--
INFO: Run Behavior\ReadHtmlCacheBehavior [ RunTime:0.001000s ]
INFO: [ app_begin ] --END-- [ RunTime:0.001000s ]
NOTIC: [8] A session had already been started - ignoring session_start() E:\dingy\test\codea\php\jxc\tp\TP\Application\Home\Controller\YanzhengController.class.php 第 13 行.
NOTIC: [8] Array to string conversion E:\dingy\test\codea\php\jxc\tp\TP\Application\Home\Controller\YanzhengController.class.php 第 20 行.
INFO: [ app_end ] --START--
INFO: Run Behavior\ShowPageTraceBehavior [ RunTime:0.001000s ]
INFO: [ app_end ] --END-- [ RunTime:0.001000s ]

[ 2018-01-09T15:09:36+08:00 ] 127.0.0.1 /index.php/Home/Yanzheng/YanzhenggetVerify/t/%2B%28new+Date%28%29%29.getTime%28%29%2B.html
INFO: [ app_begin ] --START--
INFO: Run Behavior\ReadHtmlCacheBehavior [ RunTime:0.001000s ]
INFO: [ app_begin ] --END-- [ RunTime:0.001000s ]
NOTIC: [8] A session had already been started - ignoring session_start() E:\dingy\test\codea\php\jxc\tp\TP\Application\Home\Controller\YanzhengController.class.php 第 13 行.
NOTIC: [8] Array to string conversion E:\dingy\test\codea\php\jxc\tp\TP\Application\Home\Controller\YanzhengController.class.php 第 20 行.
INFO: [ app_end ] --START--
INFO: Run Behavior\ShowPageTraceBehavior [ RunTime:0.000000s ]
INFO: [ app_end ] --END-- [ RunTime:0.000000s ]

[ 2018-01-09T15:09:39+08:00 ] 127.0.0.1 /index.php/Home/Yanzheng/YanzhenggetVerify/t/%2B%28new+Date%28%29%29.getTime%28%29%2B.html
INFO: [ app_begin ] --START--
INFO: Run Behavior\ReadHtmlCacheBehavior [ RunTime:0.000000s ]
INFO: [ app_begin ] --END-- [ RunTime:0.001000s ]
NOTIC: [8] A session had already been started - ignoring session_start() E:\dingy\test\codea\php\jxc\tp\TP\Application\Home\Controller\YanzhengController.class.php 第 13 行.
NOTIC: [8] Array to string conversion E:\dingy\test\codea\php\jxc\tp\TP\Application\Home\Controller\YanzhengController.class.php 第 20 行.
INFO: [ app_end ] --START--
INFO: Run Behavior\ShowPageTraceBehavior [ RunTime:0.000000s ]
INFO: [ app_end ] --END-- [ RunTime:0.000000s ]

[ 2018-01-09T15:13:36+08:00 ] 127.0.0.1 /index.php/Home/Yanzheng/YanzhenggetVerify/t/%2B%28new+Date%28%29%29.getTime%28%29%2B.html
INFO: [ app_begin ] --START--
INFO: Run Behavior\ReadHtmlCacheBehavior [ RunTime:0.000000s ]
INFO: [ app_begin ] --END-- [ RunTime:0.001000s ]
NOTIC: [8] A session had already been started - ignoring session_start() E:\dingy\test\codea\php\jxc\tp\TP\Application\Home\Controller\YanzhengController.class.php 第 13 行.
NOTIC: [8] Array to string conversion E:\dingy\test\codea\php\jxc\tp\TP\Application\Home\Controller\YanzhengController.class.php 第 20 行.
INFO: [ app_end ] --START--
INFO: Run Behavior\ShowPageTraceBehavior [ RunTime:0.001000s ]
INFO: [ app_end ] --END-- [ RunTime:0.001000s ]

[ 2018-01-09T15:13:58+08:00 ] 127.0.0.1 /index.php/Home/Yanzheng/YanzhenggetVerify/t/%2B%28new+Date%28%29%29.getTime%28%29%2B.html
INFO: [ app_begin ] --START--
INFO: Run Behavior\ReadHtmlCacheBehavior [ RunTime:0.000000s ]
INFO: [ app_begin ] --END-- [ RunTime:0.000000s ]
NOTIC: [8] A session had already been started - ignoring session_start() E:\dingy\test\codea\php\jxc\tp\TP\Application\Home\Controller\YanzhengController.class.php 第 13 行.
NOTIC: [8] Array to string conversion E:\dingy\test\codea\php\jxc\tp\TP\Application\Home\Controller\YanzhengController.class.php 第 20 行.
INFO: [ app_end ] --START--
INFO: Run Behavior\ShowPageTraceBehavior [ RunTime:0.001000s ]
INFO: [ app_end ] --END-- [ RunTime:0.001000s ]

[ 2018-01-09T15:14:15+08:00 ] 127.0.0.1 /index.php/Home/Yanzheng/YanzhenggetVerify/t/%2B%28new+Date%28%29%29.getTime%28%29%2B.html
INFO: [ app_begin ] --START--
INFO: Run Behavior\ReadHtmlCacheBehavior [ RunTime:0.000000s ]
INFO: [ app_begin ] --END-- [ RunTime:0.001000s ]
NOTIC: [8] A session had already been started - ignoring session_start() E:\dingy\test\codea\php\jxc\tp\TP\Application\Home\Controller\YanzhengController.class.php 第 13 行.
NOTIC: [8] Array to string conversion E:\dingy\test\codea\php\jxc\tp\TP\Application\Home\Controller\YanzhengController.class.php 第 20 行.
INFO: [ app_end ] --START--
INFO: Run Behavior\ShowPageTraceBehavior [ RunTime:0.000000s ]
INFO: [ app_end ] --END-- [ RunTime:0.000000s ]

[ 2018-01-09T15:14:56+08:00 ] 127.0.0.1 /index.php/Home/Yanzheng/YanzhenggetVerify/t/%2B%28new+Date%28%29%29.getTime%28%29%2B.html
INFO: [ app_begin ] --START--
INFO: Run Behavior\ReadHtmlCacheBehavior [ RunTime:0.000000s ]
INFO: [ app_begin ] --END-- [ RunTime:0.001000s ]
NOTIC: [8] A session had already been started - ignoring session_start() E:\dingy\test\codea\php\jxc\tp\TP\Application\Home\Controller\YanzhengController.class.php 第 13 行.
NOTIC: [8] Array to string conversion E:\dingy\test\codea\php\jxc\tp\TP\Application\Home\Controller\YanzhengController.class.php 第 20 行.
INFO: [ app_end ] --START--
INFO: Run Behavior\ShowPageTraceBehavior [ RunTime:0.000000s ]
INFO: [ app_end ] --END-- [ RunTime:0.000000s ]

[ 2018-01-09T15:15:18+08:00 ] 127.0.0.1 /index.php/Home/Yanzheng/YanzhenggetVerify/t/%2B%28new+Date%28%29%29.getTime%28%29%2B.html
INFO: [ app_begin ] --START--
INFO: Run Behavior\ReadHtmlCacheBehavior [ RunTime:0.000000s ]
INFO: [ app_begin ] --END-- [ RunTime:0.001000s ]
NOTIC: [8] A session had already been started - ignoring session_start() E:\dingy\test\codea\php\jxc\tp\TP\Application\Home\Controller\YanzhengController.class.php 第 13 行.
NOTIC: [8] Array to string conversion E:\dingy\test\codea\php\jxc\tp\TP\Application\Home\Controller\YanzhengController.class.php 第 20 行.
INFO: [ app_end ] --START--
INFO: Run Behavior\ShowPageTraceBehavior [ RunTime:0.000000s ]
INFO: [ app_end ] --END-- [ RunTime:0.000000s ]

[ 2018-01-09T15:16:50+08:00 ] 127.0.0.1 /index.php/Home/Yanzheng/YanzhenggetVerify/t/%2B%28new+Date%28%29%29.getTime%28%29%2B.html
INFO: [ app_begin ] --START--
INFO: Run Behavior\ReadHtmlCacheBehavior [ RunTime:0.000000s ]
INFO: [ app_begin ] --END-- [ RunTime:0.000000s ]
NOTIC: [8] A session had already been started - ignoring session_start() E:\dingy\test\codea\php\jxc\tp\TP\Application\Home\Controller\YanzhengController.class.php 第 13 行.
NOTIC: [8] Array to string conversion E:\dingy\test\codea\php\jxc\tp\TP\Application\Home\Controller\YanzhengController.class.php 第 20 行.
INFO: [ app_end ] --START--
INFO: Run Behavior\ShowPageTraceBehavior [ RunTime:0.000000s ]
INFO: [ app_end ] --END-- [ RunTime:0.000000s ]

[ 2018-01-09T15:17:42+08:00 ] 127.0.0.1 /index.php/Home/Yanzheng/YanzhenggetVerify/t/%2B%28new+Date%28%29%29.getTime%28%29%2B.html
INFO: [ app_begin ] --START--
INFO: Run Behavior\ReadHtmlCacheBehavior [ RunTime:0.001000s ]
INFO: [ app_begin ] --END-- [ RunTime:0.001000s ]
NOTIC: [8] A session had already been started - ignoring session_start() E:\dingy\test\codea\php\jxc\tp\TP\Application\Home\Controller\YanzhengController.class.php 第 13 行.
NOTIC: [8] Array to string conversion E:\dingy\test\codea\php\jxc\tp\TP\Application\Home\Controller\YanzhengController.class.php 第 20 行.
INFO: [ app_end ] --START--
INFO: Run Behavior\ShowPageTraceBehavior [ RunTime:0.000000s ]
INFO: [ app_end ] --END-- [ RunTime:0.000000s ]

[ 2018-01-09T15:17:55+08:00 ] 127.0.0.1 /index.php/Home/Yanzheng/YanzhenggetVerify/t/%2B%28new+Date%28%29%29.getTime%28%29%2B.html
INFO: [ app_begin ] --START--
INFO: Run Behavior\ReadHtmlCacheBehavior [ RunTime:0.000000s ]
INFO: [ app_begin ] --END-- [ RunTime:0.001000s ]
NOTIC: [8] A session had already been started - ignoring session_start() E:\dingy\test\codea\php\jxc\tp\TP\Application\Home\Controller\YanzhengController.class.php 第 13 行.
NOTIC: [8] Array to string conversion E:\dingy\test\codea\php\jxc\tp\TP\Application\Home\Controller\YanzhengController.class.php 第 20 行.
INFO: [ app_end ] --START--
INFO: Run Behavior\ShowPageTraceBehavior [ RunTime:0.000000s ]
INFO: [ app_end ] --END-- [ RunTime:0.000000s ]

[ 2018-01-09T15:19:11+08:00 ] 127.0.0.1 /index.php/Home/Yanzheng/YanzhenggetVerify/t/%2B%28new+Date%28%29%29.getTime%28%29%2B.html
INFO: [ app_begin ] --START--
INFO: Run Behavior\ReadHtmlCacheBehavior [ RunTime:0.001000s ]
INFO: [ app_begin ] --END-- [ RunTime:0.001000s ]
NOTIC: [8] A session had already been started - ignoring session_start() E:\dingy\test\codea\php\jxc\tp\TP\Application\Home\Controller\YanzhengController.class.php 第 13 行.
NOTIC: [8] Array to string conversion E:\dingy\test\codea\php\jxc\tp\TP\Application\Home\Controller\YanzhengController.class.php 第 20 行.
INFO: [ app_end ] --START--
INFO: Run Behavior\ShowPageTraceBehavior [ RunTime:0.000000s ]
INFO: [ app_end ] --END-- [ RunTime:0.001000s ]

[ 2018-01-09T15:19:24+08:00 ] 127.0.0.1 /index.php/Home/Yanzheng/YanzhenggetVerify/t/%2B%28new+Date%28%29%29.getTime%28%29%2B.html
INFO: [ app_begin ] --START--
INFO: Run Behavior\ReadHtmlCacheBehavior [ RunTime:0.001000s ]
INFO: [ app_begin ] --END-- [ RunTime:0.001000s ]
NOTIC: [8] A session had already been started - ignoring session_start() E:\dingy\test\codea\php\jxc\tp\TP\Application\Home\Controller\YanzhengController.class.php 第 13 行.
NOTIC: [8] Array to string conversion E:\dingy\test\codea\php\jxc\tp\TP\Application\Home\Controller\YanzhengController.class.php 第 20 行.
INFO: [ app_end ] --START--
INFO: Run Behavior\ShowPageTraceBehavior [ RunTime:0.000000s ]
INFO: [ app_end ] --END-- [ RunTime:0.000000s ]

[ 2018-01-09T15:19:25+08:00 ] 127.0.0.1 /index.php/Home/Yanzheng/YanzhenggetVerify/t/%2B%28new+Date%28%29%29.getTime%28%29%2B.html
INFO: [ app_begin ] --START--
INFO: Run Behavior\ReadHtmlCacheBehavior [ RunTime:0.000000s ]
INFO: [ app_begin ] --END-- [ RunTime:0.000000s ]
NOTIC: [8] A session had already been started - ignoring session_start() E:\dingy\test\codea\php\jxc\tp\TP\Application\Home\Controller\YanzhengController.class.php 第 13 行.
NOTIC: [8] Array to string conversion E:\dingy\test\codea\php\jxc\tp\TP\Application\Home\Controller\YanzhengController.class.php 第 20 行.
INFO: [ app_end ] --START--
INFO: Run Behavior\ShowPageTraceBehavior [ RunTime:0.000000s ]
INFO: [ app_end ] --END-- [ RunTime:0.000000s ]

[ 2018-01-09T15:19:46+08:00 ] 127.0.0.1 /index.php/Home/Yanzheng/YanzhenggetVerify/t/%2B%28new+Date%28%29%29.getTime%28%29%2B.html
INFO: [ app_begin ] --START--
INFO: Run Behavior\ReadHtmlCacheBehavior [ RunTime:0.001000s ]
INFO: [ app_begin ] --END-- [ RunTime:0.001000s ]
NOTIC: [8] A session had already been started - ignoring session_start() E:\dingy\test\codea\php\jxc\tp\TP\Application\Home\Controller\YanzhengController.class.php 第 13 行.
NOTIC: [8] Array to string conversion E:\dingy\test\codea\php\jxc\tp\TP\Application\Home\Controller\YanzhengController.class.php 第 20 行.
INFO: [ app_end ] --START--
INFO: Run Behavior\ShowPageTraceBehavior [ RunTime:0.000000s ]
INFO: [ app_end ] --END-- [ RunTime:0.000000s ]

[ 2018-01-09T15:19:57+08:00 ] 127.0.0.1 /index.php/Home/Yanzheng/YanzhenggetVerify/t/%2B%28new+Date%28%29%29.getTime%28%29%2B.html
INFO: [ app_begin ] --START--
INFO: Run Behavior\ReadHtmlCacheBehavior [ RunTime:0.000000s ]
INFO: [ app_begin ] --END-- [ RunTime:0.001000s ]
NOTIC: [8] A session had already been started - ignoring session_start() E:\dingy\test\codea\php\jxc\tp\TP\Application\Home\Controller\YanzhengController.class.php 第 13 行.
NOTIC: [8] Array to string conversion E:\dingy\test\codea\php\jxc\tp\TP\Application\Home\Controller\YanzhengController.class.php 第 20 行.
INFO: [ app_end ] --START--
INFO: Run Behavior\ShowPageTraceBehavior [ RunTime:0.001000s ]
INFO: [ app_end ] --END-- [ RunTime:0.001000s ]

[ 2018-01-09T15:20:07+08:00 ] 127.0.0.1 /index.php/Home/Yanzheng/YanzhenggetVerify/t/%2B%28new+Date%28%29%29.getTime%28%29%2B.html
INFO: [ app_begin ] --START--
INFO: Run Behavior\ReadHtmlCacheBehavior [ RunTime:0.001000s ]
INFO: [ app_begin ] --END-- [ RunTime:0.001000s ]
NOTIC: [8] A session had already been started - ignoring session_start() E:\dingy\test\codea\php\jxc\tp\TP\Application\Home\Controller\YanzhengController.class.php 第 13 行.
NOTIC: [8] Array to string conversion E:\dingy\test\codea\php\jxc\tp\TP\Application\Home\Controller\YanzhengController.class.php 第 20 行.
INFO: [ app_end ] --START--
INFO: Run Behavior\ShowPageTraceBehavior [ RunTime:0.001000s ]
INFO: [ app_end ] --END-- [ RunTime:0.001000s ]

[ 2018-01-09T15:20:08+08:00 ] 127.0.0.1 /index.php/Home/Yanzheng/YanzhenggetVerify/t/%2B%28new+Date%28%29%29.getTime%28%29%2B.html
INFO: [ app_begin ] --START--
INFO: Run Behavior\ReadHtmlCacheBehavior [ RunTime:0.000000s ]
INFO: [ app_begin ] --END-- [ RunTime:0.001000s ]
NOTIC: [8] A session had already been started - ignoring session_start() E:\dingy\test\codea\php\jxc\tp\TP\Application\Home\Controller\YanzhengController.class.php 第 13 行.
NOTIC: [8] Array to string conversion E:\dingy\test\codea\php\jxc\tp\TP\Application\Home\Controller\YanzhengController.class.php 第 20 行.
INFO: [ app_end ] --START--
INFO: Run Behavior\ShowPageTraceBehavior [ RunTime:0.000000s ]
INFO: [ app_end ] --END-- [ RunTime:0.000000s ]

[ 2018-01-09T15:20:14+08:00 ] 127.0.0.1 /index.php/Home/Yanzheng/YanzhenggetVerify/t/%2B%28new+Date%28%29%29.getTime%28%29%2B.html
INFO: [ app_begin ] --START--
INFO: Run Behavior\ReadHtmlCacheBehavior [ RunTime:0.001000s ]
INFO: [ app_begin ] --END-- [ RunTime:0.001000s ]
NOTIC: [8] A session had already been started - ignoring session_start() E:\dingy\test\codea\php\jxc\tp\TP\Application\Home\Controller\YanzhengController.class.php 第 13 行.
NOTIC: [8] Array to string conversion E:\dingy\test\codea\php\jxc\tp\TP\Application\Home\Controller\YanzhengController.class.php 第 20 行.
INFO: [ app_end ] --START--
INFO: Run Behavior\ShowPageTraceBehavior [ RunTime:0.001000s ]
INFO: [ app_end ] --END-- [ RunTime:0.001000s ]

[ 2018-01-09T15:20:25+08:00 ] 127.0.0.1 /index.php/Home/Yanzheng/YanzhenggetVerify/t/%2B%28new+Date%28%29%29.getTime%28%29%2B.html
INFO: [ app_begin ] --START--
INFO: Run Behavior\ReadHtmlCacheBehavior [ RunTime:0.000000s ]
INFO: [ app_begin ] --END-- [ RunTime:0.000000s ]
NOTIC: [8] A session had already been started - ignoring session_start() E:\dingy\test\codea\php\jxc\tp\TP\Application\Home\Controller\YanzhengController.class.php 第 13 行.
NOTIC: [8] Array to string conversion E:\dingy\test\codea\php\jxc\tp\TP\Application\Home\Controller\YanzhengController.class.php 第 20 行.
INFO: [ app_end ] --START--
INFO: Run Behavior\ShowPageTraceBehavior [ RunTime:0.001000s ]
INFO: [ app_end ] --END-- [ RunTime:0.001000s ]

[ 2018-01-09T15:22:32+08:00 ] 127.0.0.1 /index.php/Home/Yanzheng/YanzhenggetVerify/t/%2B%28new+Date%28%29%29.getTime%28%29%2B.html
INFO: [ app_begin ] --START--
INFO: Run Behavior\ReadHtmlCacheBehavior [ RunTime:0.001000s ]
INFO: [ app_begin ] --END-- [ RunTime:0.001000s ]
NOTIC: [8] A session had already been started - ignoring session_start() E:\dingy\test\codea\php\jxc\tp\TP\Application\Home\Controller\YanzhengController.class.php 第 13 行.
NOTIC: [8] Array to string conversion E:\dingy\test\codea\php\jxc\tp\TP\Application\Home\Controller\YanzhengController.class.php 第 20 行.
INFO: [ app_end ] --START--
INFO: Run Behavior\ShowPageTraceBehavior [ RunTime:0.000000s ]
INFO: [ app_end ] --END-- [ RunTime:0.000000s ]

[ 2018-01-09T15:22:44+08:00 ] 127.0.0.1 /index.php/Home/Login/login_index.html
ERR: 1146:Table 'jxc.jxc_jxc_member' doesn't exist
 [ SQL语句 ] : SHOW COLUMNS FROM `jxc_jxc_member`

[ 2018-01-09T15:22:52+08:00 ] 127.0.0.1 /index.php/Home/Yanzheng/YanzhenggetVerify/t/%2B%28new+Date%28%29%29.getTime%28%29%2B.html
INFO: [ app_begin ] --START--
INFO: Run Behavior\ReadHtmlCacheBehavior [ RunTime:0.000000s ]
INFO: [ app_begin ] --END-- [ RunTime:0.001000s ]
NOTIC: [8] A session had already been started - ignoring session_start() E:\dingy\test\codea\php\jxc\tp\TP\Application\Home\Controller\YanzhengController.class.php 第 13 行.
NOTIC: [8] Array to string conversion E:\dingy\test\codea\php\jxc\tp\TP\Application\Home\Controller\YanzhengController.class.php 第 20 行.
INFO: [ app_end ] --START--
INFO: Run Behavior\ShowPageTraceBehavior [ RunTime:0.001000s ]
INFO: [ app_end ] --END-- [ RunTime:0.001000s ]

[ 2018-01-09T15:23:25+08:00 ] 127.0.0.1 /index.php/Home/Yanzheng/YanzhenggetVerify/t/%2B%28new+Date%28%29%29.getTime%28%29%2B.html
INFO: [ app_begin ] --START--
INFO: Run Behavior\ReadHtmlCacheBehavior [ RunTime:0.001000s ]
INFO: [ app_begin ] --END-- [ RunTime:0.001000s ]
NOTIC: [8] A session had already been started - ignoring session_start() E:\dingy\test\codea\php\jxc\tp\TP\Application\Home\Controller\YanzhengController.class.php 第 13 行.
NOTIC: [8] Array to string conversion E:\dingy\test\codea\php\jxc\tp\TP\Application\Home\Controller\YanzhengController.class.php 第 20 行.
INFO: [ app_end ] --START--
INFO: Run Behavior\ShowPageTraceBehavior [ RunTime:0.001000s ]
INFO: [ app_end ] --END-- [ RunTime:0.001000s ]

[ 2018-01-09T15:23:36+08:00 ] 127.0.0.1 /index.php/Home/Login/login_index.html
ERR: 1146:Table 'jxc.member' doesn't exist
 [ SQL语句 ] : select * from member where member_name='jack' and member_pwd='4ff9fc6e4e5d5f590c4f2134a8cc96d1'

[ 2018-01-09T15:24:58+08:00 ] 127.0.0.1 /index.php/Home/Yanzheng/YanzhenggetVerify/t/%2B%28new+Date%28%29%29.getTime%28%29%2B.html
INFO: [ app_begin ] --START--
INFO: Run Behavior\ReadHtmlCacheBehavior [ RunTime:0.001000s ]
INFO: [ app_begin ] --END-- [ RunTime:0.002000s ]
NOTIC: [8] A session had already been started - ignoring session_start() E:\dingy\test\codea\php\jxc\tp\TP\Application\Home\Controller\YanzhengController.class.php 第 13 行.
NOTIC: [8] Array to string conversion E:\dingy\test\codea\php\jxc\tp\TP\Application\Home\Controller\YanzhengController.class.php 第 20 行.
INFO: [ app_end ] --START--
INFO: Run Behavior\ShowPageTraceBehavior [ RunTime:0.000000s ]
INFO: [ app_end ] --END-- [ RunTime:0.000000s ]

[ 2018-01-09T15:25:14+08:00 ] 127.0.0.1 /index.php/Home/Login/main
ERR: 非法操作:main

[ 2018-01-09T15:25:24+08:00 ] 127.0.0.1 /index.php/Home/Yanzheng/YanzhenggetVerify/t/%2B%28new+Date%28%29%29.getTime%28%29%2B.html
INFO: [ app_begin ] --START--
INFO: Run Behavior\ReadHtmlCacheBehavior [ RunTime:0.000000s ]
INFO: [ app_begin ] --END-- [ RunTime:0.000000s ]
NOTIC: [8] A session had already been started - ignoring session_start() E:\dingy\test\codea\php\jxc\tp\TP\Application\Home\Controller\YanzhengController.class.php 第 13 行.
NOTIC: [8] Array to string conversion E:\dingy\test\codea\php\jxc\tp\TP\Application\Home\Controller\YanzhengController.class.php 第 20 行.
INFO: [ app_end ] --START--
INFO: Run Behavior\ShowPageTraceBehavior [ RunTime:0.000000s ]
INFO: [ app_end ] --END-- [ RunTime:0.000000s ]

[ 2018-01-09T15:25:43+08:00 ] 127.0.0.1 /index.php/Home/Login/main
ERR: 非法操作:main

[ 2018-01-09T15:25:45+08:00 ] 127.0.0.1 /index.php/Home/Yanzheng/YanzhenggetVerify/t/%2B%28new+Date%28%29%29.getTime%28%29%2B.html
INFO: [ app_begin ] --START--
INFO: Run Behavior\ReadHtmlCacheBehavior [ RunTime:0.000000s ]
INFO: [ app_begin ] --END-- [ RunTime:0.000000s ]
NOTIC: [8] A session had already been started - ignoring session_start() E:\dingy\test\codea\php\jxc\tp\TP\Application\Home\Controller\YanzhengController.class.php 第 13 行.
NOTIC: [8] Array to string conversion E:\dingy\test\codea\php\jxc\tp\TP\Application\Home\Controller\YanzhengController.class.php 第 20 行.
INFO: [ app_end ] --START--
INFO: Run Behavior\ShowPageTraceBehavior [ RunTime:0.000000s ]
INFO: [ app_end ] --END-- [ RunTime:0.000000s ]

[ 2018-01-09T15:31:31+08:00 ] 127.0.0.1 /index.php/Home/Yanzheng/YanzhenggetVerify/t/%2B%28new+Date%28%29%29.getTime%28%29%2B.html
INFO: [ app_begin ] --START--
INFO: Run Behavior\ReadHtmlCacheBehavior [ RunTime:0.000000s ]
INFO: [ app_begin ] --END-- [ RunTime:0.000000s ]
NOTIC: [8] A session had already been started - ignoring session_start() E:\dingy\test\codea\php\jxc\tp\TP\Application\Home\Controller\YanzhengController.class.php 第 13 行.
NOTIC: [8] Array to string conversion E:\dingy\test\codea\php\jxc\tp\TP\Application\Home\Controller\YanzhengController.class.php 第 20 行.
INFO: [ app_end ] --START--
INFO: Run Behavior\ShowPageTraceBehavior [ RunTime:0.000000s ]
INFO: [ app_end ] --END-- [ RunTime:0.000000s ]

[ 2018-01-09T15:31:40+08:00 ] 127.0.0.1 /index.php/Home/Login/index
ERR: 非法操作:index
=======
[ 2018-01-09T11:20:48+08:00 ] 127.0.0.1 /index.php/Home/Lk/resource/js/lib/jquery-1.11.1.min.js?v=20180105100330
ERR: 非法操作:resource

[ 2018-01-09T11:22:02+08:00 ] 127.0.0.1 /index.php/Home/Lk/resource/js/lib/jquery-1.11.1.min.js?v=20180105100330
ERR: 非法操作:resource

[ 2018-01-09T11:22:16+08:00 ] 127.0.0.1 /index.php/Home/Lk/resource/js/lib/jquery-1.11.1.min.js?v=20180105100330
ERR: 非法操作:resource

[ 2018-01-09T11:22:19+08:00 ] 127.0.0.1 /index.php/Home/Lk/resource/js/lib/jquery-1.11.1.min.js?v=20180105100330
ERR: 非法操作:resource

[ 2018-01-09T11:22:23+08:00 ] 127.0.0.1 /index.php/Home/Lk/resource/js/lib/jquery-1.11.1.min.js?v=20180105100330
ERR: 非法操作:resource

[ 2018-01-09T11:26:27+08:00 ] 127.0.0.1 /index.php/Home/Lk/resource/js/lib/jquery-1.11.1.min.js?v=20180105100330
ERR: 非法操作:resource

[ 2018-01-09T11:26:27+08:00 ] 127.0.0.1 /index.php/Home/Lk/resource/js/lib/jquery-1.11.1.min.js?v=20180105100330
ERR: 非法操作:resource

[ 2018-01-09T11:26:28+08:00 ] 127.0.0.1 /index.php/Home/Lk/resource/js/lib/jquery-1.11.1.min.js?v=20180105100330
ERR: 非法操作:resource

[ 2018-01-09T11:26:31+08:00 ] 127.0.0.1 /index.php/Home/Lk/resource/js/lib/jquery-1.11.1.min.js?v=20180105100330
ERR: 非法操作:resource

[ 2018-01-09T11:26:31+08:00 ] 127.0.0.1 /index.php/Home/Lk/resource/js/lib/jquery-1.11.1.min.js?v=20180105100330
ERR: 非法操作:resource

[ 2018-01-09T11:40:00+08:00 ] 127.0.0.1 /index.php/Home/Lk/resource/js/lib/jquery-1.11.1.min.js?v=20180105100330
ERR: 非法操作:resource

[ 2018-01-09T11:40:02+08:00 ] 127.0.0.1 /index.php/Home/Lk/Lk.html
ERR: 非法操作:Lk

[ 2018-01-09T11:40:05+08:00 ] 127.0.0.1 /index.php/Home/Lk/resource/js/lib/jquery-1.11.1.min.js?v=20180105100330
ERR: 非法操作:resource

[ 2018-01-09T11:40:05+08:00 ] 127.0.0.1 /index.php/Home/Lk/resource/js/lib/jquery-1.11.1.min.js?v=20180105100330
ERR: 非法操作:resource

[ 2018-01-09T11:57:45+08:00 ] 127.0.0.1 /index.php/Home/Lk/resource/js/lib/jquery-1.11.1.min.js?v=20180105100330
ERR: 非法操作:resource

[ 2018-01-09T12:00:20+08:00 ] 127.0.0.1 /index.php/Home/Lk/resource/js/lib/jquery-1.11.1.min.js?v=20180105100330
ERR: 非法操作:resource

[ 2018-01-09T15:01:05+08:00 ] 127.0.0.1 /index.php/Home/Lk/resource/js/lib/jquery-1.11.1.min.js?v=20180105100330
ERR: 非法操作:resource

[ 2018-01-09T15:01:09+08:00 ] 127.0.0.1 /index.php/Home/Lk/resource/js/lib/jquery-1.11.1.min.js?v=20180105100330
ERR: 非法操作:resource

[ 2018-01-09T15:13:59+08:00 ] 127.0.0.1 /index.php/Home/Lk/resource/js/lib/jquery-1.11.1.min.js?v=20180105100330
ERR: 非法操作:resource

[ 2018-01-09T15:14:05+08:00 ] 127.0.0.1 /index.php/Home/Lk/resource/js/lib/jquery-1.11.1.min.js?v=20180105100330
ERR: 非法操作:resource

[ 2018-01-09T15:20:59+08:00 ] 127.0.0.1 /index.php/Home/Lk/resource/js/lib/jquery-1.11.1.min.js?v=20180105100330
ERR: 非法操作:resource

[ 2018-01-09T15:26:13+08:00 ] 127.0.0.1 /index.php/Home/Lk/resource/js/lib/jquery-1.11.1.min.js?v=20180105100330
ERR: 非法操作:resource

[ 2018-01-09T15:52:13+08:00 ] 127.0.0.1 /index.php/Home/Lk/export.html
ERR: 1054:Unknown column 'news_id' in 'field list'
 [ SQL语句 ] : SELECT `news_id`,`news_title`,`news_content`,`news_pic` FROM `jxc_shezhi` 

[ 2018-01-09T15:54:15+08:00 ] 127.0.0.1 /index.php/Home/Lk/export.html
ERR: 1054:Unknown column 'shezhi_zhifubao' in 'field list'
 [ SQL语句 ] : SELECT `shezhi_id`,`shezhi_zhifubao`,`shezhi_username` FROM `jxc_shezhi` 

[ 2018-01-09T15:55:31+08:00 ] 127.0.0.1 /index.php/Home/Lk/resource/js/lib/jquery-1.11.1.min.js?v=20180105100330
ERR: 非法操作:resource

[ 2018-01-09T15:55:33+08:00 ] 127.0.0.1 /index.php/Home/Lk/resource/js/lib/jquery-1.11.1.min.js?v=20180105100330
ERR: 非法操作:resource

[ 2018-01-09T15:57:16+08:00 ] 127.0.0.1 /index.php/Home/Lk/resource/js/lib/jquery-1.11.1.min.js?v=20180105100330
ERR: 非法操作:resource

[ 2018-01-09T16:01:03+08:00 ] 127.0.0.1 /index.php/Home/Lk/resource/js/lib/jquery-1.11.1.min.js?v=20180105100330
ERR: 非法操作:resource

[ 2018-01-09T16:01:06+08:00 ] 127.0.0.1 /index.php/Home/Lk/resource/js/lib/jquery-1.11.1.min.js?v=20180105100330
ERR: 非法操作:resource

[ 2018-01-09T16:01:24+08:00 ] 127.0.0.1 /index.php/Home/Lk/resource/js/lib/jquery-1.11.1.min.js?v=20180105100330
ERR: 非法操作:resource

[ 2018-01-09T16:04:43+08:00 ] 127.0.0.1 /index.php/Home/Lk/resource/js/lib/jquery-1.11.1.min.js?v=20180105100330
ERR: 非法操作:resource

[ 2018-01-09T16:04:45+08:00 ] 127.0.0.1 /index.php/Home/Lk/resource/js/lib/jquery-1.11.1.min.js?v=20180105100330
ERR: 非法操作:resource

[ 2018-01-09T16:04:49+08:00 ] 127.0.0.1 /index.php/Home/Lk/resource/js/lib/jquery-1.11.1.min.js?v=20180105100330
ERR: 非法操作:resource

[ 2018-01-09T16:04:53+08:00 ] 127.0.0.1 /index.php/Home/Lk/resource/js/lib/jquery-1.11.1.min.js?v=20180105100330
ERR: 非法操作:resource

[ 2018-01-09T16:05:23+08:00 ] 127.0.0.1 /index.php/Home/Lk/resource/js/lib/jquery-1.11.1.min.js?v=20180105100330
ERR: 非法操作:resource

[ 2018-01-09T16:05:51+08:00 ] 127.0.0.1 /index.php/Home/Lk/resource/js/lib/jquery-1.11.1.min.js?v=20180105100330
ERR: 非法操作:resource

[ 2018-01-09T16:05:52+08:00 ] 127.0.0.1 /index.php/Home/Lk/resource/js/lib/jquery-1.11.1.min.js?v=20180105100330
ERR: 非法操作:resource

[ 2018-01-09T16:05:59+08:00 ] 127.0.0.1 /index.php/Home/Lk/resource/js/lib/jquery-1.11.1.min.js?v=20180105100330
ERR: 非法操作:resource

[ 2018-01-09T16:06:05+08:00 ] 127.0.0.1 /index.php/Home/Lk/resource/js/lib/jquery-1.11.1.min.js?v=20180105100330
ERR: 非法操作:resource

[ 2018-01-09T16:06:06+08:00 ] 127.0.0.1 /index.php/Home/Lk/resource/js/lib/jquery-1.11.1.min.js?v=20180105100330
ERR: 非法操作:resource

[ 2018-01-09T16:06:07+08:00 ] 127.0.0.1 /index.php/Home/Lk/resource/js/lib/jquery-1.11.1.min.js?v=20180105100330
ERR: 非法操作:resource

[ 2018-01-09T16:06:12+08:00 ] 127.0.0.1 /index.php/Home/Lk/resource/js/lib/jquery-1.11.1.min.js?v=20180105100330
ERR: 非法操作:resource

[ 2018-01-09T16:30:14+08:00 ] 127.0.0.1 /index.php/Home/Lk/resource/js/lib/jquery-1.11.1.min.js?v=20180105100330
ERR: 非法操作:resource

[ 2018-01-09T16:32:44+08:00 ] 127.0.0.1 /index.php/Home/Lk/resource/js/lib/jquery-1.11.1.min.js?v=20180105100330
ERR: 非法操作:resource

[ 2018-01-09T16:32:47+08:00 ] 127.0.0.1 /index.php/Home/Lk/resource/js/lib/jquery-1.11.1.min.js?v=20180105100330
ERR: 非法操作:resource

[ 2018-01-09T16:32:47+08:00 ] 127.0.0.1 /index.php/Home/Lk/resource/js/lib/jquery-1.11.1.min.js?v=20180105100330
ERR: 非法操作:resource

[ 2018-01-09T16:33:04+08:00 ] 127.0.0.1 /index.php/Home/Lk/resource/js/lib/jquery-1.11.1.min.js?v=20180105100330
ERR: 非法操作:resource

[ 2018-01-09T16:33:06+08:00 ] 127.0.0.1 /index.php/Home/Lk/resource/js/lib/jquery-1.11.1.min.js?v=20180105100330
ERR: 非法操作:resource

[ 2018-01-09T16:33:07+08:00 ] 127.0.0.1 /index.php/Home/Lk/resource/js/lib/jquery-1.11.1.min.js?v=20180105100330
ERR: 非法操作:resource

[ 2018-01-09T16:34:24+08:00 ] 127.0.0.1 /index.php/Home/Lk/resource/js/lib/jquery-1.11.1.min.js?v=20180105100330
ERR: 非法操作:resource

[ 2018-01-09T16:34:27+08:00 ] 127.0.0.1 /index.php/Home/Lk/resource/js/lib/jquery-1.11.1.min.js?v=20180105100330
ERR: 非法操作:resource

[ 2018-01-09T16:34:29+08:00 ] 127.0.0.1 /index.php/Home/Lk/resource/js/lib/jquery-1.11.1.min.js?v=20180105100330
ERR: 非法操作:resource

[ 2018-01-09T16:35:26+08:00 ] 127.0.0.1 /index.php/Home/Lk/resource/js/lib/jquery-1.11.1.min.js?v=20180105100330
ERR: 非法操作:resource

[ 2018-01-09T16:36:03+08:00 ] 127.0.0.1 /index.php/Home/Lk/resource/js/lib/jquery-1.11.1.min.js?v=20180105100330
ERR: 非法操作:resource

[ 2018-01-09T16:36:05+08:00 ] 127.0.0.1 /index.php/Home/Lk/resource/js/lib/jquery-1.11.1.min.js?v=20180105100330
ERR: 非法操作:resource

[ 2018-01-09T16:36:28+08:00 ] 127.0.0.1 /index.php/Home/Lk/resource/js/lib/jquery-1.11.1.min.js?v=20180105100330
ERR: 非法操作:resource

[ 2018-01-09T16:41:46+08:00 ] 127.0.0.1 /index.php/Home/Lk/resource/js/lib/jquery-1.11.1.min.js?v=20180105100330
ERR: 非法操作:resource

[ 2018-01-09T16:42:29+08:00 ] 127.0.0.1 /index.php/Home/Lk/resource/js/lib/jquery-1.11.1.min.js?v=20180105100330
ERR: 非法操作:resource

[ 2018-01-09T16:44:01+08:00 ] 127.0.0.1 /index.php/Home/Lk/resource/js/lib/jquery-1.11.1.min.js?v=20180105100330
ERR: 非法操作:resource

[ 2018-01-09T16:50:51+08:00 ] 127.0.0.1 /index.php/Home/Lk/resource/js/lib/jquery-1.11.1.min.js?v=20180105100330
ERR: 非法操作:resource

[ 2018-01-09T16:54:43+08:00 ] 127.0.0.1 /index.php/Home/Lk/resource/js/lib/jquery-1.11.1.min.js?v=20180105100330
ERR: 非法操作:resource

[ 2018-01-09T16:54:54+08:00 ] 127.0.0.1 /index.php/Home/Lk/resource/js/lib/jquery-1.11.1.min.js?v=20180105100330
ERR: 非法操作:resource

[ 2018-01-09T16:55:47+08:00 ] 127.0.0.1 /index.php/Home/Lk/resource/js/lib/jquery-1.11.1.min.js?v=20180105100330
ERR: 非法操作:resource

[ 2018-01-09T16:55:50+08:00 ] 127.0.0.1 /index.php/Home/Lk/resource/js/lib/jquery-1.11.1.min.js?v=20180105100330
ERR: 非法操作:resource

[ 2018-01-09T16:58:45+08:00 ] 127.0.0.1 /index.php/Home/Lk/resource/js/lib/jquery-1.11.1.min.js?v=20180105100330
ERR: 非法操作:resource

[ 2018-01-09T16:59:13+08:00 ] 127.0.0.1 /index.php/Home/Lk/resource/js/lib/jquery-1.11.1.min.js?v=20180105100330
ERR: 非法操作:resource

[ 2018-01-09T17:02:02+08:00 ] 127.0.0.1 /index.php/Home/Lk/resource/js/lib/jquery-1.11.1.min.js?v=20180105100330
ERR: 非法操作:resource

[ 2018-01-09T17:02:04+08:00 ] 127.0.0.1 /index.php/Home/Lk/resource/js/lib/jquery-1.11.1.min.js?v=20180105100330
ERR: 非法操作:resource

[ 2018-01-09T17:02:06+08:00 ] 127.0.0.1 /index.php/Home/Lk/resource/js/lib/jquery-1.11.1.min.js?v=20180105100330
ERR: 非法操作:resource

[ 2018-01-09T17:02:06+08:00 ] 127.0.0.1 /index.php/Home/Lk/resource/js/lib/jquery-1.11.1.min.js?v=20180105100330
ERR: 非法操作:resource

[ 2018-01-09T17:02:43+08:00 ] 127.0.0.1 /index.php/Home/Lk/resource/js/lib/jquery-1.11.1.min.js?v=20180105100330
ERR: 非法操作:resource

[ 2018-01-09T17:02:45+08:00 ] 127.0.0.1 /index.php/Home/Lk/resource/js/lib/jquery-1.11.1.min.js?v=20180105100330
ERR: 非法操作:resource

[ 2018-01-09T17:02:46+08:00 ] 127.0.0.1 /index.php/Home/Lk/resource/js/lib/jquery-1.11.1.min.js?v=20180105100330
ERR: 非法操作:resource

[ 2018-01-09T17:02:59+08:00 ] 127.0.0.1 /index.php/Home/Lk/resource/js/lib/jquery-1.11.1.min.js?v=20180105100330
ERR: 非法操作:resource

[ 2018-01-09T17:03:00+08:00 ] 127.0.0.1 /index.php/Home/Lk/resource/js/lib/jquery-1.11.1.min.js?v=20180105100330
ERR: 非法操作:resource

[ 2018-01-09T17:03:36+08:00 ] 127.0.0.1 /index.php/Home/Lk/resource/js/lib/jquery-1.11.1.min.js?v=20180105100330
ERR: 非法操作:resource

[ 2018-01-09T17:04:29+08:00 ] 127.0.0.1 /index.php/Home/Lk/resource/js/lib/jquery-1.11.1.min.js?v=20180105100330
ERR: 非法操作:resource

[ 2018-01-09T17:05:24+08:00 ] 127.0.0.1 /index.php/Home/Lk/resource/js/lib/jquery-1.11.1.min.js?v=20180105100330
ERR: 非法操作:resource

[ 2018-01-09T17:05:31+08:00 ] 127.0.0.1 /index.php/Home/Lk/resource/js/lib/jquery-1.11.1.min.js?v=20180105100330
ERR: 非法操作:resource

[ 2018-01-09T17:07:03+08:00 ] 127.0.0.1 /index.php/Home/Lk/resource/js/lib/jquery-1.11.1.min.js?v=20180105100330
ERR: 非法操作:resource

[ 2018-01-09T17:07:07+08:00 ] 127.0.0.1 /index.php/Home/Lk/resource/js/lib/jquery-1.11.1.min.js?v=20180105100330
ERR: 非法操作:resource

[ 2018-01-09T17:10:35+08:00 ] 127.0.0.1 /index.php/Home/Lk/resource/js/lib/jquery-1.11.1.min.js?v=20180105100330
ERR: 非法操作:resource

[ 2018-01-09T17:10:39+08:00 ] 127.0.0.1 /index.php/Home/Lk/resource/js/lib/jquery-1.11.1.min.js?v=20180105100330
ERR: 非法操作:resource

[ 2018-01-09T17:15:32+08:00 ] 127.0.0.1 /index.php/Home/Lk/resource/js/lib/jquery-1.11.1.min.js?v=20180105100330
ERR: 非法操作:resource

[ 2018-01-09T17:15:37+08:00 ] 127.0.0.1 /index.php/Home/Lk/resource/js/lib/jquery-1.11.1.min.js?v=20180105100330
ERR: 非法操作:resource

[ 2018-01-09T17:17:09+08:00 ] 127.0.0.1 /index.php/Home/Lk/resource/js/lib/jquery-1.11.1.min.js?v=20180105100330
ERR: 非法操作:resource

[ 2018-01-09T17:27:41+08:00 ] 127.0.0.1 /index.php/Home/Lk/resource/js/lib/jquery-1.11.1.min.js?v=20180105100330
ERR: 非法操作:resource

[ 2018-01-09T17:28:01+08:00 ] 127.0.0.1 /index.php/Home/Lk/resource/js/lib/jquery-1.11.1.min.js?v=20180105100330
ERR: 非法操作:resource

[ 2018-01-09T17:29:53+08:00 ] 127.0.0.1 /index.php/Home/Lk/resource/js/lib/jquery-1.11.1.min.js?v=20180105100330
ERR: 非法操作:resource

[ 2018-01-09T17:30:20+08:00 ] 127.0.0.1 /index.php/Home/Lk/resource/js/lib/jquery-1.11.1.min.js?v=20180105100330
ERR: 非法操作:resource

[ 2018-01-09T17:31:58+08:00 ] 127.0.0.1 /index.php/Home/Lk/resource/js/lib/jquery-1.11.1.min.js?v=20180105100330
ERR: 非法操作:resource

[ 2018-01-09T17:31:59+08:00 ] 127.0.0.1 /index.php/Home/Lk/resource/js/lib/jquery-1.11.1.min.js?v=20180105100330
ERR: 非法操作:resource

[ 2018-01-09T17:32:00+08:00 ] 127.0.0.1 /index.php/Home/Lk/resource/js/lib/jquery-1.11.1.min.js?v=20180105100330
ERR: 非法操作:resource

[ 2018-01-09T17:32:00+08:00 ] 127.0.0.1 /index.php/Home/Lk/resource/js/lib/jquery-1.11.1.min.js?v=20180105100330
ERR: 非法操作:resource

[ 2018-01-09T17:32:03+08:00 ] 127.0.0.1 /index.php/Home/Lk/resource/js/lib/jquery-1.11.1.min.js?v=20180105100330
ERR: 非法操作:resource

[ 2018-01-09T17:32:03+08:00 ] 127.0.0.1 /index.php/Home/Lk/resource/js/lib/jquery-1.11.1.min.js?v=20180105100330
ERR: 非法操作:resource

[ 2018-01-09T17:32:04+08:00 ] 127.0.0.1 /index.php/Home/Lk/resource/js/lib/jquery-1.11.1.min.js?v=20180105100330
ERR: 非法操作:resource

[ 2018-01-09T17:44:49+08:00 ] 127.0.0.1 /index.php/Home/Lk/resource/js/lib/jquery-1.11.1.min.js?v=20180105100330
ERR: 非法操作:resource

[ 2018-01-09T17:44:53+08:00 ] 127.0.0.1 /index.php/Home/Lk/resource/js/lib/jquery-1.11.1.min.js?v=20180105100330
ERR: 非法操作:resource

[ 2018-01-09T17:50:53+08:00 ] 127.0.0.1 /index.php/Home/Lk/resource/js/lib/jquery-1.11.1.min.js?v=20180105100330
ERR: 非法操作:resource

[ 2018-01-09T17:50:54+08:00 ] 127.0.0.1 /index.php/Home/Lk/resource/js/lib/jquery-1.11.1.min.js?v=20180105100330
ERR: 非法操作:resource

[ 2018-01-09T17:50:54+08:00 ] 127.0.0.1 /index.php/Home/Lk/resource/js/lib/jquery-1.11.1.min.js?v=20180105100330
ERR: 非法操作:resource

[ 2018-01-09T17:50:55+08:00 ] 127.0.0.1 /index.php/Home/Lk/resource/js/lib/jquery-1.11.1.min.js?v=20180105100330
ERR: 非法操作:resource

[ 2018-01-09T17:50:55+08:00 ] 127.0.0.1 /index.php/Home/Lk/resource/js/lib/jquery-1.11.1.min.js?v=20180105100330
ERR: 非法操作:resource

[ 2018-01-09T17:50:55+08:00 ] 127.0.0.1 /index.php/Home/Lk/resource/js/lib/jquery-1.11.1.min.js?v=20180105100330
ERR: 非法操作:resource

[ 2018-01-09T17:50:55+08:00 ] 127.0.0.1 /index.php/Home/Lk/resource/js/lib/jquery-1.11.1.min.js?v=20180105100330
ERR: 非法操作:resource

[ 2018-01-09T17:50:55+08:00 ] 127.0.0.1 /index.php/Home/Lk/resource/js/lib/jquery-1.11.1.min.js?v=20180105100330
ERR: 非法操作:resource

[ 2018-01-09T17:50:55+08:00 ] 127.0.0.1 /index.php/Home/Lk/resource/js/lib/jquery-1.11.1.min.js?v=20180105100330
ERR: 非法操作:resource

[ 2018-01-09T17:50:56+08:00 ] 127.0.0.1 /index.php/Home/Lk/resource/js/lib/jquery-1.11.1.min.js?v=20180105100330
ERR: 非法操作:resource

[ 2018-01-09T17:50:56+08:00 ] 127.0.0.1 /index.php/Home/Lk/resource/js/lib/jquery-1.11.1.min.js?v=20180105100330
ERR: 非法操作:resource

[ 2018-01-09T17:50:56+08:00 ] 127.0.0.1 /index.php/Home/Lk/resource/js/lib/jquery-1.11.1.min.js?v=20180105100330
ERR: 非法操作:resource

[ 2018-01-09T17:50:56+08:00 ] 127.0.0.1 /index.php/Home/Lk/resource/js/lib/jquery-1.11.1.min.js?v=20180105100330
ERR: 非法操作:resource
>>>>>>> 792af0a... liukai

[ 2018-01-09T19:10:41+08:00 ] 127.0.0.1 /index.php/Home/Lk/resource/js/lib/jquery-1.11.1.min.js?v=20180105100330
ERR: 非法操作:resource

[ 2018-01-09T19:11:04+08:00 ] 127.0.0.1 /index.php/Home/Lk/resource/js/lib/jquery-1.11.1.min.js?v=20180105100330
ERR: 非法操作:resource

[ 2018-01-09T19:11:34+08:00 ] 127.0.0.1 /index.php/Home/Lk/resource/js/lib/jquery-1.11.1.min.js?v=20180105100330
ERR: 非法操作:resource

[ 2018-01-09T19:11:37+08:00 ] 127.0.0.1 /index.php/Home/Lk/resource/js/lib/jquery-1.11.1.min.js?v=20180105100330
ERR: 非法操作:resource

[ 2018-01-09T19:11:38+08:00 ] 127.0.0.1 /index.php/Home/Lk/resource/js/lib/jquery-1.11.1.min.js?v=20180105100330
ERR: 非法操作:resource

[ 2018-01-09T19:13:36+08:00 ] 127.0.0.1 /index.php/Home/Lk/resource/js/lib/jquery-1.11.1.min.js?v=20180105100330
ERR: 非法操作:resource

[ 2018-01-09T19:13:37+08:00 ] 127.0.0.1 /index.php/Home/Lk/resource/js/lib/jquery-1.11.1.min.js?v=20180105100330
ERR: 非法操作:resource

[ 2018-01-09T19:13:48+08:00 ] 127.0.0.1 /index.php/Home/Lk/resource/js/lib/jquery-1.11.1.min.js?v=20180105100330
ERR: 非法操作:resource

[ 2018-01-09T19:13:48+08:00 ] 127.0.0.1 /index.php/Home/Lk/resource/js/lib/jquery-1.11.1.min.js?v=20180105100330
ERR: 非法操作:resource

[ 2018-01-09T19:14:12+08:00 ] 127.0.0.1 /index.php/Home/Lk/resource/js/lib/jquery-1.11.1.min.js?v=20180105100330
ERR: 非法操作:resource

[ 2018-01-09T19:16:07+08:00 ] 127.0.0.1 /index.php/Home/Lk/resource/js/lib/jquery-1.11.1.min.js?v=20180105100330
ERR: 非法操作:resource

[ 2018-01-09T19:16:50+08:00 ] 127.0.0.1 /index.php/Home/Lk/resource/js/lib/jquery-1.11.1.min.js?v=20180105100330
ERR: 非法操作:resource

[ 2018-01-09T19:18:20+08:00 ] 127.0.0.1 /index.php/Home/Lk/resource/js/lib/jquery-1.11.1.min.js?v=20180105100330
ERR: 非法操作:resource

[ 2018-01-09T19:18:29+08:00 ] 127.0.0.1 /index.php/Home/Lk/resource/js/lib/jquery-1.11.1.min.js?v=20180105100330
ERR: 非法操作:resource

[ 2018-01-09T19:18:46+08:00 ] 127.0.0.1 /index.php/Home/Lk/resource/js/lib/jquery-1.11.1.min.js?v=20180105100330
ERR: 非法操作:resource

[ 2018-01-09T19:21:13+08:00 ] 127.0.0.1 /index.php/Home/Lk/resource/js/lib/jquery-1.11.1.min.js?v=20180105100330
ERR: 非法操作:resource

[ 2018-01-09T19:21:15+08:00 ] 127.0.0.1 /index.php/Home/Lk/resource/js/lib/jquery-1.11.1.min.js?v=20180105100330
ERR: 非法操作:resource

[ 2018-01-09T19:21:16+08:00 ] 127.0.0.1 /index.php/Home/Lk/resource/js/lib/jquery-1.11.1.min.js?v=20180105100330
ERR: 非法操作:resource

[ 2018-01-09T19:21:56+08:00 ] 127.0.0.1 /index.php/Home/Lk/resource/js/lib/jquery-1.11.1.min.js?v=20180105100330
ERR: 非法操作:resource

[ 2018-01-09T19:22:01+08:00 ] 127.0.0.1 /index.php/Home/Lk/resource/js/lib/jquery-1.11.1.min.js?v=20180105100330
ERR: 非法操作:resource

[ 2018-01-09T19:22:36+08:00 ] 127.0.0.1 /index.php/Home/Lk/resource/js/lib/jquery-1.11.1.min.js?v=20180105100330
ERR: 非法操作:resource

[ 2018-01-09T19:23:39+08:00 ] 127.0.0.1 /index.php/Home/Lk/resource/js/lib/jquery-1.11.1.min.js?v=20180105100330
ERR: 非法操作:resource

[ 2018-01-09T19:23:42+08:00 ] 127.0.0.1 /index.php/Home/Lk/resource/js/lib/jquery-1.11.1.min.js?v=20180105100330
ERR: 非法操作:resource

[ 2018-01-09T19:23:56+08:00 ] 127.0.0.1 /index.php/Home/Lk/resource/js/lib/jquery-1.11.1.min.js?v=20180105100330
ERR: 非法操作:resource

[ 2018-01-09T19:24:30+08:00 ] 127.0.0.1 /index.php/Home/Lk/resource/js/lib/jquery-1.11.1.min.js?v=20180105100330
ERR: 非法操作:resource

[ 2018-01-09T19:26:28+08:00 ] 127.0.0.1 /index.php/Home/Lk/resource/js/lib/jquery-1.11.1.min.js?v=20180105100330
ERR: 非法操作:resource

[ 2018-01-09T19:28:11+08:00 ] 127.0.0.1 /index.php/Home/Lk/resource/js/lib/jquery-1.11.1.min.js?v=20180105100330
ERR: 非法操作:resource

[ 2018-01-09T19:28:12+08:00 ] 127.0.0.1 /index.php/Home/Lk/resource/js/lib/jquery-1.11.1.min.js?v=20180105100330
ERR: 非法操作:resource

[ 2018-01-09T19:28:14+08:00 ] 127.0.0.1 /index.php/Home/Lk/resource/js/lib/jquery-1.11.1.min.js?v=20180105100330
ERR: 非法操作:resource

[ 2018-01-09T19:28:47+08:00 ] 127.0.0.1 /index.php/Home/Lk/resource/js/lib/jquery-1.11.1.min.js?v=20180105100330
ERR: 非法操作:resource

[ 2018-01-09T19:28:49+08:00 ] 127.0.0.1 /index.php/Home/Lk/resource/js/lib/jquery-1.11.1.min.js?v=20180105100330
ERR: 非法操作:resource

[ 2018-01-09T19:28:50+08:00 ] 127.0.0.1 /index.php/Home/Lk/resource/js/lib/jquery-1.11.1.min.js?v=20180105100330
ERR: 非法操作:resource

[ 2018-01-09T19:28:54+08:00 ] 127.0.0.1 /index.php/Home/Lk/resource/js/lib/jquery-1.11.1.min.js?v=20180105100330
ERR: 非法操作:resource

[ 2018-01-09T19:28:56+08:00 ] 127.0.0.1 /index.php/Home/Lk/resource/js/lib/jquery-1.11.1.min.js?v=20180105100330
ERR: 非法操作:resource

[ 2018-01-09T19:29:05+08:00 ] 127.0.0.1 /index.php/Home/Lk/resource/js/lib/jquery-1.11.1.min.js?v=20180105100330
ERR: 非法操作:resource

[ 2018-01-09T19:30:50+08:00 ] 127.0.0.1 /index.php/Home/Lk/resource/js/lib/jquery-1.11.1.min.js?v=20180105100330
ERR: 非法操作:resource

[ 2018-01-09T19:30:53+08:00 ] 127.0.0.1 /index.php/Home/Lk/resource/js/lib/jquery-1.11.1.min.js?v=20180105100330
ERR: 非法操作:resource

[ 2018-01-09T19:30:53+08:00 ] 127.0.0.1 /index.php/Home/Lk/resource/js/lib/jquery-1.11.1.min.js?v=20180105100330
ERR: 非法操作:resource

[ 2018-01-09T19:31:05+08:00 ] 127.0.0.1 /index.php/Home/Lk/resource/js/lib/jquery-1.11.1.min.js?v=20180105100330
ERR: 非法操作:resource

[ 2018-01-09T19:31:08+08:00 ] 127.0.0.1 /index.php/Home/Lk/resource/js/lib/jquery-1.11.1.min.js?v=20180105100330
ERR: 非法操作:resource

[ 2018-01-09T19:31:08+08:00 ] 127.0.0.1 /index.php/Home/Lk/resource/js/lib/jquery-1.11.1.min.js?v=20180105100330
ERR: 非法操作:resource

[ 2018-01-09T19:31:09+08:00 ] 127.0.0.1 /index.php/Home/Lk/resource/js/lib/jquery-1.11.1.min.js?v=20180105100330
ERR: 非法操作:resource

[ 2018-01-09T19:31:09+08:00 ] 127.0.0.1 /index.php/Home/Lk/resource/js/lib/jquery-1.11.1.min.js?v=20180105100330
ERR: 非法操作:resource

[ 2018-01-09T19:31:09+08:00 ] 127.0.0.1 /index.php/Home/Lk/resource/js/lib/jquery-1.11.1.min.js?v=20180105100330
ERR: 非法操作:resource

[ 2018-01-09T19:31:09+08:00 ] 127.0.0.1 /index.php/Home/Lk/resource/js/lib/jquery-1.11.1.min.js?v=20180105100330
ERR: 非法操作:resource

[ 2018-01-09T19:31:09+08:00 ] 127.0.0.1 /index.php/Home/Lk/resource/js/lib/jquery-1.11.1.min.js?v=20180105100330
ERR: 非法操作:resource

[ 2018-01-09T19:31:09+08:00 ] 127.0.0.1 /index.php/Home/Lk/resource/js/lib/jquery-1.11.1.min.js?v=20180105100330
ERR: 非法操作:resource

[ 2018-01-09T19:31:10+08:00 ] 127.0.0.1 /index.php/Home/Lk/resource/js/lib/jquery-1.11.1.min.js?v=20180105100330
ERR: 非法操作:resource

[ 2018-01-09T19:31:10+08:00 ] 127.0.0.1 /index.php/Home/Lk/resource/js/lib/jquery-1.11.1.min.js?v=20180105100330
ERR: 非法操作:resource

[ 2018-01-09T19:31:11+08:00 ] 127.0.0.1 /index.php/Home/Lk/resource/js/lib/jquery-1.11.1.min.js?v=20180105100330
ERR: 非法操作:resource

[ 2018-01-09T19:33:00+08:00 ] 127.0.0.1 /index.php/Home/Lk/resource/js/lib/jquery-1.11.1.min.js?v=20180105100330
ERR: 非法操作:resource

[ 2018-01-09T19:33:03+08:00 ] 127.0.0.1 /index.php/Home/Lk/resource/js/lib/jquery-1.11.1.min.js?v=20180105100330
ERR: 非法操作:resource

[ 2018-01-09T19:33:04+08:00 ] 127.0.0.1 /index.php/Home/Lk/resource/js/lib/jquery-1.11.1.min.js?v=20180105100330
ERR: 非法操作:resource

[ 2018-01-09T19:33:04+08:00 ] 127.0.0.1 /index.php/Home/Lk/resource/js/lib/jquery-1.11.1.min.js?v=20180105100330
ERR: 非法操作:resource

[ 2018-01-09T19:33:05+08:00 ] 127.0.0.1 /index.php/Home/Lk/resource/js/lib/jquery-1.11.1.min.js?v=20180105100330
ERR: 非法操作:resource

[ 2018-01-09T19:42:19+08:00 ] 127.0.0.1 /index.php/Home/Lk/resource/js/lib/jquery-1.11.1.min.js?v=20180105100330
ERR: 非法操作:resource

[ 2018-01-09T19:42:55+08:00 ] 127.0.0.1 /index.php/Home/Lk/resource/js/lib/jquery-1.11.1.min.js?v=20180105100330
ERR: 非法操作:resource

[ 2018-01-09T19:43:58+08:00 ] 127.0.0.1 /index.php/Home/Lk/resource/js/lib/jquery-1.11.1.min.js?v=20180105100330
ERR: 非法操作:resource

[ 2018-01-09T19:44:25+08:00 ] 127.0.0.1 /index.php/Home/Lk/resource/js/lib/jquery-1.11.1.min.js?v=20180105100330
ERR: 非法操作:resource

[ 2018-01-09T19:44:27+08:00 ] 127.0.0.1 /index.php/Home/Lk/resource/js/lib/jquery-1.11.1.min.js?v=20180105100330
ERR: 非法操作:resource

[ 2018-01-09T19:44:28+08:00 ] 127.0.0.1 /index.php/Home/Lk/resource/js/lib/jquery-1.11.1.min.js?v=20180105100330
ERR: 非法操作:resource

[ 2018-01-09T19:44:58+08:00 ] 127.0.0.1 /index.php/Home/Lk/resource/js/lib/jquery-1.11.1.min.js?v=20180105100330
ERR: 非法操作:resource

[ 2018-01-09T19:45:52+08:00 ] 127.0.0.1 /index.php/Home/Lk/resource/js/lib/jquery-1.11.1.min.js?v=20180105100330
ERR: 非法操作:resource

[ 2018-01-09T19:45:55+08:00 ] 127.0.0.1 /index.php/Home/Lk/resource/js/lib/jquery-1.11.1.min.js?v=20180105100330
ERR: 非法操作:resource

[ 2018-01-09T19:46:09+08:00 ] 127.0.0.1 /index.php/Home/Lk/resource/js/lib/jquery-1.11.1.min.js?v=20180105100330
ERR: 非法操作:resource

[ 2018-01-09T19:46:10+08:00 ] 127.0.0.1 /index.php/Home/Lk/resource/js/lib/jquery-1.11.1.min.js?v=20180105100330
ERR: 非法操作:resource

[ 2018-01-09T19:46:26+08:00 ] 127.0.0.1 /index.php/Home/Lk/resource/js/lib/jquery-1.11.1.min.js?v=20180105100330
ERR: 非法操作:resource

[ 2018-01-09T19:46:31+08:00 ] 127.0.0.1 /index.php/Home/Lk/resource/js/lib/jquery-1.11.1.min.js?v=20180105100330
ERR: 非法操作:resource

[ 2018-01-09T19:46:46+08:00 ] 127.0.0.1 /index.php/Home/Lk/resource/js/lib/jquery-1.11.1.min.js?v=20180105100330
ERR: 非法操作:resource

[ 2018-01-09T19:46:47+08:00 ] 127.0.0.1 /index.php/Home/Lk/resource/js/lib/jquery-1.11.1.min.js?v=20180105100330
ERR: 非法操作:resource

[ 2018-01-09T19:46:49+08:00 ] 127.0.0.1 /index.php/Home/Lk/resource/js/lib/jquery-1.11.1.min.js?v=20180105100330
ERR: 非法操作:resource

[ 2018-01-09T19:50:31+08:00 ] 127.0.0.1 /index.php/Home/Lk/resource/js/lib/jquery-1.11.1.min.js?v=20180105100330
ERR: 非法操作:resource

[ 2018-01-09T19:52:15+08:00 ] 127.0.0.1 /index.php/Home/Lk/index.php?c=site&a=entry&do=my_home&m=meepo_xianchang
ERR: 非法操作:index.php

[ 2018-01-09T19:54:03+08:00 ] 127.0.0.1 /index.php/Home/Lk/resource/js/lib/jquery-1.11.1.min.js?v=20180105100330
ERR: 非法操作:resource

[ 2018-01-09T19:54:51+08:00 ] 127.0.0.1 /index.php/Home/Lk/resource/js/lib/jquery-1.11.1.min.js?v=20180105100330
ERR: 非法操作:resource

[ 2018-01-09T19:54:52+08:00 ] 127.0.0.1 /index.php/Home/Lk/resource/js/lib/jquery-1.11.1.min.js?v=20180105100330
ERR: 非法操作:resource

[ 2018-01-09T19:54:52+08:00 ] 127.0.0.1 /index.php/Home/Lk/resource/js/lib/jquery-1.11.1.min.js?v=20180105100330
ERR: 非法操作:resource

[ 2018-01-09T19:54:54+08:00 ] 127.0.0.1 /index.php/Home/Lk/resource/js/lib/jquery-1.11.1.min.js?v=20180105100330
ERR: 非法操作:resource

[ 2018-01-09T19:54:55+08:00 ] 127.0.0.1 /index.php/Home/Lk/resource/js/lib/jquery-1.11.1.min.js?v=20180105100330
ERR: 非法操作:resource

[ 2018-01-09T19:54:56+08:00 ] 127.0.0.1 /index.php/Home/Lk/resource/js/lib/jquery-1.11.1.min.js?v=20180105100330
ERR: 非法操作:resource

[ 2018-01-09T19:55:16+08:00 ] 127.0.0.1 /index.php/Home/Lk/resource/js/lib/jquery-1.11.1.min.js?v=20180105100330
ERR: 非法操作:resource

[ 2018-01-09T19:55:17+08:00 ] 127.0.0.1 /index.php/Home/Lk/resource/js/lib/jquery-1.11.1.min.js?v=20180105100330
ERR: 非法操作:resource

[ 2018-01-09T19:55:18+08:00 ] 127.0.0.1 /index.php/Home/Lk/resource/js/lib/jquery-1.11.1.min.js?v=20180105100330
ERR: 非法操作:resource

[ 2018-01-09T19:55:20+08:00 ] 127.0.0.1 /index.php/Home/Lk/resource/js/lib/jquery-1.11.1.min.js?v=20180105100330
ERR: 非法操作:resource

[ 2018-01-09T19:57:08+08:00 ] 127.0.0.1 /index.php/Home/Lk/resource/js/lib/jquery-1.11.1.min.js?v=20180105100330
ERR: 非法操作:resource

[ 2018-01-09T19:57:10+08:00 ] 127.0.0.1 /index.php/Home/Lk/resource/js/lib/jquery-1.11.1.min.js?v=20180105100330
ERR: 非法操作:resource

[ 2018-01-09T19:57:11+08:00 ] 127.0.0.1 /index.php/Home/Lk/resource/js/lib/jquery-1.11.1.min.js?v=20180105100330
ERR: 非法操作:resource

[ 2018-01-09T19:57:11+08:00 ] 127.0.0.1 /index.php/Home/Lk/resource/js/lib/jquery-1.11.1.min.js?v=20180105100330
ERR: 非法操作:resource

[ 2018-01-09T19:57:33+08:00 ] 127.0.0.1 /index.php/Home/Lk/resource/js/lib/jquery-1.11.1.min.js?v=20180105100330
ERR: 非法操作:resource

[ 2018-01-09T19:58:10+08:00 ] 127.0.0.1 /index.php/Home/Lk/resource/js/lib/jquery-1.11.1.min.js?v=20180105100330
ERR: 非法操作:resource

[ 2018-01-09T19:58:54+08:00 ] 127.0.0.1 /index.php/Home/Lk/resource/js/lib/jquery-1.11.1.min.js?v=20180105100330
ERR: 非法操作:resource

[ 2018-01-09T19:59:16+08:00 ] 127.0.0.1 /index.php/Home/Lk/resource/js/lib/jquery-1.11.1.min.js?v=20180105100330
ERR: 非法操作:resource

[ 2018-01-09T19:59:17+08:00 ] 127.0.0.1 /index.php/Home/Lk/resource/js/lib/jquery-1.11.1.min.js?v=20180105100330
ERR: 非法操作:resource

[ 2018-01-09T19:59:37+08:00 ] 127.0.0.1 /index.php/Home/Lk/resource/js/lib/jquery-1.11.1.min.js?v=20180105100330
ERR: 非法操作:resource

[ 2018-01-09T20:00:10+08:00 ] 127.0.0.1 /index.php/Home/Lk/resource/js/lib/jquery-1.11.1.min.js?v=20180105100330
ERR: 非法操作:resource

[ 2018-01-09T20:00:26+08:00 ] 127.0.0.1 /index.php/Home/Lk/resource/js/lib/jquery-1.11.1.min.js?v=20180105100330
ERR: 非法操作:resource

[ 2018-01-09T20:00:44+08:00 ] 127.0.0.1 /index.php/Home/Lk/resource/js/lib/jquery-1.11.1.min.js?v=20180105100330
ERR: 非法操作:resource

[ 2018-01-09T20:01:04+08:00 ] 127.0.0.1 /index.php/Home/Lk/resource/js/lib/jquery-1.11.1.min.js?v=20180105100330
ERR: 非法操作:resource

[ 2018-01-09T20:03:07+08:00 ] 127.0.0.1 /index.php/Home/Lk/resource/js/lib/jquery-1.11.1.min.js?v=20180105100330
ERR: 非法操作:resource

[ 2018-01-09T20:04:18+08:00 ] 127.0.0.1 /index.php/Home/Lk/resource/js/lib/jquery-1.11.1.min.js?v=20180105100330
ERR: 非法操作:resource

[ 2018-01-09T20:04:42+08:00 ] 127.0.0.1 /index.php/Home/Lk/resource/js/lib/jquery-1.11.1.min.js?v=20180105100330
ERR: 非法操作:resource

[ 2018-01-09T20:05:31+08:00 ] 127.0.0.1 /index.php/Home/Lk/resource/js/lib/jquery-1.11.1.min.js?v=20180105100330
ERR: 非法操作:resource

[ 2018-01-09T20:06:08+08:00 ] 127.0.0.1 /index.php/Home/Lk/resource/js/lib/jquery-1.11.1.min.js?v=20180105100330
ERR: 非法操作:resource

[ 2018-01-09T20:06:25+08:00 ] 127.0.0.1 /index.php/Home/Lk/resource/js/lib/jquery-1.11.1.min.js?v=20180105100330
ERR: 非法操作:resource

[ 2018-01-09T20:06:27+08:00 ] 127.0.0.1 /index.php/Home/Lk/resource/js/lib/jquery-1.11.1.min.js?v=20180105100330
ERR: 非法操作:resource

[ 2018-01-09T20:06:28+08:00 ] 127.0.0.1 /index.php/Home/Lk/resource/js/lib/jquery-1.11.1.min.js?v=20180105100330
ERR: 非法操作:resource

[ 2018-01-09T20:06:29+08:00 ] 127.0.0.1 /index.php/Home/Lk/resource/js/lib/jquery-1.11.1.min.js?v=20180105100330
ERR: 非法操作:resource

[ 2018-01-09T20:06:29+08:00 ] 127.0.0.1 /index.php/Home/Lk/resource/js/lib/jquery-1.11.1.min.js?v=20180105100330
ERR: 非法操作:resource

[ 2018-01-09T20:06:29+08:00 ] 127.0.0.1 /index.php/Home/Lk/resource/js/lib/jquery-1.11.1.min.js?v=20180105100330
ERR: 非法操作:resource

[ 2018-01-09T20:06:30+08:00 ] 127.0.0.1 /index.php/Home/Lk/resource/js/lib/jquery-1.11.1.min.js?v=20180105100330
ERR: 非法操作:resource

[ 2018-01-09T20:07:09+08:00 ] 127.0.0.1 /index.php/Home/Lk/resource/js/lib/jquery-1.11.1.min.js?v=20180105100330
ERR: 非法操作:resource

[ 2018-01-09T20:07:26+08:00 ] 127.0.0.1 /index.php/Home/Lk/resource/js/lib/jquery-1.11.1.min.js?v=20180105100330
ERR: 非法操作:resource

[ 2018-01-09T20:07:26+08:00 ] 127.0.0.1 /index.php/Home/Lk/resource/js/lib/jquery-1.11.1.min.js?v=20180105100330
ERR: 非法操作:resource

[ 2018-01-09T20:07:52+08:00 ] 127.0.0.1 /index.php/Home/Lk/resource/js/lib/jquery-1.11.1.min.js?v=20180105100330
ERR: 非法操作:resource

[ 2018-01-09T20:23:00+08:00 ] 127.0.0.1 /index.php/Home/Lk/resource/js/lib/jquery-1.11.1.min.js?v=20180105100330
ERR: 非法操作:resource

[ 2018-01-09T20:42:35+08:00 ] 127.0.0.1 /index.php/Home/Lk/chongzhi.html
ERR: 1146:Table 'jxc.jxc_ststus' doesn't exist
 [ SQL语句 ] : SELECT * FROM `jxc_pay` INNER JOIN jxc_ststus on jxc_pay.id=jxc_status.id  

[ 2018-01-09T20:43:36+08:00 ] 127.0.0.1 /index.php/Home/Lk/chongzhi.html
ERR: 1146:Table 'jxc.jxc_ststus' doesn't exist
 [ SQL语句 ] : SELECT * FROM `jxc_pay` INNER JOIN jxc_ststus on jxc_pay.id=status.id  

[ 2018-01-09T20:44:00+08:00 ] 127.0.0.1 /index.php/Home/Lk/resource/js/lib/jquery-1.11.1.min.js?v=20180105100330
ERR: 非法操作:resource

