[ 2018-01-08T15:22:05+08:00 ] ::1 /juxianchang/TP/
INFO: [ app_init ] --START--
INFO: Run Behavior\BuildLiteBehavior [ RunTime:0.000000s ]
INFO: [ app_init ] --END-- [ RunTime:0.000000s ]
INFO: [ app_begin ] --START--
INFO: Run Behavior\ReadHtmlCacheBehavior [ RunTime:0.001000s ]
INFO: [ app_begin ] --END-- [ RunTime:0.001000s ]
ERR: 无法加载控制器:Index

[ 2018-01-08T15:22:08+08:00 ] ::1 /juxianchang/TP/
INFO: [ app_init ] --START--
INFO: Run Behavior\BuildLiteBehavior [ RunTime:0.000000s ]
INFO: [ app_init ] --END-- [ RunTime:0.000000s ]
INFO: [ app_begin ] --START--
INFO: Run Behavior\ReadHtmlCacheBehavior [ RunTime:0.000000s ]
INFO: [ app_begin ] --END-- [ RunTime:0.000000s ]
ERR: 无法加载控制器:Index

[ 2018-01-08T15:24:45+08:00 ] ::1 /juxianchang/TP/
INFO: [ app_init ] --START--
INFO: Run Behavior\BuildLiteBehavior [ RunTime:0.000000s ]
INFO: [ app_init ] --END-- [ RunTime:0.000000s ]
INFO: [ app_begin ] --START--
INFO: Run Behavior\ReadHtmlCacheBehavior [ RunTime:0.000000s ]
INFO: [ app_begin ] --END-- [ RunTime:0.000000s ]
ERR: 无法加载控制器:Index

[ 2018-01-08T15:24:48+08:00 ] ::1 /juxianchang/TP/
INFO: [ app_init ] --START--
INFO: Run Behavior\BuildLiteBehavior [ RunTime:0.000000s ]
INFO: [ app_init ] --END-- [ RunTime:0.000000s ]
INFO: [ app_begin ] --START--
INFO: Run Behavior\ReadHtmlCacheBehavior [ RunTime:0.000000s ]
INFO: [ app_begin ] --END-- [ RunTime:0.000000s ]
ERR: 无法加载控制器:Index

[ 2018-01-08T15:25:22+08:00 ] ::1 /juxianchang/TP/
INFO: [ app_init ] --START--
INFO: Run Behavior\BuildLiteBehavior [ RunTime:0.000000s ]
INFO: [ app_init ] --END-- [ RunTime:0.000000s ]
INFO: [ app_begin ] --START--
INFO: Run Behavior\ReadHtmlCacheBehavior [ RunTime:0.000000s ]
INFO: [ app_begin ] --END-- [ RunTime:0.000000s ]
INFO: [ view_parse ] --START--
INFO: [ template_filter ] --START--
INFO: Run Behavior\ContentReplaceBehavior [ RunTime:0.000000s ]
INFO: [ template_filter ] --END-- [ RunTime:0.000000s ]
INFO: Run Behavior\ParseTemplateBehavior [ RunTime:0.010000s ]
INFO: [ view_parse ] --END-- [ RunTime:0.010000s ]
INFO: [ view_filter ] --START--
INFO: Run Behavior\WriteHtmlCacheBehavior [ RunTime:0.000000s ]
INFO: [ view_filter ] --END-- [ RunTime:0.000000s ]
INFO: [ app_end ] --START--
INFO: Run Behavior\ShowPageTraceBehavior [ RunTime:0.000000s ]
INFO: [ app_end ] --END-- [ RunTime:0.000000s ]

[ 2018-01-08T15:25:39+08:00 ] ::1 /juxianchang/TP/
INFO: [ app_init ] --START--
INFO: Run Behavior\BuildLiteBehavior [ RunTime:0.000000s ]
INFO: [ app_init ] --END-- [ RunTime:0.001000s ]
INFO: [ app_begin ] --START--
INFO: Run Behavior\ReadHtmlCacheBehavior [ RunTime:0.000000s ]
INFO: [ app_begin ] --END-- [ RunTime:0.000000s ]
INFO: [ view_parse ] --START--
INFO: Run Behavior\ParseTemplateBehavior [ RunTime:0.000000s ]
INFO: [ view_parse ] --END-- [ RunTime:0.001000s ]
INFO: [ view_filter ] --START--
INFO: Run Behavior\WriteHtmlCacheBehavior [ RunTime:0.000000s ]
INFO: [ view_filter ] --END-- [ RunTime:0.000000s ]
INFO: [ app_end ] --START--
INFO: Run Behavior\ShowPageTraceBehavior [ RunTime:0.000000s ]
INFO: [ app_end ] --END-- [ RunTime:0.000000s ]

[ 2018-01-08T15:26:32+08:00 ] ::1 /juxianchang/TP/
INFO: [ app_init ] --START--
INFO: Run Behavior\BuildLiteBehavior [ RunTime:0.001000s ]
INFO: [ app_init ] --END-- [ RunTime:0.001000s ]
INFO: [ app_begin ] --START--
INFO: Run Behavior\ReadHtmlCacheBehavior [ RunTime:0.000000s ]
INFO: [ app_begin ] --END-- [ RunTime:0.001000s ]
INFO: [ view_parse ] --START--
INFO: Run Behavior\ParseTemplateBehavior [ RunTime:0.000000s ]
INFO: [ view_parse ] --END-- [ RunTime:0.001000s ]
INFO: [ view_filter ] --START--
INFO: Run Behavior\WriteHtmlCacheBehavior [ RunTime:0.000000s ]
INFO: [ view_filter ] --END-- [ RunTime:0.000000s ]
INFO: [ app_end ] --START--
INFO: Run Behavior\ShowPageTraceBehavior [ RunTime:0.000000s ]
INFO: [ app_end ] --END-- [ RunTime:0.000000s ]

[ 2018-01-08T15:27:54+08:00 ] ::1 /juxianchang/TP/
INFO: [ app_init ] --START--
INFO: Run Behavior\BuildLiteBehavior [ RunTime:0.000000s ]
INFO: [ app_init ] --END-- [ RunTime:0.000000s ]
INFO: [ app_begin ] --START--
INFO: Run Behavior\ReadHtmlCacheBehavior [ RunTime:0.001000s ]
INFO: [ app_begin ] --END-- [ RunTime:0.001000s ]
INFO: [ view_parse ] --START--
INFO: Run Behavior\ParseTemplateBehavior [ RunTime:0.001000s ]
INFO: [ view_parse ] --END-- [ RunTime:0.001000s ]
INFO: [ view_filter ] --START--
INFO: Run Behavior\WriteHtmlCacheBehavior [ RunTime:0.000000s ]
INFO: [ view_filter ] --END-- [ RunTime:0.000000s ]
INFO: [ app_end ] --START--
INFO: Run Behavior\ShowPageTraceBehavior [ RunTime:0.000000s ]
INFO: [ app_end ] --END-- [ RunTime:0.000000s ]

[ 2018-01-08T16:13:34+08:00 ] 127.0.0.1 /index.php/Home/login/login
ERR: 无法加载控制器:Login

[ 2018-01-08T16:13:36+08:00 ] 127.0.0.1 /index.php/Home/login/login
ERR: 无法加载控制器:Login

[ 2018-01-08T16:14:47+08:00 ] 127.0.0.1 /index.php/Home/login/login
ERR: 无法加载控制器:Login

[ 2018-01-08T16:14:49+08:00 ] 127.0.0.1 /index.php/Home/login/login
ERR: 无法加载控制器:Login

[ 2018-01-08T16:14:49+08:00 ] 127.0.0.1 /index.php/Home/login/login
ERR: 无法加载控制器:Login

[ 2018-01-08T16:14:50+08:00 ] 127.0.0.1 /index.php/Home/login/login
ERR: 无法加载控制器:Login

[ 2018-01-08T16:14:50+08:00 ] 127.0.0.1 /index.php/Home/login/login
ERR: 无法加载控制器:Login

[ 2018-01-08T16:14:51+08:00 ] 127.0.0.1 /index.php/Home/login/login
ERR: 无法加载控制器:Login

[ 2018-01-08T16:16:35+08:00 ] 127.0.0.1 /index.php/Home/Login/login
ERR: 模板不存在:./Application/Home/View/Login/login.html

[ 2018-01-08T16:17:34+08:00 ] 127.0.0.1 /index.php/Home/Login/index.html
ERR: 非法操作:index

[ 2018-01-08T16:17:36+08:00 ] 127.0.0.1 /index.php/Home/Login/index.html
ERR: 非法操作:index

[ 2018-01-08T16:17:54+08:00 ] 127.0.0.1 /index.php/Home/Login/index.html
ERR: 非法操作:index

[ 2018-01-08T16:17:55+08:00 ] 127.0.0.1 /index.php/Home/Login/index.html
ERR: 非法操作:index

[ 2018-01-08T16:18:41+08:00 ] 127.0.0.1 /index.php/Home/Login/index.html
ERR: 非法操作:index

[ 2018-01-08T16:20:47+08:00 ] 127.0.0.1 /index.php/Home/Login/login_index.html
ERR: 模板不存在:./Application/Home/View/Login/login_index.html

[ 2018-01-08T16:25:49+08:00 ] 127.0.0.1 /index.php/Home/Login/login_index.html
ERR: 模板不存在:./Application/Home/View/long/login_index.html

[ 2018-01-08T16:25:50+08:00 ] 127.0.0.1 /index.php/Home/Login/login_index.html
ERR: 模板不存在:./Application/Home/View/long/login_index.html

[ 2018-01-08T16:25:51+08:00 ] 127.0.0.1 /index.php/Home/Login/login_index.html
ERR: 模板不存在:./Application/Home/View/long/login_index.html

[ 2018-01-08T16:25:51+08:00 ] 127.0.0.1 /index.php/Home/Login/login_index.html
ERR: 模板不存在:./Application/Home/View/long/login_index.html

[ 2018-01-08T16:25:52+08:00 ] 127.0.0.1 /index.php/Home/Login/login_index.html
ERR: 模板不存在:./Application/Home/View/long/login_index.html

[ 2018-01-08T16:25:52+08:00 ] 127.0.0.1 /index.php/Home/Login/login_index.html
ERR: 模板不存在:./Application/Home/View/long/login_index.html

[ 2018-01-08T16:25:52+08:00 ] 127.0.0.1 /index.php/Home/Login/login_index.html
ERR: 模板不存在:./Application/Home/View/long/login_index.html

[ 2018-01-08T16:57:17+08:00 ] 127.0.0.1 /index.php/Home/Login/index.php?i=52&c=entry&do=verify&m=meepo_xianchang&code=0.3939177713565276
ERR: 非法操作:index.php

[ 2018-01-08T16:57:17+08:00 ] 127.0.0.1 /index.php/Home/Login/index.php?i=52&c=entry&do=verify&m=meepo_xianchang&code=0.3939177713565276
ERR: 非法操作:index.php

[ 2018-01-08T16:57:18+08:00 ] 127.0.0.1 /index.php/Home/Login/index.php?i=52&c=entry&do=verify&m=meepo_xianchang&code=0.5211101098333675
ERR: 非法操作:index.php

[ 2018-01-08T16:57:18+08:00 ] 127.0.0.1 /index.php/Home/Login/index.php?i=52&c=entry&do=verify&m=meepo_xianchang&code=0.542070228989437
ERR: 非法操作:index.php

[ 2018-01-08T16:57:18+08:00 ] 127.0.0.1 /index.php/Home/Login/index.php?i=52&c=entry&do=verify&m=meepo_xianchang&code=0.726082353321533
ERR: 非法操作:index.php

[ 2018-01-08T16:57:18+08:00 ] 127.0.0.1 /index.php/Home/Login/index.php?i=52&c=entry&do=verify&m=meepo_xianchang&code=0.6656926256254485
ERR: 非法操作:index.php

[ 2018-01-08T16:57:19+08:00 ] 127.0.0.1 /index.php/Home/Login/index.php?i=52&c=entry&do=verify&m=meepo_xianchang&code=0.8269965221715168
ERR: 非法操作:index.php

[ 2018-01-08T16:57:19+08:00 ] 127.0.0.1 /index.php/Home/Login/index.php?i=52&c=entry&do=verify&m=meepo_xianchang&code=0.3250972300847763
ERR: 非法操作:index.php

[ 2018-01-08T16:57:19+08:00 ] 127.0.0.1 /index.php/Home/Login/index.php?i=52&c=entry&do=verify&m=meepo_xianchang&code=0.6123692000492662
ERR: 非法操作:index.php

[ 2018-01-08T16:57:19+08:00 ] 127.0.0.1 /index.php/Home/Login/index.php?i=52&c=entry&do=verify&m=meepo_xianchang&code=0.7607560888124294
ERR: 非法操作:index.php

[ 2018-01-08T16:57:20+08:00 ] 127.0.0.1 /index.php/Home/Login/index.php?i=52&c=entry&do=verify&m=meepo_xianchang&code=0.33255938613725133
ERR: 非法操作:index.php

[ 2018-01-08T16:57:20+08:00 ] 127.0.0.1 /index.php/Home/Login/index.php?i=52&c=entry&do=verify&m=meepo_xianchang&code=0.07627886607784662
ERR: 非法操作:index.php

[ 2018-01-08T16:57:20+08:00 ] 127.0.0.1 /index.php/Home/Login/index.php?i=52&c=entry&do=verify&m=meepo_xianchang&code=0.09906450860495908
ERR: 非法操作:index.php

[ 2018-01-08T16:57:58+08:00 ] 127.0.0.1 /index.php/Home/Login/index.php?i=52&c=entry&do=verify&m=meepo_xianchang&code=0.7838346590912662
ERR: 非法操作:index.php

[ 2018-01-08T16:57:58+08:00 ] 127.0.0.1 /index.php/Home/Login/index.php?i=52&c=entry&do=verify&m=meepo_xianchang&code=0.7838346590912662
ERR: 非法操作:index.php

[ 2018-01-08T16:58:01+08:00 ] 127.0.0.1 /index.php/Home/Login/index.php?i=52&c=entry&do=verify&m=meepo_xianchang&code=0.3969171019868851
ERR: 非法操作:index.php

[ 2018-01-08T16:58:01+08:00 ] 127.0.0.1 /index.php/Home/Login/index.php?i=52&c=entry&do=verify&m=meepo_xianchang&code=0.3969171019868851
ERR: 非法操作:index.php

[ 2018-01-08T16:58:02+08:00 ] 127.0.0.1 /index.php/Home/Login/index.php?i=52&c=entry&do=verify&m=meepo_xianchang&code=0.8359745391861564
ERR: 非法操作:index.php

[ 2018-01-08T16:58:02+08:00 ] 127.0.0.1 /index.php/Home/Login/index.php?i=52&c=entry&do=verify&m=meepo_xianchang&code=0.8359745391861564
ERR: 非法操作:index.php

[ 2018-01-08T16:58:03+08:00 ] 127.0.0.1 /index.php/Home/Login/index.php?i=52&c=entry&do=verify&m=meepo_xianchang&code=0.6442887843163634
ERR: 非法操作:index.php

[ 2018-01-08T16:58:03+08:00 ] 127.0.0.1 /index.php/Home/Login/index.php?i=52&c=entry&do=verify&m=meepo_xianchang&code=0.6442887843163634
ERR: 非法操作:index.php

[ 2018-01-08T17:01:34+08:00 ] 127.0.0.1 /index.php/Home/Login/index.php?i=52&c=entry&do=verify&m=meepo_xianchang&code=0.04137716955154769
ERR: 非法操作:index.php

[ 2018-01-08T17:01:34+08:00 ] 127.0.0.1 /index.php/Home/Login/index.php?i=52&c=entry&do=verify&m=meepo_xianchang&code=0.04137716955154769
ERR: 非法操作:index.php

[ 2018-01-08T17:20:28+08:00 ] 127.0.0.1 /index.php/Home/Login/index.php?i=52&c=entry&do=verify&m=meepo_xianchang&code=0.9519661290329278
ERR: 非法操作:index.php

[ 2018-01-08T17:20:28+08:00 ] 127.0.0.1 /index.php/Home/Login/index.php?i=52&c=entry&do=verify&m=meepo_xianchang&code=0.9519661290329278
ERR: 非法操作:index.php

