[ 2018-01-17T09:52:32+08:00 ] 127.0.0.1 /index.php/Home/Lk1/nan.html
ERR: 非法操作:nan

[ 2018-01-17T09:52:38+08:00 ] 127.0.0.1 /index.php/Home/Lk2/nan.html
ERR: 无法加载控制器:Lk2

[ 2018-01-17T09:52:45+08:00 ] 127.0.0.1 /index.php/Home/Lk/nan.html
ERR: 非法操作:nan

[ 2018-01-17T09:52:48+08:00 ] 127.0.0.1 /index.php/Home/Lk1/nan.html
ERR: 非法操作:nan

[ 2018-01-17T09:54:12+08:00 ] 127.0.0.1 /index.php/Home/Lk1/j/Public/Home/js/push.js
ERR: 非法操作:j

[ 2018-01-17T09:54:49+08:00 ] 127.0.0.1 /index.php/Home/Lk1/j/Public/Home/js/push.js
ERR: 非法操作:j

[ 2018-01-17T10:32:33+08:00 ] 127.0.0.1 /index.php/Home/Lk/chongzhi.html
ERR: 模板不存在:./Application/Home/View/Home/chongzhi.html

[ 2018-01-17T10:32:54+08:00 ] 127.0.0.1 /index.php/Home/Lk/chongzhi.html
ERR: 模板不存在:./Application/Home/View/Home/chongzhi.html

[ 2018-01-17T10:32:59+08:00 ] 127.0.0.1 /index.php/Home/Lk/shezhi.html
ERR: 模板不存在:./Application/Home/View/Home/shezhi.html

[ 2018-01-17T10:33:10+08:00 ] 127.0.0.1 /index.php/Home/Lk/chongzhi
ERR: 模板不存在:./Application/Home/View/Home/chongzhi.html

[ 2018-01-17T10:33:31+08:00 ] 127.0.0.1 /index.php/Home/Lk/chongzhi
ERR: 模板不存在:./Application/Home/View/Home/chongzhi.html

[ 2018-01-17T10:33:31+08:00 ] 127.0.0.1 /index.php/Home/Lk/chongzhi
ERR: 模板不存在:./Application/Home/View/Home/chongzhi.html

[ 2018-01-17T10:33:32+08:00 ] 127.0.0.1 /index.php/Home/Lk/chongzhi
ERR: 模板不存在:./Application/Home/View/Home/chongzhi.html

[ 2018-01-17T10:33:36+08:00 ] 127.0.0.1 /index.php/Home/Lk/chongzhi.html?
ERR: 模板不存在:./Application/Home/View/Home/chongzhi.html

[ 2018-01-17T10:33:39+08:00 ] 127.0.0.1 /index.php/Home/Lk/chongzhi.html
ERR: 模板不存在:./Application/Home/View/Home/chongzhi.html

[ 2018-01-17T10:50:20+08:00 ] 127.0.0.1 /index.php/Home/Lk1/j/Public/Home/js/push.js
ERR: 非法操作:j

[ 2018-01-17T10:50:44+08:00 ] 127.0.0.1 /index.php/Home/Lk1/j/Public/Home/js/push.js
ERR: 非法操作:j

[ 2018-01-17T10:52:39+08:00 ] 127.0.0.1 /index.php/Home/Lk1/j/Public/Home/js/push.js
ERR: 非法操作:j

[ 2018-01-17T10:52:49+08:00 ] 127.0.0.1 /index.php/Home/Lk1/j/Public/Home/js/push.js
ERR: 非法操作:j

[ 2018-01-17T10:56:58+08:00 ] 127.0.0.1 /index.php/Home/Lk1/j/Public/Home/js/push.js
ERR: 非法操作:j

[ 2018-01-17T10:57:03+08:00 ] 127.0.0.1 /index.php/Home/Lk1/j/Public/Home/js/push.js
ERR: 非法操作:j

[ 2018-01-17T10:57:15+08:00 ] 127.0.0.1 /index.php/Home/Lk1/j/Public/Home/js/push.js
ERR: 非法操作:j

[ 2018-01-17T10:57:24+08:00 ] 127.0.0.1 /index.php/Home/Lk1/j/Public/Home/js/push.js
ERR: 非法操作:j

[ 2018-01-17T10:57:50+08:00 ] 127.0.0.1 /index.php/Home/Lk1/j/Public/Home/js/push.js
ERR: 非法操作:j

[ 2018-01-17T10:58:06+08:00 ] 127.0.0.1 /index.php/Home/Lk1/j/Public/Home/js/push.js
ERR: 非法操作:j

[ 2018-01-17T10:58:55+08:00 ] 127.0.0.1 /index.php/Home/Lk1/j/Public/Home/js/push.js
ERR: 非法操作:j

[ 2018-01-17T10:59:04+08:00 ] 127.0.0.1 /index.php/Home/Lk1/j/Public/Home/js/push.js
ERR: 非法操作:j

[ 2018-01-17T11:00:43+08:00 ] 127.0.0.1 /index.php/Home/Lk1/j/Public/Home/js/push.js
ERR: 非法操作:j

[ 2018-01-17T11:17:32+08:00 ] 127.0.0.1 /index.php/Home/Lk1/j/Public/Home/js/push.js
ERR: 非法操作:j

[ 2018-01-17T11:17:41+08:00 ] 127.0.0.1 /index.php/Home/Lk1/j/Public/Home/js/push.js
ERR: 非法操作:j

[ 2018-01-17T11:21:02+08:00 ] 127.0.0.1 /index.php/Home/Lk1/j/Public/Home/js/push.js
ERR: 非法操作:j

[ 2018-01-17T11:34:46+08:00 ] 127.0.0.1 /index.php/Home/Lk1/j/Public/Home/js/push.js
ERR: 非法操作:j

[ 2018-01-17T11:34:53+08:00 ] 127.0.0.1 /index.php/Home/Lk1/j/Public/Home/js/push.js
ERR: 非法操作:j

[ 2018-01-17T11:34:58+08:00 ] 127.0.0.1 /index.php/Home/Lk1/j/Public/Home/js/push.js
ERR: 非法操作:j

[ 2018-01-17T11:37:52+08:00 ] 127.0.0.1 /index.php/Home/Lk1/j/Public/Home/js/push.js
ERR: 非法操作:j

[ 2018-01-17T11:53:59+08:00 ] 127.0.0.1 /index.php/Home/Lk1/j/Public/Home/js/push.js
ERR: 非法操作:j

[ 2018-01-17T11:58:04+08:00 ] 127.0.0.1 /index.php/Home/Lk1/j/Public/Home/js/push.js
ERR: 非法操作:j

[ 2018-01-17T14:33:27+08:00 ] 127.0.0.1 /index.php/Home/Lk1/j/Public/Home/js/push.js
ERR: 非法操作:j

[ 2018-01-17T14:33:33+08:00 ] 127.0.0.1 /index.php/Home/Lk1/j/Public/Home/js/push.js
ERR: 非法操作:j

[ 2018-01-17T14:40:32+08:00 ] 127.0.0.1 /index.php/Home/Yanzheng/YanzhenggetVerify/t/%2B%28new+Date%28%29%29.getTime%28%29%2B.html
INFO: [ app_begin ] --START--
INFO: Run Behavior\ReadHtmlCacheBehavior [ RunTime:0.000000s ]
INFO: [ app_begin ] --END-- [ RunTime:0.001000s ]
NOTIC: [8] A session had already been started - ignoring session_start() E:\code\php\lk\TP\Application\Home\Controller\YanzhengController.class.php 第 13 行.
NOTIC: [8] Array to string conversion E:\code\php\lk\TP\Application\Home\Controller\YanzhengController.class.php 第 20 行.
INFO: [ app_end ] --START--
INFO: Run Behavior\ShowPageTraceBehavior [ RunTime:0.001000s ]
INFO: [ app_end ] --END-- [ RunTime:0.001000s ]

[ 2018-01-17T14:40:55+08:00 ] 127.0.0.1 /index.php/Home/Yanzheng/YanzhenggetVerify/t/%2B%28new+Date%28%29%29.getTime%28%29%2B.html
INFO: [ app_begin ] --START--
INFO: Run Behavior\ReadHtmlCacheBehavior [ RunTime:0.001000s ]
INFO: [ app_begin ] --END-- [ RunTime:0.001000s ]
NOTIC: [8] A session had already been started - ignoring session_start() E:\code\php\lk\TP\Application\Home\Controller\YanzhengController.class.php 第 13 行.
NOTIC: [8] Array to string conversion E:\code\php\lk\TP\Application\Home\Controller\YanzhengController.class.php 第 20 行.
INFO: [ app_end ] --START--
INFO: Run Behavior\ShowPageTraceBehavior [ RunTime:0.001000s ]
INFO: [ app_end ] --END-- [ RunTime:0.001000s ]

[ 2018-01-17T14:41:08+08:00 ] 127.0.0.1 /index.php/Home/Yanzheng/YanzhenggetVerify/t/%2B%28new+Date%28%29%29.getTime%28%29%2B.html
INFO: [ app_begin ] --START--
INFO: Run Behavior\ReadHtmlCacheBehavior [ RunTime:0.001000s ]
INFO: [ app_begin ] --END-- [ RunTime:0.001000s ]
NOTIC: [8] A session had already been started - ignoring session_start() E:\code\php\lk\TP\Application\Home\Controller\YanzhengController.class.php 第 13 行.
NOTIC: [8] Array to string conversion E:\code\php\lk\TP\Application\Home\Controller\YanzhengController.class.php 第 20 行.
INFO: [ app_end ] --START--
INFO: Run Behavior\ShowPageTraceBehavior [ RunTime:0.001000s ]
INFO: [ app_end ] --END-- [ RunTime:0.001000s ]

[ 2018-01-17T14:41:09+08:00 ] 127.0.0.1 /index.php/Home/Yanzheng/YanzhenggetVerify/t/%2B%28new+Date%28%29%29.getTime%28%29%2B.html
INFO: [ app_begin ] --START--
INFO: Run Behavior\ReadHtmlCacheBehavior [ RunTime:0.000000s ]
INFO: [ app_begin ] --END-- [ RunTime:0.001000s ]
NOTIC: [8] A session had already been started - ignoring session_start() E:\code\php\lk\TP\Application\Home\Controller\YanzhengController.class.php 第 13 行.
NOTIC: [8] Array to string conversion E:\code\php\lk\TP\Application\Home\Controller\YanzhengController.class.php 第 20 行.
INFO: [ app_end ] --START--
INFO: Run Behavior\ShowPageTraceBehavior [ RunTime:0.000000s ]
INFO: [ app_end ] --END-- [ RunTime:0.000000s ]

[ 2018-01-17T14:41:20+08:00 ] 127.0.0.1 /index.php/Home/Yanzheng/YanzhenggetVerify/t/%2B%28new+Date%28%29%29.getTime%28%29%2B.html
INFO: [ app_begin ] --START--
INFO: Run Behavior\ReadHtmlCacheBehavior [ RunTime:0.000000s ]
INFO: [ app_begin ] --END-- [ RunTime:0.001000s ]
NOTIC: [8] A session had already been started - ignoring session_start() E:\code\php\lk\TP\Application\Home\Controller\YanzhengController.class.php 第 13 行.
NOTIC: [8] Array to string conversion E:\code\php\lk\TP\Application\Home\Controller\YanzhengController.class.php 第 20 行.
INFO: [ app_end ] --START--
INFO: Run Behavior\ShowPageTraceBehavior [ RunTime:0.001000s ]
INFO: [ app_end ] --END-- [ RunTime:0.001000s ]

[ 2018-01-17T14:41:21+08:00 ] 127.0.0.1 /index.php/Home/Yanzheng/YanzhenggetVerify/t/%2B%28new+Date%28%29%29.getTime%28%29%2B.html
INFO: [ app_begin ] --START--
INFO: Run Behavior\ReadHtmlCacheBehavior [ RunTime:0.001000s ]
INFO: [ app_begin ] --END-- [ RunTime:0.001000s ]
NOTIC: [8] A session had already been started - ignoring session_start() E:\code\php\lk\TP\Application\Home\Controller\YanzhengController.class.php 第 13 行.
NOTIC: [8] Array to string conversion E:\code\php\lk\TP\Application\Home\Controller\YanzhengController.class.php 第 20 行.
INFO: [ app_end ] --START--
INFO: Run Behavior\ShowPageTraceBehavior [ RunTime:0.000000s ]
INFO: [ app_end ] --END-- [ RunTime:0.001000s ]

[ 2018-01-17T14:41:22+08:00 ] 127.0.0.1 /index.php/Home/Yanzheng/YanzhenggetVerify/t/%2B%28new+Date%28%29%29.getTime%28%29%2B.html
INFO: [ app_begin ] --START--
INFO: Run Behavior\ReadHtmlCacheBehavior [ RunTime:0.001000s ]
INFO: [ app_begin ] --END-- [ RunTime:0.001000s ]
NOTIC: [8] A session had already been started - ignoring session_start() E:\code\php\lk\TP\Application\Home\Controller\YanzhengController.class.php 第 13 行.
NOTIC: [8] Array to string conversion E:\code\php\lk\TP\Application\Home\Controller\YanzhengController.class.php 第 20 行.
INFO: [ app_end ] --START--
INFO: Run Behavior\ShowPageTraceBehavior [ RunTime:0.000000s ]
INFO: [ app_end ] --END-- [ RunTime:0.001000s ]

[ 2018-01-17T14:41:23+08:00 ] 127.0.0.1 /index.php/Home/Yanzheng/YanzhenggetVerify/t/%2B%28new+Date%28%29%29.getTime%28%29%2B.html
INFO: [ app_begin ] --START--
INFO: Run Behavior\ReadHtmlCacheBehavior [ RunTime:0.004000s ]
INFO: [ app_begin ] --END-- [ RunTime:0.004000s ]
NOTIC: [8] A session had already been started - ignoring session_start() E:\code\php\lk\TP\Application\Home\Controller\YanzhengController.class.php 第 13 行.
NOTIC: [8] Array to string conversion E:\code\php\lk\TP\Application\Home\Controller\YanzhengController.class.php 第 20 行.
INFO: [ app_end ] --START--
INFO: Run Behavior\ShowPageTraceBehavior [ RunTime:0.000000s ]
INFO: [ app_end ] --END-- [ RunTime:0.000000s ]

[ 2018-01-17T14:41:23+08:00 ] 127.0.0.1 /index.php/Home/Yanzheng/YanzhenggetVerify/t/%2B%28new+Date%28%29%29.getTime%28%29%2B.html
INFO: [ app_begin ] --START--
INFO: Run Behavior\ReadHtmlCacheBehavior [ RunTime:0.001000s ]
INFO: [ app_begin ] --END-- [ RunTime:0.003000s ]
NOTIC: [8] A session had already been started - ignoring session_start() E:\code\php\lk\TP\Application\Home\Controller\YanzhengController.class.php 第 13 行.
NOTIC: [8] Array to string conversion E:\code\php\lk\TP\Application\Home\Controller\YanzhengController.class.php 第 20 行.
INFO: [ app_end ] --START--
INFO: Run Behavior\ShowPageTraceBehavior [ RunTime:0.000000s ]
INFO: [ app_end ] --END-- [ RunTime:0.001000s ]

[ 2018-01-17T14:41:24+08:00 ] 127.0.0.1 /index.php/Home/Yanzheng/YanzhenggetVerify/t/%2B%28new+Date%28%29%29.getTime%28%29%2B.html
INFO: [ app_begin ] --START--
INFO: Run Behavior\ReadHtmlCacheBehavior [ RunTime:0.001000s ]
INFO: [ app_begin ] --END-- [ RunTime:0.001000s ]
NOTIC: [8] A session had already been started - ignoring session_start() E:\code\php\lk\TP\Application\Home\Controller\YanzhengController.class.php 第 13 行.
NOTIC: [8] Array to string conversion E:\code\php\lk\TP\Application\Home\Controller\YanzhengController.class.php 第 20 行.
INFO: [ app_end ] --START--
INFO: Run Behavior\ShowPageTraceBehavior [ RunTime:0.000000s ]
INFO: [ app_end ] --END-- [ RunTime:0.001000s ]

[ 2018-01-17T14:41:25+08:00 ] 127.0.0.1 /index.php/Home/Yanzheng/YanzhenggetVerify/t/%2B%28new+Date%28%29%29.getTime%28%29%2B.html
INFO: [ app_begin ] --START--
INFO: Run Behavior\ReadHtmlCacheBehavior [ RunTime:0.001000s ]
INFO: [ app_begin ] --END-- [ RunTime:0.001000s ]
NOTIC: [8] A session had already been started - ignoring session_start() E:\code\php\lk\TP\Application\Home\Controller\YanzhengController.class.php 第 13 行.
NOTIC: [8] Array to string conversion E:\code\php\lk\TP\Application\Home\Controller\YanzhengController.class.php 第 20 行.
INFO: [ app_end ] --START--
INFO: Run Behavior\ShowPageTraceBehavior [ RunTime:0.001000s ]
INFO: [ app_end ] --END-- [ RunTime:0.001000s ]

[ 2018-01-17T14:41:25+08:00 ] 127.0.0.1 /index.php/Home/Yanzheng/YanzhenggetVerify/t/%2B%28new+Date%28%29%29.getTime%28%29%2B.html
INFO: [ app_begin ] --START--
INFO: Run Behavior\ReadHtmlCacheBehavior [ RunTime:0.000000s ]
INFO: [ app_begin ] --END-- [ RunTime:0.001000s ]
NOTIC: [8] A session had already been started - ignoring session_start() E:\code\php\lk\TP\Application\Home\Controller\YanzhengController.class.php 第 13 行.
NOTIC: [8] Array to string conversion E:\code\php\lk\TP\Application\Home\Controller\YanzhengController.class.php 第 20 行.
INFO: [ app_end ] --START--
INFO: Run Behavior\ShowPageTraceBehavior [ RunTime:0.001000s ]
INFO: [ app_end ] --END-- [ RunTime:0.001000s ]

[ 2018-01-17T14:41:26+08:00 ] 127.0.0.1 /index.php/Home/Yanzheng/YanzhenggetVerify/t/%2B%28new+Date%28%29%29.getTime%28%29%2B.html
INFO: [ app_begin ] --START--
INFO: Run Behavior\ReadHtmlCacheBehavior [ RunTime:0.001000s ]
INFO: [ app_begin ] --END-- [ RunTime:0.002000s ]
NOTIC: [8] A session had already been started - ignoring session_start() E:\code\php\lk\TP\Application\Home\Controller\YanzhengController.class.php 第 13 行.
NOTIC: [8] Array to string conversion E:\code\php\lk\TP\Application\Home\Controller\YanzhengController.class.php 第 20 行.
INFO: [ app_end ] --START--
INFO: Run Behavior\ShowPageTraceBehavior [ RunTime:0.000000s ]
INFO: [ app_end ] --END-- [ RunTime:0.001000s ]

[ 2018-01-17T14:41:27+08:00 ] 127.0.0.1 /index.php/Home/Yanzheng/YanzhenggetVerify/t/%2B%28new+Date%28%29%29.getTime%28%29%2B.html
INFO: [ app_begin ] --START--
INFO: Run Behavior\ReadHtmlCacheBehavior [ RunTime:0.001000s ]
INFO: [ app_begin ] --END-- [ RunTime:0.001000s ]
NOTIC: [8] A session had already been started - ignoring session_start() E:\code\php\lk\TP\Application\Home\Controller\YanzhengController.class.php 第 13 行.
NOTIC: [8] Array to string conversion E:\code\php\lk\TP\Application\Home\Controller\YanzhengController.class.php 第 20 行.
INFO: [ app_end ] --START--
INFO: Run Behavior\ShowPageTraceBehavior [ RunTime:0.000000s ]
INFO: [ app_end ] --END-- [ RunTime:0.000000s ]

[ 2018-01-17T14:41:27+08:00 ] 127.0.0.1 /index.php/Home/Yanzheng/YanzhenggetVerify/t/%2B%28new+Date%28%29%29.getTime%28%29%2B.html
INFO: [ app_begin ] --START--
INFO: Run Behavior\ReadHtmlCacheBehavior [ RunTime:0.001000s ]
INFO: [ app_begin ] --END-- [ RunTime:0.001000s ]
NOTIC: [8] A session had already been started - ignoring session_start() E:\code\php\lk\TP\Application\Home\Controller\YanzhengController.class.php 第 13 行.
NOTIC: [8] Array to string conversion E:\code\php\lk\TP\Application\Home\Controller\YanzhengController.class.php 第 20 行.
INFO: [ app_end ] --START--
INFO: Run Behavior\ShowPageTraceBehavior [ RunTime:0.000000s ]
INFO: [ app_end ] --END-- [ RunTime:0.001000s ]

[ 2018-01-17T14:41:28+08:00 ] 127.0.0.1 /index.php/Home/Yanzheng/YanzhenggetVerify/t/%2B%28new+Date%28%29%29.getTime%28%29%2B.html
INFO: [ app_begin ] --START--
INFO: Run Behavior\ReadHtmlCacheBehavior [ RunTime:0.000000s ]
INFO: [ app_begin ] --END-- [ RunTime:0.000000s ]
NOTIC: [8] A session had already been started - ignoring session_start() E:\code\php\lk\TP\Application\Home\Controller\YanzhengController.class.php 第 13 行.
NOTIC: [8] Array to string conversion E:\code\php\lk\TP\Application\Home\Controller\YanzhengController.class.php 第 20 行.
INFO: [ app_end ] --START--
INFO: Run Behavior\ShowPageTraceBehavior [ RunTime:0.001000s ]
INFO: [ app_end ] --END-- [ RunTime:0.001000s ]

[ 2018-01-17T14:41:28+08:00 ] 127.0.0.1 /index.php/Home/Yanzheng/YanzhenggetVerify/t/%2B%28new+Date%28%29%29.getTime%28%29%2B.html
INFO: [ app_begin ] --START--
INFO: Run Behavior\ReadHtmlCacheBehavior [ RunTime:0.001000s ]
INFO: [ app_begin ] --END-- [ RunTime:0.001000s ]
NOTIC: [8] A session had already been started - ignoring session_start() E:\code\php\lk\TP\Application\Home\Controller\YanzhengController.class.php 第 13 行.
NOTIC: [8] Array to string conversion E:\code\php\lk\TP\Application\Home\Controller\YanzhengController.class.php 第 20 行.
INFO: [ app_end ] --START--
INFO: Run Behavior\ShowPageTraceBehavior [ RunTime:0.000000s ]
INFO: [ app_end ] --END-- [ RunTime:0.000000s ]

[ 2018-01-17T14:41:29+08:00 ] 127.0.0.1 /index.php/Home/Yanzheng/YanzhenggetVerify/t/%2B%28new+Date%28%29%29.getTime%28%29%2B.html
INFO: [ app_begin ] --START--
INFO: Run Behavior\ReadHtmlCacheBehavior [ RunTime:0.001000s ]
INFO: [ app_begin ] --END-- [ RunTime:0.002000s ]
NOTIC: [8] A session had already been started - ignoring session_start() E:\code\php\lk\TP\Application\Home\Controller\YanzhengController.class.php 第 13 行.
NOTIC: [8] Array to string conversion E:\code\php\lk\TP\Application\Home\Controller\YanzhengController.class.php 第 20 行.
INFO: [ app_end ] --START--
INFO: Run Behavior\ShowPageTraceBehavior [ RunTime:0.002000s ]
INFO: [ app_end ] --END-- [ RunTime:0.002000s ]

[ 2018-01-17T14:41:31+08:00 ] 127.0.0.1 /index.php/Home/Yanzheng/YanzhenggetVerify/t/%2B%28new+Date%28%29%29.getTime%28%29%2B.html
INFO: [ app_begin ] --START--
INFO: Run Behavior\ReadHtmlCacheBehavior [ RunTime:0.001000s ]
INFO: [ app_begin ] --END-- [ RunTime:0.001000s ]
NOTIC: [8] A session had already been started - ignoring session_start() E:\code\php\lk\TP\Application\Home\Controller\YanzhengController.class.php 第 13 行.
NOTIC: [8] Array to string conversion E:\code\php\lk\TP\Application\Home\Controller\YanzhengController.class.php 第 20 行.
INFO: [ app_end ] --START--
INFO: Run Behavior\ShowPageTraceBehavior [ RunTime:0.000000s ]
INFO: [ app_end ] --END-- [ RunTime:0.000000s ]

[ 2018-01-17T14:41:32+08:00 ] 127.0.0.1 /index.php/Home/Yanzheng/YanzhenggetVerify/t/%2B%28new+Date%28%29%29.getTime%28%29%2B.html
INFO: [ app_begin ] --START--
INFO: Run Behavior\ReadHtmlCacheBehavior [ RunTime:0.000000s ]
INFO: [ app_begin ] --END-- [ RunTime:0.000000s ]
NOTIC: [8] A session had already been started - ignoring session_start() E:\code\php\lk\TP\Application\Home\Controller\YanzhengController.class.php 第 13 行.
NOTIC: [8] Array to string conversion E:\code\php\lk\TP\Application\Home\Controller\YanzhengController.class.php 第 20 行.
INFO: [ app_end ] --START--
INFO: Run Behavior\ShowPageTraceBehavior [ RunTime:0.000000s ]
INFO: [ app_end ] --END-- [ RunTime:0.000000s ]

[ 2018-01-17T14:41:33+08:00 ] 127.0.0.1 /index.php/Home/Yanzheng/YanzhenggetVerify/t/%2B%28new+Date%28%29%29.getTime%28%29%2B.html
INFO: [ app_begin ] --START--
INFO: Run Behavior\ReadHtmlCacheBehavior [ RunTime:0.001000s ]
INFO: [ app_begin ] --END-- [ RunTime:0.001000s ]
NOTIC: [8] A session had already been started - ignoring session_start() E:\code\php\lk\TP\Application\Home\Controller\YanzhengController.class.php 第 13 行.
NOTIC: [8] Array to string conversion E:\code\php\lk\TP\Application\Home\Controller\YanzhengController.class.php 第 20 行.
INFO: [ app_end ] --START--
INFO: Run Behavior\ShowPageTraceBehavior [ RunTime:0.000000s ]
INFO: [ app_end ] --END-- [ RunTime:0.001000s ]

[ 2018-01-17T14:41:33+08:00 ] 127.0.0.1 /index.php/Home/Yanzheng/YanzhenggetVerify/t/%2B%28new+Date%28%29%29.getTime%28%29%2B.html
INFO: [ app_begin ] --START--
INFO: Run Behavior\ReadHtmlCacheBehavior [ RunTime:0.000000s ]
INFO: [ app_begin ] --END-- [ RunTime:0.001000s ]
NOTIC: [8] A session had already been started - ignoring session_start() E:\code\php\lk\TP\Application\Home\Controller\YanzhengController.class.php 第 13 行.
NOTIC: [8] Array to string conversion E:\code\php\lk\TP\Application\Home\Controller\YanzhengController.class.php 第 20 行.
INFO: [ app_end ] --START--
INFO: Run Behavior\ShowPageTraceBehavior [ RunTime:0.000000s ]
INFO: [ app_end ] --END-- [ RunTime:0.000000s ]

[ 2018-01-17T14:54:27+08:00 ] 127.0.0.1 /index.php/Home/Lk1/j/Public/Home/js/push.js
ERR: 非法操作:j

[ 2018-01-17T15:38:10+08:00 ] 127.0.0.1 /index.php/Home/Lk1/j/Public/Home/js/push.js
ERR: 非法操作:j

[ 2018-01-17T15:38:16+08:00 ] 127.0.0.1 /index.php/Home/Yanzheng/YanzhenggetVerify/t/%2B%28new+Date%28%29%29.getTime%28%29%2B.html
INFO: [ app_begin ] --START--
INFO: Run Behavior\ReadHtmlCacheBehavior [ RunTime:0.000000s ]
INFO: [ app_begin ] --END-- [ RunTime:0.000000s ]
NOTIC: [8] A session had already been started - ignoring session_start() E:\code\php\lk\TP\Application\Home\Controller\YanzhengController.class.php 第 13 行.
NOTIC: [8] Array to string conversion E:\code\php\lk\TP\Application\Home\Controller\YanzhengController.class.php 第 20 行.
INFO: [ app_end ] --START--
INFO: Run Behavior\ShowPageTraceBehavior [ RunTime:0.001000s ]
INFO: [ app_end ] --END-- [ RunTime:0.001000s ]

[ 2018-01-17T15:38:37+08:00 ] 127.0.0.1 /index.php/Home/Yanzheng/YanzhenggetVerify/t/%2B%28new+Date%28%29%29.getTime%28%29%2B.html
INFO: [ app_begin ] --START--
INFO: Run Behavior\ReadHtmlCacheBehavior [ RunTime:0.001000s ]
INFO: [ app_begin ] --END-- [ RunTime:0.001000s ]
NOTIC: [8] A session had already been started - ignoring session_start() E:\code\php\lk\TP\Application\Home\Controller\YanzhengController.class.php 第 13 行.
NOTIC: [8] Array to string conversion E:\code\php\lk\TP\Application\Home\Controller\YanzhengController.class.php 第 20 行.
INFO: [ app_end ] --START--
INFO: Run Behavior\ShowPageTraceBehavior [ RunTime:0.000000s ]
INFO: [ app_end ] --END-- [ RunTime:0.000000s ]

[ 2018-01-17T15:38:54+08:00 ] 127.0.0.1 /index.php/Home/index/activity_person.html
ERR: 1054:Unknown column 'Array' in 'where clause'
 [ SQL语句 ] : SELECT * FROM `jxc_activity` WHERE ( member_id=Array ) 

[ 2018-01-17T15:48:48+08:00 ] 127.0.0.1 /index.php/Home/index/activity_person.html
ERR: 1054:Unknown column 'Array' in 'where clause'
 [ SQL语句 ] : SELECT * FROM `jxc_activity` WHERE ( member_id=Array ) 

[ 2018-01-17T15:48:51+08:00 ] 127.0.0.1 /index.php/Home/Yanzheng/YanzhenggetVerify/t/%2B%28new+Date%28%29%29.getTime%28%29%2B.html
INFO: [ app_begin ] --START--
INFO: Run Behavior\ReadHtmlCacheBehavior [ RunTime:0.001000s ]
INFO: [ app_begin ] --END-- [ RunTime:0.001000s ]
NOTIC: [8] A session had already been started - ignoring session_start() E:\code\php\lk\TP\Application\Home\Controller\YanzhengController.class.php 第 13 行.
NOTIC: [8] Array to string conversion E:\code\php\lk\TP\Application\Home\Controller\YanzhengController.class.php 第 20 行.
INFO: [ app_end ] --START--
INFO: Run Behavior\ShowPageTraceBehavior [ RunTime:0.001000s ]
INFO: [ app_end ] --END-- [ RunTime:0.002000s ]

[ 2018-01-17T15:48:52+08:00 ] 127.0.0.1 /index.php/Home/Lk1/j/Public/Home/js/push.js
ERR: 非法操作:j

